<?xml version="1.0" encoding="UTF-8"?>
<testsuite xmlns:xsi="http://www.w3.org/2001/XMLSchema-instance" xsi:noNamespaceSchemaLocation="https://maven.apache.org/surefire/maven-surefire-plugin/xsd/surefire-test-report-3.0.xsd" version="3.0" name="com.schedule.controller.ScheduleControllerTest" time="3.472" tests="3" errors="0" skipped="0" failures="0">
  <properties>
[...]
</properties>
  <testcase name="testUpdateSchedule" classname="com.schedule.controller.ScheduleControllerTest" time="0.067">
    <system-out><![CDATA[2025-05-13T22:42:54.424-05:00 DEBUG 92217 --- [           main] .b.t.c.SpringBootTestContextBootstrapper : Neither @ContextConfiguration nor @ContextHierarchy found for test class [ScheduleControllerTest]: using SpringBootContextLoader
2025-05-13T22:42:54.425-05:00 DEBUG 92217 --- [           main] o.s.t.c.support.AbstractContextLoader    : Could not detect default resource locations for test class [com.schedule.controller.ScheduleControllerTest]: no resource found for suffixes {-context.xml, Context.groovy}.
2025-05-13T22:42:54.425-05:00  INFO 92217 --- [           main] t.c.s.AnnotationConfigContextLoaderUtils : Could not detect default configuration classes for test class [com.schedule.controller.ScheduleControllerTest]: ScheduleControllerTest does not declare any static, non-private, non-final, nested classes annotated with @Configuration.
2025-05-13T22:42:54.440-05:00 DEBUG 92217 --- [           main] .b.t.c.SpringBootTestContextBootstrapper : Using ContextCustomizers for test class [ScheduleControllerTest]: [ImportsContextCustomizer, ExcludeFilterContextCustomizer, DuplicateJsonObjectContextCustomizer, MockitoContextCustomizer, TestRestTemplateContextCustomizer, DisableObservabilityContextCustomizer, PropertyMappingContextCustomizer, WebDriverContextCustomizer]
2025-05-13T22:42:54.440-05:00  INFO 92217 --- [           main] .b.t.c.SpringBootTestContextBootstrapper : Found @SpringBootConfiguration com.schedule.ScheduleApplication for test class com.schedule.controller.ScheduleControllerTest
2025-05-13T22:42:54.444-05:00 DEBUG 92217 --- [           main] .s.t.c.u.TestContextSpringFactoriesUtils : Skipping candidate TestExecutionListener [org.springframework.test.context.observation.MicrometerObservationRegistryTestExecutionListener] due to a missing dependency. Specify custom TestExecutionListener classes or make the default TestExecutionListener classes and their required dependencies available. Offending class: io.micrometer.context.ThreadLocalAccessor. MicrometerObservationRegistryTestExecutionListener requires io.micrometer:micrometer-observation:1.10.8 or higher and io.micrometer:context-propagation:1.0.3 or higher.
2025-05-13T22:42:54.445-05:00 DEBUG 92217 --- [           main] .b.t.c.SpringBootTestContextBootstrapper : Using TestExecutionListeners for test class [ScheduleControllerTest]: [ServletTestExecutionListener, DirtiesContextBeforeModesTestExecutionListener, ApplicationEventsTestExecutionListener, MockitoTestExecutionListener, DependencyInjectionTestExecutionListener, DirtiesContextTestExecutionListener, TransactionalTestExecutionListener, SqlScriptsTestExecutionListener, EventPublishingTestExecutionListener, WithSecurityContextTestExecutionListener, ReactorContextTestExecutionListener, ResetMocksTestExecutionListener, RestDocsTestExecutionListener, MockRestServiceServerResetTestExecutionListener, MockMvcPrintOnlyOnFailureTestExecutionListener, WebDriverTestExecutionListener, MockWebServiceServerTestExecutionListener]
2025-05-13T22:42:54.445-05:00 DEBUG 92217 --- [           main] sContextBeforeModesTestExecutionListener : Before test class: class [ScheduleControllerTest], class annotated with @DirtiesContext [false] with mode [null]
2025-05-13T22:42:54.490-05:00 DEBUG 92217 --- [           main] .s.b.w.s.c.ApplicationServletEnvironment : Activating profiles []

  .   ____          _            __ _ _
 /\\ / ___'_ __ _ _(_)_ __  __ _ \ \ \ \
( ( )\___ | '_ | '_| | '_ \/ _` | \ \ \ \
 \\/  ___)| |_)| | | | | || (_| |  ) ) ) )
  '  |____| .__|_| |_|_| |_\__, | / / / /
 =========|_|==============|___/=/_/_/_/
 :: Spring Boot ::                (v3.1.5)

2025-05-13T22:42:54.500-05:00  INFO 92217 --- [           main] c.s.controller.ScheduleControllerTest    : Starting ScheduleControllerTest using Java 17.0.14 with PID 92217 (started by linhdo in /Users/linhdo/IdeaProjects/d424-software-engineering-capstone)
2025-05-13T22:42:54.501-05:00 DEBUG 92217 --- [           main] c.s.controller.ScheduleControllerTest    : Running with Spring Boot v3.1.5, Spring v6.0.13
2025-05-13T22:42:54.501-05:00  INFO 92217 --- [           main] c.s.controller.ScheduleControllerTest    : No active profile set, falling back to 1 default profile: "default"
2025-05-13T22:42:54.501-05:00 DEBUG 92217 --- [           main] o.s.boot.SpringApplication               : Loading source class com.schedule.ScheduleApplication
2025-05-13T22:42:54.504-05:00 DEBUG 92217 --- [           main] o.s.w.c.s.GenericWebApplicationContext   : Refreshing org.springframework.web.context.support.GenericWebApplicationContext@a7240fe
2025-05-13T22:42:54.504-05:00 DEBUG 92217 --- [           main] o.s.b.f.s.DefaultListableBeanFactory     : Creating shared instance of singleton bean 'org.springframework.context.annotation.internalConfigurationAnnotationProcessor'
2025-05-13T22:42:54.505-05:00 DEBUG 92217 --- [           main] o.s.b.f.s.DefaultListableBeanFactory     : Creating shared instance of singleton bean 'org.springframework.boot.autoconfigure.internalCachingMetadataReaderFactory'
2025-05-13T22:42:54.526-05:00 DEBUG 92217 --- [           main] o.s.c.a.ClassPathBeanDefinitionScanner   : Identified candidate component class: file [/Users/linhdo/IdeaProjects/d424-software-engineering-capstone/target/classes/com/schedule/controller/AdminController.class]
2025-05-13T22:42:54.527-05:00 DEBUG 92217 --- [           main] o.s.c.a.ClassPathBeanDefinitionScanner   : Identified candidate component class: file [/Users/linhdo/IdeaProjects/d424-software-engineering-capstone/target/classes/com/schedule/controller/AuthController.class]
2025-05-13T22:42:54.528-05:00 DEBUG 92217 --- [           main] o.s.c.a.ClassPathBeanDefinitionScanner   : Identified candidate component class: file [/Users/linhdo/IdeaProjects/d424-software-engineering-capstone/target/classes/com/schedule/controller/DashboardController.class]
2025-05-13T22:42:54.529-05:00 DEBUG 92217 --- [           main] o.s.c.a.ClassPathBeanDefinitionScanner   : Identified candidate component class: file [/Users/linhdo/IdeaProjects/d424-software-engineering-capstone/target/classes/com/schedule/controller/GlobalModelAttributes.class]
2025-05-13T22:42:54.530-05:00 DEBUG 92217 --- [           main] o.s.c.a.ClassPathBeanDefinitionScanner   : Identified candidate component class: file [/Users/linhdo/IdeaProjects/d424-software-engineering-capstone/target/classes/com/schedule/controller/ReportController.class]
2025-05-13T22:42:54.532-05:00 DEBUG 92217 --- [           main] o.s.c.a.ClassPathBeanDefinitionScanner   : Identified candidate component class: file [/Users/linhdo/IdeaProjects/d424-software-engineering-capstone/target/classes/com/schedule/controller/ScheduleController.class]
2025-05-13T22:42:54.533-05:00 DEBUG 92217 --- [           main] o.s.c.a.ClassPathBeanDefinitionScanner   : Identified candidate component class: file [/Users/linhdo/IdeaProjects/d424-software-engineering-capstone/target/classes/com/schedule/controller/TaskController.class]
2025-05-13T22:42:54.534-05:00 DEBUG 92217 --- [           main] o.s.c.a.ClassPathBeanDefinitionScanner   : Identified candidate component class: file [/Users/linhdo/IdeaProjects/d424-software-engineering-capstone/target/classes/com/schedule/controller/UserController.class]
2025-05-13T22:42:54.542-05:00 DEBUG 92217 --- [           main] o.s.c.a.ClassPathBeanDefinitionScanner   : Ignored because not a concrete top-level class: file [/Users/linhdo/IdeaProjects/d424-software-engineering-capstone/target/classes/com/schedule/repository/ScheduleRepository.class]
2025-05-13T22:42:54.542-05:00 DEBUG 92217 --- [           main] o.s.c.a.ClassPathBeanDefinitionScanner   : Ignored because not a concrete top-level class: file [/Users/linhdo/IdeaProjects/d424-software-engineering-capstone/target/classes/com/schedule/repository/TaskRepository.class]
2025-05-13T22:42:54.548-05:00 DEBUG 92217 --- [           main] o.s.c.a.ClassPathBeanDefinitionScanner   : Identified candidate component class: file [/Users/linhdo/IdeaProjects/d424-software-engineering-capstone/target/classes/com/schedule/security/BeanInspector.class]
2025-05-13T22:42:54.549-05:00 DEBUG 92217 --- [           main] o.s.c.a.ClassPathBeanDefinitionScanner   : Identified candidate component class: file [/Users/linhdo/IdeaProjects/d424-software-engineering-capstone/target/classes/com/schedule/security/CustomAuthenticationSuccessHandler.class]
2025-05-13T22:42:54.550-05:00 DEBUG 92217 --- [           main] o.s.c.a.ClassPathBeanDefinitionScanner   : Identified candidate component class: file [/Users/linhdo/IdeaProjects/d424-software-engineering-capstone/target/classes/com/schedule/security/CustomerDetailsService.class]
2025-05-13T22:42:54.551-05:00 DEBUG 92217 --- [           main] o.s.c.a.ClassPathBeanDefinitionScanner   : Identified candidate component class: file [/Users/linhdo/IdeaProjects/d424-software-engineering-capstone/target/classes/com/schedule/security/WebSecurityConfig.class]
2025-05-13T22:42:54.552-05:00 DEBUG 92217 --- [           main] o.s.c.a.ClassPathBeanDefinitionScanner   : Identified candidate component class: file [/Users/linhdo/IdeaProjects/d424-software-engineering-capstone/target/classes/com/schedule/service/EmailService.class]
2025-05-13T22:42:54.553-05:00 DEBUG 92217 --- [           main] o.s.c.a.ClassPathBeanDefinitionScanner   : Identified candidate component class: file [/Users/linhdo/IdeaProjects/d424-software-engineering-capstone/target/classes/com/schedule/service/ScheduleService.class]
2025-05-13T22:42:54.556-05:00 DEBUG 92217 --- [           main] o.s.c.a.ClassPathBeanDefinitionScanner   : Identified candidate component class: file [/Users/linhdo/IdeaProjects/d424-software-engineering-capstone/target/classes/com/schedule/service/TaskService.class]
2025-05-13T22:42:54.557-05:00 DEBUG 92217 --- [           main] o.s.c.a.ClassPathBeanDefinitionScanner   : Identified candidate component class: file [/Users/linhdo/IdeaProjects/d424-software-engineering-capstone/target/classes/com/schedule/service/UserService.class]
2025-05-13T22:42:55.155-05:00  INFO 92217 --- [           main] .s.d.r.c.RepositoryConfigurationDelegate : Bootstrapping Spring Data JPA repositories in DEFAULT mode.
2025-05-13T22:42:55.155-05:00 DEBUG 92217 --- [           main] o.s.b.f.s.DefaultListableBeanFactory     : Creating shared instance of singleton bean 'org.springframework.boot.autoconfigure.AutoConfigurationPackages'
2025-05-13T22:42:55.156-05:00 DEBUG 92217 --- [           main] o.s.b.a.AutoConfigurationPackages        : @EnableAutoConfiguration was declared on a class in the package 'com.schedule'. Automatic @Repository and @Entity scanning is enabled.
2025-05-13T22:42:55.156-05:00 DEBUG 92217 --- [           main] .s.d.r.c.RepositoryConfigurationDelegate : Scanning for JPA repositories in packages com.schedule.
2025-05-13T22:42:55.159-05:00 DEBUG 92217 --- [           main] o.s.d.r.c.RepositoryComponentProvider    : Identified candidate component class: file [/Users/linhdo/IdeaProjects/d424-software-engineering-capstone/target/classes/com/schedule/repository/ScheduleRepository.class]
2025-05-13T22:42:55.159-05:00 DEBUG 92217 --- [           main] o.s.d.r.c.RepositoryComponentProvider    : Identified candidate component class: file [/Users/linhdo/IdeaProjects/d424-software-engineering-capstone/target/classes/com/schedule/repository/TaskRepository.class]
2025-05-13T22:42:55.159-05:00 DEBUG 92217 --- [           main] o.s.d.r.c.RepositoryComponentProvider    : Identified candidate component class: file [/Users/linhdo/IdeaProjects/d424-software-engineering-capstone/target/classes/com/schedule/repository/UserRepository.class]
2025-05-13T22:42:55.166-05:00  INFO 92217 --- [           main] .s.d.r.c.RepositoryConfigurationDelegate : Finished Spring Data repository scanning in 10 ms. Found 3 JPA repository interfaces.
2025-05-13T22:42:55.229-05:00 DEBUG 92217 --- [           main] o.s.b.f.s.DefaultListableBeanFactory     : Creating shared instance of singleton bean 'org.springframework.boot.test.context.ImportsContextCustomizer$ImportsCleanupPostProcessor'
2025-05-13T22:42:55.234-05:00 DEBUG 92217 --- [           main] o.s.b.f.s.DefaultListableBeanFactory     : Creating shared instance of singleton bean 'propertySourcesPlaceholderConfigurer'
2025-05-13T22:42:55.236-05:00 DEBUG 92217 --- [           main] o.s.b.f.s.DefaultListableBeanFactory     : Creating shared instance of singleton bean 'org.springframework.boot.test.mock.mockito.MockitoPostProcessor'
2025-05-13T22:42:55.239-05:00 DEBUG 92217 --- [           main] o.s.b.f.s.DefaultListableBeanFactory     : Creating shared instance of singleton bean 'emBeanDefinitionRegistrarPostProcessor'
2025-05-13T22:42:55.239-05:00 DEBUG 92217 --- [           main] o.s.b.f.s.DefaultListableBeanFactory     : Creating shared instance of singleton bean 'org.springframework.boot.sql.init.dependency.DatabaseInitializationDependencyConfigurer$DependsOnDatabaseInitializationPostProcessor'
2025-05-13T22:42:55.258-05:00 DEBUG 92217 --- [           main] o.s.b.f.s.DefaultListableBeanFactory     : Creating shared instance of singleton bean 'org.springframework.context.event.internalEventListenerProcessor'
2025-05-13T22:42:55.258-05:00 DEBUG 92217 --- [           main] o.s.b.f.s.DefaultListableBeanFactory     : Creating shared instance of singleton bean 'preserveErrorControllerTargetClassPostProcessor'
2025-05-13T22:42:55.258-05:00 DEBUG 92217 --- [           main] o.s.b.f.s.DefaultListableBeanFactory     : Creating shared instance of singleton bean 'conversionServicePostProcessor'
2025-05-13T22:42:55.259-05:00 DEBUG 92217 --- [           main] o.s.b.f.s.DefaultListableBeanFactory     : Creating shared instance of singleton bean 'org.springframework.context.event.internalEventListenerFactory'
2025-05-13T22:42:55.259-05:00 DEBUG 92217 --- [           main] o.s.b.f.s.DefaultListableBeanFactory     : Creating shared instance of singleton bean 'org.springframework.transaction.config.internalTransactionalEventListenerFactory'
2025-05-13T22:42:55.261-05:00 DEBUG 92217 --- [           main] o.s.b.f.s.DefaultListableBeanFactory     : Creating shared instance of singleton bean 'org.springframework.context.annotation.internalAutowiredAnnotationProcessor'
2025-05-13T22:42:55.262-05:00 DEBUG 92217 --- [           main] o.s.b.f.s.DefaultListableBeanFactory     : Creating shared instance of singleton bean 'org.springframework.context.annotation.internalCommonAnnotationProcessor'
2025-05-13T22:42:55.263-05:00 DEBUG 92217 --- [           main] o.s.b.f.s.DefaultListableBeanFactory     : Creating shared instance of singleton bean 'org.springframework.context.annotation.internalPersistenceAnnotationProcessor'
2025-05-13T22:42:55.263-05:00 DEBUG 92217 --- [           main] o.s.b.f.s.DefaultListableBeanFactory     : Creating shared instance of singleton bean 'org.springframework.boot.test.mock.mockito.MockitoPostProcessor$SpyPostProcessor'
2025-05-13T22:42:55.264-05:00 DEBUG 92217 --- [           main] o.s.b.f.s.DefaultListableBeanFactory     : Creating shared instance of singleton bean 'org.springframework.boot.context.properties.ConfigurationPropertiesBindingPostProcessor'
2025-05-13T22:42:55.264-05:00 DEBUG 92217 --- [           main] o.s.b.f.s.DefaultListableBeanFactory     : Creating shared instance of singleton bean 'org.springframework.boot.context.internalConfigurationPropertiesBinder'
2025-05-13T22:42:55.265-05:00 DEBUG 92217 --- [           main] o.s.b.f.s.DefaultListableBeanFactory     : Creating shared instance of singleton bean 'jdbcConnectionDetailsHikariBeanPostProcessor'
2025-05-13T22:42:55.266-05:00 DEBUG 92217 --- [           main] o.s.b.f.s.DefaultListableBeanFactory     : Creating shared instance of singleton bean 'methodValidationPostProcessor'
2025-05-13T22:42:55.270-05:00 DEBUG 92217 --- [           main] o.s.b.f.s.DefaultListableBeanFactory     : Autowiring by type from bean name 'methodValidationPostProcessor' via factory method to bean named 'environment'
2025-05-13T22:42:55.272-05:00 DEBUG 92217 --- [           main] o.s.b.f.s.DefaultListableBeanFactory     : Creating shared instance of singleton bean 'org.springframework.boot.context.properties.EnableConfigurationPropertiesRegistrar.methodValidationExcludeFilter'
2025-05-13T22:42:55.274-05:00 DEBUG 92217 --- [           main] o.s.b.f.s.DefaultListableBeanFactory     : Creating shared instance of singleton bean 'org.springframework.aop.config.internalAutoProxyCreator'
2025-05-13T22:42:55.276-05:00 DEBUG 92217 --- [           main] o.s.b.f.s.DefaultListableBeanFactory     : Creating shared instance of singleton bean 'persistenceExceptionTranslationPostProcessor'
2025-05-13T22:42:55.277-05:00 DEBUG 92217 --- [           main] o.s.b.f.s.DefaultListableBeanFactory     : Autowiring by type from bean name 'persistenceExceptionTranslationPostProcessor' via factory method to bean named 'environment'
2025-05-13T22:42:55.278-05:00 DEBUG 92217 --- [           main] o.s.b.f.s.DefaultListableBeanFactory     : Creating shared instance of singleton bean 'webServerFactoryCustomizerBeanPostProcessor'
2025-05-13T22:42:55.278-05:00 DEBUG 92217 --- [           main] o.s.b.f.s.DefaultListableBeanFactory     : Creating shared instance of singleton bean 'errorPageRegistrarBeanPostProcessor'
2025-05-13T22:42:55.279-05:00 DEBUG 92217 --- [           main] o.s.b.f.s.DefaultListableBeanFactory     : Creating shared instance of singleton bean 'healthEndpointGroupsBeanPostProcessor'
2025-05-13T22:42:55.280-05:00 DEBUG 92217 --- [           main] o.s.b.f.s.DefaultListableBeanFactory     : Creating shared instance of singleton bean 'org.springframework.transaction.config.internalTransactionAdvisor'
2025-05-13T22:42:55.280-05:00 DEBUG 92217 --- [           main] o.s.b.f.s.DefaultListableBeanFactory     : Creating shared instance of singleton bean 'org.springframework.transaction.annotation.ProxyTransactionManagementConfiguration'
2025-05-13T22:42:55.286-05:00 DEBUG 92217 --- [           main] o.s.b.f.s.DefaultListableBeanFactory     : Creating shared instance of singleton bean 'transactionAttributeSource'
2025-05-13T22:42:55.287-05:00 DEBUG 92217 --- [           main] o.s.b.f.s.DefaultListableBeanFactory     : Creating shared instance of singleton bean 'transactionInterceptor'
2025-05-13T22:42:55.288-05:00 DEBUG 92217 --- [           main] o.s.b.f.s.DefaultListableBeanFactory     : Autowiring by type from bean name 'transactionInterceptor' via factory method to bean named 'transactionAttributeSource'
2025-05-13T22:42:55.288-05:00 DEBUG 92217 --- [           main] o.s.b.f.s.DefaultListableBeanFactory     : Autowiring by type from bean name 'org.springframework.transaction.config.internalTransactionAdvisor' via factory method to bean named 'transactionAttributeSource'
2025-05-13T22:42:55.288-05:00 DEBUG 92217 --- [           main] o.s.b.f.s.DefaultListableBeanFactory     : Autowiring by type from bean name 'org.springframework.transaction.config.internalTransactionAdvisor' via factory method to bean named 'transactionInterceptor'
2025-05-13T22:42:55.289-05:00 DEBUG 92217 --- [           main] o.s.b.f.s.DefaultListableBeanFactory     : Creating shared instance of singleton bean 'meterRegistryPostProcessor'
2025-05-13T22:42:55.290-05:00 DEBUG 92217 --- [           main] o.s.b.f.s.DefaultListableBeanFactory     : Autowiring by type from bean name 'meterRegistryPostProcessor' via factory method to bean named 'org.springframework.web.context.support.GenericWebApplicationContext@a7240fe'
2025-05-13T22:42:55.291-05:00 DEBUG 92217 --- [           main] o.s.b.f.s.DefaultListableBeanFactory     : Creating shared instance of singleton bean 'metricsRepositoryMethodInvocationListenerBeanPostProcessor'
2025-05-13T22:42:55.292-05:00 DEBUG 92217 --- [           main] o.s.b.f.s.DefaultListableBeanFactory     : Creating shared instance of singleton bean 'observationRegistryPostProcessor'
2025-05-13T22:42:55.292-05:00 DEBUG 92217 --- [           main] o.s.b.f.s.DefaultListableBeanFactory     : Creating shared instance of singleton bean 'projectingArgumentResolverBeanPostProcessor'
2025-05-13T22:42:55.293-05:00 DEBUG 92217 --- [           main] o.s.u.c.s.UiApplicationContextUtils      : Unable to locate ThemeSource with name 'themeSource': using default [org.springframework.ui.context.support.ResourceBundleThemeSource@566013ec]
2025-05-13T22:42:55.294-05:00 DEBUG 92217 --- [           main] o.s.b.f.s.DefaultListableBeanFactory     : Creating shared instance of singleton bean 'dataSourceScriptDatabaseInitializer'
2025-05-13T22:42:55.295-05:00 DEBUG 92217 --- [           main] o.s.b.f.s.DefaultListableBeanFactory     : Creating shared instance of singleton bean 'org.springframework.boot.autoconfigure.sql.init.DataSourceInitializationConfiguration'
2025-05-13T22:42:55.296-05:00 DEBUG 92217 --- [           main] o.s.b.f.s.DefaultListableBeanFactory     : Creating shared instance of singleton bean 'dataSource'
2025-05-13T22:42:55.296-05:00 DEBUG 92217 --- [           main] o.s.b.f.s.DefaultListableBeanFactory     : Creating shared instance of singleton bean 'org.springframework.boot.autoconfigure.jdbc.DataSourceConfiguration$Hikari'
2025-05-13T22:42:55.297-05:00 DEBUG 92217 --- [           main] o.s.b.f.s.DefaultListableBeanFactory     : Creating shared instance of singleton bean 'spring.datasource-org.springframework.boot.autoconfigure.jdbc.DataSourceProperties'
2025-05-13T22:42:55.297-05:00 DEBUG 92217 --- [           main] o.s.b.f.s.DefaultListableBeanFactory     : Creating shared instance of singleton bean 'org.springframework.boot.context.properties.BoundConfigurationProperties'
2025-05-13T22:42:55.308-05:00 DEBUG 92217 --- [           main] o.s.b.f.s.DefaultListableBeanFactory     : Creating shared instance of singleton bean 'jdbcConnectionDetails'
2025-05-13T22:42:55.308-05:00 DEBUG 92217 --- [           main] o.s.b.f.s.DefaultListableBeanFactory     : Creating shared instance of singleton bean 'org.springframework.boot.autoconfigure.jdbc.DataSourceAutoConfiguration$PooledDataSourceConfiguration'
2025-05-13T22:42:55.309-05:00 DEBUG 92217 --- [           main] o.s.b.f.s.DefaultListableBeanFactory     : Autowiring by type from bean name 'jdbcConnectionDetails' via factory method to bean named 'spring.datasource-org.springframework.boot.autoconfigure.jdbc.DataSourceProperties'
2025-05-13T22:42:55.310-05:00 DEBUG 92217 --- [           main] o.s.b.f.s.DefaultListableBeanFactory     : Autowiring by type from bean name 'dataSource' via factory method to bean named 'spring.datasource-org.springframework.boot.autoconfigure.jdbc.DataSourceProperties'
2025-05-13T22:42:55.310-05:00 DEBUG 92217 --- [           main] o.s.b.f.s.DefaultListableBeanFactory     : Autowiring by type from bean name 'dataSource' via factory method to bean named 'jdbcConnectionDetails'
2025-05-13T22:42:55.310-05:00 DEBUG 92217 --- [           main] com.zaxxer.hikari.HikariConfig           : Driver class com.mysql.cj.jdbc.Driver found in Thread context class loader jdk.internal.loader.ClassLoaders$AppClassLoader@42110406
2025-05-13T22:42:55.327-05:00 DEBUG 92217 --- [           main] o.s.b.f.s.DefaultListableBeanFactory     : Creating shared instance of singleton bean 'spring.sql.init-org.springframework.boot.autoconfigure.sql.init.SqlInitializationProperties'
2025-05-13T22:42:55.333-05:00 DEBUG 92217 --- [           main] o.s.b.f.s.DefaultListableBeanFactory     : Autowiring by type from bean name 'dataSourceScriptDatabaseInitializer' via factory method to bean named 'dataSource'
2025-05-13T22:42:55.334-05:00 DEBUG 92217 --- [           main] o.s.b.f.s.DefaultListableBeanFactory     : Autowiring by type from bean name 'dataSourceScriptDatabaseInitializer' via factory method to bean named 'spring.sql.init-org.springframework.boot.autoconfigure.sql.init.SqlInitializationProperties'
2025-05-13T22:42:55.335-05:00 DEBUG 92217 --- [           main] o.s.b.f.s.DefaultListableBeanFactory     : Creating shared instance of singleton bean 'entityManagerFactory'
2025-05-13T22:42:55.335-05:00 DEBUG 92217 --- [           main] o.s.b.f.s.DefaultListableBeanFactory     : Creating shared instance of singleton bean 'org.springframework.boot.autoconfigure.orm.jpa.HibernateJpaConfiguration'
2025-05-13T22:42:55.337-05:00 DEBUG 92217 --- [           main] o.s.b.f.s.DefaultListableBeanFactory     : Creating shared instance of singleton bean 'spring.jpa-org.springframework.boot.autoconfigure.orm.jpa.JpaProperties'
2025-05-13T22:42:55.341-05:00 DEBUG 92217 --- [           main] o.s.b.f.s.DefaultListableBeanFactory     : Creating shared instance of singleton bean 'spring.jpa.hibernate-org.springframework.boot.autoconfigure.orm.jpa.HibernateProperties'
2025-05-13T22:42:55.343-05:00 DEBUG 92217 --- [           main] o.s.b.f.s.DefaultListableBeanFactory     : Autowiring by type from bean name 'org.springframework.boot.autoconfigure.orm.jpa.HibernateJpaConfiguration' via constructor to bean named 'dataSource'
2025-05-13T22:42:55.343-05:00 DEBUG 92217 --- [           main] o.s.b.f.s.DefaultListableBeanFactory     : Autowiring by type from bean name 'org.springframework.boot.autoconfigure.orm.jpa.HibernateJpaConfiguration' via constructor to bean named 'spring.jpa-org.springframework.boot.autoconfigure.orm.jpa.JpaProperties'
2025-05-13T22:42:55.343-05:00 DEBUG 92217 --- [           main] o.s.b.f.s.DefaultListableBeanFactory     : Autowiring by type from bean name 'org.springframework.boot.autoconfigure.orm.jpa.HibernateJpaConfiguration' via constructor to bean named 'org.springframework.beans.factory.support.DefaultListableBeanFactory@4cf1c5d8'
2025-05-13T22:42:55.343-05:00 DEBUG 92217 --- [           main] o.s.b.f.s.DefaultListableBeanFactory     : Autowiring by type from bean name 'org.springframework.boot.autoconfigure.orm.jpa.HibernateJpaConfiguration' via constructor to bean named 'spring.jpa.hibernate-org.springframework.boot.autoconfigure.orm.jpa.HibernateProperties'
2025-05-13T22:42:55.345-05:00 DEBUG 92217 --- [           main] o.s.b.f.s.DefaultListableBeanFactory     : Creating shared instance of singleton bean 'hikariPoolDataSourceMetadataProvider'
2025-05-13T22:42:55.345-05:00 DEBUG 92217 --- [           main] o.s.b.f.s.DefaultListableBeanFactory     : Creating shared instance of singleton bean 'org.springframework.boot.autoconfigure.jdbc.metadata.DataSourcePoolMetadataProvidersConfiguration$HikariPoolDataSourceMetadataProviderConfiguration'
2025-05-13T22:42:55.352-05:00 DEBUG 92217 --- [           main] o.s.b.f.s.DefaultListableBeanFactory     : Creating shared instance of singleton bean 'entityManagerFactoryBuilder'
2025-05-13T22:42:55.353-05:00 DEBUG 92217 --- [           main] o.s.b.f.s.DefaultListableBeanFactory     : Creating shared instance of singleton bean 'jpaVendorAdapter'
2025-05-13T22:42:55.355-05:00 DEBUG 92217 --- [           main] o.s.b.f.s.DefaultListableBeanFactory     : Autowiring by type from bean name 'entityManagerFactoryBuilder' via factory method to bean named 'jpaVendorAdapter'
2025-05-13T22:42:55.357-05:00 DEBUG 92217 --- [           main] o.s.b.f.s.DefaultListableBeanFactory     : Creating shared instance of singleton bean 'persistenceManagedTypes'
2025-05-13T22:42:55.358-05:00 DEBUG 92217 --- [           main] o.s.b.f.s.DefaultListableBeanFactory     : Autowiring by type from bean name 'persistenceManagedTypes' via factory method to bean named 'org.springframework.beans.factory.support.DefaultListableBeanFactory@4cf1c5d8'
2025-05-13T22:42:55.358-05:00 DEBUG 92217 --- [           main] o.s.b.f.s.DefaultListableBeanFactory     : Autowiring by type from bean name 'persistenceManagedTypes' via factory method to bean named 'org.springframework.web.context.support.GenericWebApplicationContext@a7240fe'
2025-05-13T22:42:55.362-05:00 DEBUG 92217 --- [           main] o.s.b.f.s.DefaultListableBeanFactory     : Autowiring by type from bean name 'entityManagerFactory' via factory method to bean named 'entityManagerFactoryBuilder'
2025-05-13T22:42:55.362-05:00 DEBUG 92217 --- [           main] o.s.b.f.s.DefaultListableBeanFactory     : Autowiring by type from bean name 'entityManagerFactory' via factory method to bean named 'persistenceManagedTypes'
2025-05-13T22:42:55.364-05:00 DEBUG 92217 --- [           main] j.LocalContainerEntityManagerFactoryBean : Building JPA container EntityManagerFactory for persistence unit 'default'
2025-05-13T22:42:55.364-05:00 DEBUG 92217 --- [           main] o.hibernate.jpa.internal.util.LogHelper  : PersistenceUnitInfo [
	name: default
	persistence provider classname: null
	classloader: jdk.internal.loader.ClassLoaders$AppClassLoader@42110406
	excludeUnlistedClasses: true
	JTA datasource: null
	Non JTA datasource: HikariDataSource (null)
	Transaction type: RESOURCE_LOCAL
	PU root URL: file:/Users/linhdo/IdeaProjects/d424-software-engineering-capstone/target/test-classes/
	Shared Cache Mode: UNSPECIFIED
	Validation Mode: AUTO
	Jar files URLs []
	Managed classes names [
		com.schedule.model.Schedule
		com.schedule.model.Task
		com.schedule.model.User]
	Mapping files names []
	Properties []
2025-05-13T22:42:55.364-05:00 DEBUG 92217 --- [           main] o.h.i.internal.IntegratorServiceImpl     : Adding Integrator [org.hibernate.boot.beanvalidation.BeanValidationIntegrator].
2025-05-13T22:42:55.364-05:00 DEBUG 92217 --- [           main] o.h.i.internal.IntegratorServiceImpl     : Adding Integrator [org.hibernate.cache.internal.CollectionCacheInvalidator].
2025-05-13T22:42:55.367-05:00 DEBUG 92217 --- [           main] org.hibernate.orm.idgen.factory          : Registering IdentifierGenerator strategy [uuid2] -> [org.hibernate.id.UUIDGenerator]
2025-05-13T22:42:55.368-05:00 DEBUG 92217 --- [           main] org.hibernate.orm.idgen.factory          : Registering IdentifierGenerator strategy [guid] -> [org.hibernate.id.GUIDGenerator]
2025-05-13T22:42:55.368-05:00 DEBUG 92217 --- [           main] org.hibernate.orm.idgen.factory          : Registering IdentifierGenerator strategy [uuid] -> [org.hibernate.id.UUIDHexGenerator]
2025-05-13T22:42:55.368-05:00 DEBUG 92217 --- [           main] org.hibernate.orm.idgen.factory          : Registering IdentifierGenerator strategy [uuid.hex] -> [org.hibernate.id.UUIDHexGenerator]
2025-05-13T22:42:55.368-05:00 DEBUG 92217 --- [           main] org.hibernate.orm.idgen.factory          : Registering IdentifierGenerator strategy [assigned] -> [org.hibernate.id.Assigned]
2025-05-13T22:42:55.368-05:00 DEBUG 92217 --- [           main] org.hibernate.orm.idgen.factory          : Registering IdentifierGenerator strategy [identity] -> [org.hibernate.id.IdentityGenerator]
2025-05-13T22:42:55.368-05:00 DEBUG 92217 --- [           main] org.hibernate.orm.idgen.factory          : Registering IdentifierGenerator strategy [select] -> [org.hibernate.id.SelectGenerator]
2025-05-13T22:42:55.368-05:00 DEBUG 92217 --- [           main] org.hibernate.orm.idgen.factory          : Registering IdentifierGenerator strategy [sequence] -> [org.hibernate.id.enhanced.SequenceStyleGenerator]
2025-05-13T22:42:55.368-05:00 DEBUG 92217 --- [           main] org.hibernate.orm.idgen.factory          : Registering IdentifierGenerator strategy [increment] -> [org.hibernate.id.IncrementGenerator]
2025-05-13T22:42:55.368-05:00 DEBUG 92217 --- [           main] org.hibernate.orm.idgen.factory          : Registering IdentifierGenerator strategy [foreign] -> [org.hibernate.id.ForeignGenerator]
2025-05-13T22:42:55.368-05:00 DEBUG 92217 --- [           main] org.hibernate.orm.idgen.factory          : Registering IdentifierGenerator strategy [enhanced-sequence] -> [org.hibernate.id.enhanced.SequenceStyleGenerator]
2025-05-13T22:42:55.369-05:00 DEBUG 92217 --- [           main] org.hibernate.orm.idgen.factory          : Registering IdentifierGenerator strategy [enhanced-table] -> [org.hibernate.id.enhanced.TableGenerator]
2025-05-13T22:42:55.369-05:00 DEBUG 92217 --- [           main] o.h.c.internal.RegionFactoryInitiator    : Cannot default RegionFactory based on registered strategies as `[]` RegionFactory strategies were registered
2025-05-13T22:42:55.369-05:00 DEBUG 92217 --- [           main] o.h.c.internal.RegionFactoryInitiator    : Cache region factory : org.hibernate.cache.internal.NoCachingRegionFactory
2025-05-13T22:42:55.370-05:00 DEBUG 92217 --- [           main] org.hibernate.type.BasicTypeRegistry     : Adding type registration boolean -> org.hibernate.type.BasicTypeReference@1a3c4b3e
2025-05-13T22:42:55.372-05:00 DEBUG 92217 --- [           main] org.hibernate.type.BasicTypeRegistry     : Adding type registration boolean -> org.hibernate.type.BasicTypeReference@1a3c4b3e
2025-05-13T22:42:55.373-05:00 DEBUG 92217 --- [           main] org.hibernate.type.BasicTypeRegistry     : Adding type registration java.lang.Boolean -> org.hibernate.type.BasicTypeReference@1a3c4b3e
2025-05-13T22:42:55.373-05:00 DEBUG 92217 --- [           main] org.hibernate.type.BasicTypeRegistry     : Adding type registration numeric_boolean -> org.hibernate.type.BasicTypeReference@4746fb8c
2025-05-13T22:42:55.373-05:00 DEBUG 92217 --- [           main] org.hibernate.type.BasicTypeRegistry     : Adding type registration org.hibernate.type.NumericBooleanConverter -> org.hibernate.type.BasicTypeReference@4746fb8c
2025-05-13T22:42:55.373-05:00 DEBUG 92217 --- [           main] org.hibernate.type.BasicTypeRegistry     : Adding type registration true_false -> org.hibernate.type.BasicTypeReference@3be46d9c
2025-05-13T22:42:55.374-05:00 DEBUG 92217 --- [           main] org.hibernate.type.BasicTypeRegistry     : Adding type registration org.hibernate.type.TrueFalseConverter -> org.hibernate.type.BasicTypeReference@3be46d9c
2025-05-13T22:42:55.374-05:00 DEBUG 92217 --- [           main] org.hibernate.type.BasicTypeRegistry     : Adding type registration yes_no -> org.hibernate.type.BasicTypeReference@41d877bb
2025-05-13T22:42:55.374-05:00 DEBUG 92217 --- [           main] org.hibernate.type.BasicTypeRegistry     : Adding type registration org.hibernate.type.YesNoConverter -> org.hibernate.type.BasicTypeReference@41d877bb
2025-05-13T22:42:55.374-05:00 DEBUG 92217 --- [           main] org.hibernate.type.BasicTypeRegistry     : Adding type registration byte -> org.hibernate.type.BasicTypeReference@39c5a105
2025-05-13T22:42:55.374-05:00 DEBUG 92217 --- [           main] org.hibernate.type.BasicTypeRegistry     : Adding type registration byte -> org.hibernate.type.BasicTypeReference@39c5a105
2025-05-13T22:42:55.374-05:00 DEBUG 92217 --- [           main] org.hibernate.type.BasicTypeRegistry     : Adding type registration java.lang.Byte -> org.hibernate.type.BasicTypeReference@39c5a105
2025-05-13T22:42:55.374-05:00 DEBUG 92217 --- [           main] org.hibernate.type.BasicTypeRegistry     : Adding type registration binary -> org.hibernate.type.BasicTypeReference@492fa72a
2025-05-13T22:42:55.374-05:00 DEBUG 92217 --- [           main] org.hibernate.type.BasicTypeRegistry     : Adding type registration byte[] -> org.hibernate.type.BasicTypeReference@492fa72a
2025-05-13T22:42:55.374-05:00 DEBUG 92217 --- [           main] org.hibernate.type.BasicTypeRegistry     : Adding type registration [B -> org.hibernate.type.BasicTypeReference@492fa72a
2025-05-13T22:42:55.375-05:00 DEBUG 92217 --- [           main] org.hibernate.type.BasicTypeRegistry     : Adding type registration binary_wrapper -> org.hibernate.type.BasicTypeReference@513fab1e
2025-05-13T22:42:55.375-05:00 DEBUG 92217 --- [           main] org.hibernate.type.BasicTypeRegistry     : Adding type registration wrapper-binary -> org.hibernate.type.BasicTypeReference@513fab1e
2025-05-13T22:42:55.375-05:00 DEBUG 92217 --- [           main] org.hibernate.type.BasicTypeRegistry     : Adding type registration image -> org.hibernate.type.BasicTypeReference@53d87b2d
2025-05-13T22:42:55.375-05:00 DEBUG 92217 --- [           main] org.hibernate.type.BasicTypeRegistry     : Adding type registration blob -> org.hibernate.type.BasicTypeReference@470135da
2025-05-13T22:42:55.375-05:00 DEBUG 92217 --- [           main] org.hibernate.type.BasicTypeRegistry     : Adding type registration java.sql.Blob -> org.hibernate.type.BasicTypeReference@470135da
2025-05-13T22:42:55.375-05:00 DEBUG 92217 --- [           main] org.hibernate.type.BasicTypeRegistry     : Adding type registration materialized_blob -> org.hibernate.type.BasicTypeReference@7323dce7
2025-05-13T22:42:55.375-05:00 DEBUG 92217 --- [           main] org.hibernate.type.BasicTypeRegistry     : Adding type registration materialized_blob_wrapper -> org.hibernate.type.BasicTypeReference@5f68eec6
2025-05-13T22:42:55.375-05:00 DEBUG 92217 --- [           main] org.hibernate.type.BasicTypeRegistry     : Adding type registration short -> org.hibernate.type.BasicTypeReference@4ff9f715
2025-05-13T22:42:55.375-05:00 DEBUG 92217 --- [           main] org.hibernate.type.BasicTypeRegistry     : Adding type registration short -> org.hibernate.type.BasicTypeReference@4ff9f715
2025-05-13T22:42:55.375-05:00 DEBUG 92217 --- [           main] org.hibernate.type.BasicTypeRegistry     : Adding type registration java.lang.Short -> org.hibernate.type.BasicTypeReference@4ff9f715
2025-05-13T22:42:55.375-05:00 DEBUG 92217 --- [           main] org.hibernate.type.BasicTypeRegistry     : Adding type registration integer -> org.hibernate.type.BasicTypeReference@118a4d5
2025-05-13T22:42:55.375-05:00 DEBUG 92217 --- [           main] org.hibernate.type.BasicTypeRegistry     : Adding type registration int -> org.hibernate.type.BasicTypeReference@118a4d5
2025-05-13T22:42:55.375-05:00 DEBUG 92217 --- [           main] org.hibernate.type.BasicTypeRegistry     : Adding type registration java.lang.Integer -> org.hibernate.type.BasicTypeReference@118a4d5
2025-05-13T22:42:55.375-05:00 DEBUG 92217 --- [           main] org.hibernate.type.BasicTypeRegistry     : Adding type registration long -> org.hibernate.type.BasicTypeReference@6cb194f5
2025-05-13T22:42:55.375-05:00 DEBUG 92217 --- [           main] org.hibernate.type.BasicTypeRegistry     : Adding type registration long -> org.hibernate.type.BasicTypeReference@6cb194f5
2025-05-13T22:42:55.375-05:00 DEBUG 92217 --- [           main] org.hibernate.type.BasicTypeRegistry     : Adding type registration java.lang.Long -> org.hibernate.type.BasicTypeReference@6cb194f5
2025-05-13T22:42:55.375-05:00 DEBUG 92217 --- [           main] org.hibernate.type.BasicTypeRegistry     : Adding type registration float -> org.hibernate.type.BasicTypeReference@74b7497b
2025-05-13T22:42:55.375-05:00 DEBUG 92217 --- [           main] org.hibernate.type.BasicTypeRegistry     : Adding type registration float -> org.hibernate.type.BasicTypeReference@74b7497b
2025-05-13T22:42:55.375-05:00 DEBUG 92217 --- [           main] org.hibernate.type.BasicTypeRegistry     : Adding type registration java.lang.Float -> org.hibernate.type.BasicTypeReference@74b7497b
2025-05-13T22:42:55.375-05:00 DEBUG 92217 --- [           main] org.hibernate.type.BasicTypeRegistry     : Adding type registration double -> org.hibernate.type.BasicTypeReference@74f649a7
2025-05-13T22:42:55.375-05:00 DEBUG 92217 --- [           main] org.hibernate.type.BasicTypeRegistry     : Adding type registration double -> org.hibernate.type.BasicTypeReference@74f649a7
2025-05-13T22:42:55.375-05:00 DEBUG 92217 --- [           main] org.hibernate.type.BasicTypeRegistry     : Adding type registration java.lang.Double -> org.hibernate.type.BasicTypeReference@74f649a7
2025-05-13T22:42:55.375-05:00 DEBUG 92217 --- [           main] org.hibernate.type.BasicTypeRegistry     : Adding type registration big_integer -> org.hibernate.type.BasicTypeReference@308c65e0
2025-05-13T22:42:55.375-05:00 DEBUG 92217 --- [           main] org.hibernate.type.BasicTypeRegistry     : Adding type registration java.math.BigInteger -> org.hibernate.type.BasicTypeReference@308c65e0
2025-05-13T22:42:55.376-05:00 DEBUG 92217 --- [           main] org.hibernate.type.BasicTypeRegistry     : Adding type registration big_decimal -> org.hibernate.type.BasicTypeReference@50fa5938
2025-05-13T22:42:55.376-05:00 DEBUG 92217 --- [           main] org.hibernate.type.BasicTypeRegistry     : Adding type registration java.math.BigDecimal -> org.hibernate.type.BasicTypeReference@50fa5938
2025-05-13T22:42:55.376-05:00 DEBUG 92217 --- [           main] org.hibernate.type.BasicTypeRegistry     : Adding type registration character -> org.hibernate.type.BasicTypeReference@1e482ecd
2025-05-13T22:42:55.376-05:00 DEBUG 92217 --- [           main] org.hibernate.type.BasicTypeRegistry     : Adding type registration char -> org.hibernate.type.BasicTypeReference@1e482ecd
2025-05-13T22:42:55.376-05:00 DEBUG 92217 --- [           main] org.hibernate.type.BasicTypeRegistry     : Adding type registration java.lang.Character -> org.hibernate.type.BasicTypeReference@1e482ecd
2025-05-13T22:42:55.376-05:00 DEBUG 92217 --- [           main] org.hibernate.type.BasicTypeRegistry     : Adding type registration character_nchar -> org.hibernate.type.BasicTypeReference@58b5f7d2
2025-05-13T22:42:55.376-05:00 DEBUG 92217 --- [           main] org.hibernate.type.BasicTypeRegistry     : Adding type registration string -> org.hibernate.type.BasicTypeReference@bc52a41
2025-05-13T22:42:55.376-05:00 DEBUG 92217 --- [           main] org.hibernate.type.BasicTypeRegistry     : Adding type registration java.lang.String -> org.hibernate.type.BasicTypeReference@bc52a41
2025-05-13T22:42:55.376-05:00 DEBUG 92217 --- [           main] org.hibernate.type.BasicTypeRegistry     : Adding type registration nstring -> org.hibernate.type.BasicTypeReference@9f48198
2025-05-13T22:42:55.376-05:00 DEBUG 92217 --- [           main] org.hibernate.type.BasicTypeRegistry     : Adding type registration characters -> org.hibernate.type.BasicTypeReference@5615f82d
2025-05-13T22:42:55.376-05:00 DEBUG 92217 --- [           main] org.hibernate.type.BasicTypeRegistry     : Adding type registration char[] -> org.hibernate.type.BasicTypeReference@5615f82d
2025-05-13T22:42:55.376-05:00 DEBUG 92217 --- [           main] org.hibernate.type.BasicTypeRegistry     : Adding type registration [C -> org.hibernate.type.BasicTypeReference@5615f82d
2025-05-13T22:42:55.376-05:00 DEBUG 92217 --- [           main] org.hibernate.type.BasicTypeRegistry     : Adding type registration wrapper-characters -> org.hibernate.type.BasicTypeReference@21698e5a
2025-05-13T22:42:55.376-05:00 DEBUG 92217 --- [           main] org.hibernate.type.BasicTypeRegistry     : Adding type registration text -> org.hibernate.type.BasicTypeReference@3dc2f14
2025-05-13T22:42:55.376-05:00 DEBUG 92217 --- [           main] org.hibernate.type.BasicTypeRegistry     : Adding type registration ntext -> org.hibernate.type.BasicTypeReference@2e8986b6
2025-05-13T22:42:55.376-05:00 DEBUG 92217 --- [           main] org.hibernate.type.BasicTypeRegistry     : Adding type registration clob -> org.hibernate.type.BasicTypeReference@5724c7da
2025-05-13T22:42:55.376-05:00 DEBUG 92217 --- [           main] org.hibernate.type.BasicTypeRegistry     : Adding type registration java.sql.Clob -> org.hibernate.type.BasicTypeReference@5724c7da
2025-05-13T22:42:55.376-05:00 DEBUG 92217 --- [           main] org.hibernate.type.BasicTypeRegistry     : Adding type registration nclob -> org.hibernate.type.BasicTypeReference@3ad2883a
2025-05-13T22:42:55.376-05:00 DEBUG 92217 --- [           main] org.hibernate.type.BasicTypeRegistry     : Adding type registration java.sql.NClob -> org.hibernate.type.BasicTypeReference@3ad2883a
2025-05-13T22:42:55.376-05:00 DEBUG 92217 --- [           main] org.hibernate.type.BasicTypeRegistry     : Adding type registration materialized_clob -> org.hibernate.type.BasicTypeReference@5814b4fb
2025-05-13T22:42:55.376-05:00 DEBUG 92217 --- [           main] org.hibernate.type.BasicTypeRegistry     : Adding type registration materialized_clob_char_array -> org.hibernate.type.BasicTypeReference@3aca2579
2025-05-13T22:42:55.376-05:00 DEBUG 92217 --- [           main] org.hibernate.type.BasicTypeRegistry     : Adding type registration materialized_clob_character_array -> org.hibernate.type.BasicTypeReference@4ba13fed
2025-05-13T22:42:55.376-05:00 DEBUG 92217 --- [           main] org.hibernate.type.BasicTypeRegistry     : Adding type registration materialized_nclob -> org.hibernate.type.BasicTypeReference@651cedfb
2025-05-13T22:42:55.376-05:00 DEBUG 92217 --- [           main] org.hibernate.type.BasicTypeRegistry     : Adding type registration materialized_nclob_character_array -> org.hibernate.type.BasicTypeReference@18d22ecf
2025-05-13T22:42:55.376-05:00 DEBUG 92217 --- [           main] org.hibernate.type.BasicTypeRegistry     : Adding type registration materialized_nclob_char_array -> org.hibernate.type.BasicTypeReference@73d83141
2025-05-13T22:42:55.377-05:00 DEBUG 92217 --- [           main] org.hibernate.type.BasicTypeRegistry     : Adding type registration Duration -> org.hibernate.type.BasicTypeReference@31443680
2025-05-13T22:42:55.377-05:00 DEBUG 92217 --- [           main] org.hibernate.type.BasicTypeRegistry     : Adding type registration java.time.Duration -> org.hibernate.type.BasicTypeReference@31443680
2025-05-13T22:42:55.377-05:00 DEBUG 92217 --- [           main] org.hibernate.type.BasicTypeRegistry     : Adding type registration LocalDateTime -> org.hibernate.type.BasicTypeReference@33356666
2025-05-13T22:42:55.377-05:00 DEBUG 92217 --- [           main] org.hibernate.type.BasicTypeRegistry     : Adding type registration java.time.LocalDateTime -> org.hibernate.type.BasicTypeReference@33356666
2025-05-13T22:42:55.377-05:00 DEBUG 92217 --- [           main] org.hibernate.type.BasicTypeRegistry     : Adding type registration LocalDate -> org.hibernate.type.BasicTypeReference@3a988299
2025-05-13T22:42:55.377-05:00 DEBUG 92217 --- [           main] org.hibernate.type.BasicTypeRegistry     : Adding type registration java.time.LocalDate -> org.hibernate.type.BasicTypeReference@3a988299
2025-05-13T22:42:55.377-05:00 DEBUG 92217 --- [           main] org.hibernate.type.BasicTypeRegistry     : Adding type registration LocalTime -> org.hibernate.type.BasicTypeReference@878feb2
2025-05-13T22:42:55.377-05:00 DEBUG 92217 --- [           main] org.hibernate.type.BasicTypeRegistry     : Adding type registration java.time.LocalTime -> org.hibernate.type.BasicTypeReference@878feb2
2025-05-13T22:42:55.377-05:00 DEBUG 92217 --- [           main] org.hibernate.type.BasicTypeRegistry     : Adding type registration OffsetDateTime -> org.hibernate.type.BasicTypeReference@1818390b
2025-05-13T22:42:55.377-05:00 DEBUG 92217 --- [           main] org.hibernate.type.BasicTypeRegistry     : Adding type registration java.time.OffsetDateTime -> org.hibernate.type.BasicTypeReference@1818390b
2025-05-13T22:42:55.377-05:00 DEBUG 92217 --- [           main] org.hibernate.type.BasicTypeRegistry     : Adding type registration OffsetDateTimeWithTimezone -> org.hibernate.type.BasicTypeReference@67a38
2025-05-13T22:42:55.377-05:00 DEBUG 92217 --- [           main] org.hibernate.type.BasicTypeRegistry     : Adding type registration OffsetDateTimeWithoutTimezone -> org.hibernate.type.BasicTypeReference@7ef4aceb
2025-05-13T22:42:55.378-05:00 DEBUG 92217 --- [           main] org.hibernate.type.BasicTypeRegistry     : Adding type registration OffsetTime -> org.hibernate.type.BasicTypeReference@31b650e9
2025-05-13T22:42:55.378-05:00 DEBUG 92217 --- [           main] org.hibernate.type.BasicTypeRegistry     : Adding type registration java.time.OffsetTime -> org.hibernate.type.BasicTypeReference@31b650e9
2025-05-13T22:42:55.378-05:00 DEBUG 92217 --- [           main] org.hibernate.type.BasicTypeRegistry     : Adding type registration OffsetTimeUtc -> org.hibernate.type.BasicTypeReference@683fe7b5
2025-05-13T22:42:55.378-05:00 DEBUG 92217 --- [           main] org.hibernate.type.BasicTypeRegistry     : Adding type registration OffsetTimeWithTimezone -> org.hibernate.type.BasicTypeReference@5b5b8730
2025-05-13T22:42:55.378-05:00 DEBUG 92217 --- [           main] org.hibernate.type.BasicTypeRegistry     : Adding type registration OffsetTimeWithoutTimezone -> org.hibernate.type.BasicTypeReference@93fb44
2025-05-13T22:42:55.378-05:00 DEBUG 92217 --- [           main] org.hibernate.type.BasicTypeRegistry     : Adding type registration ZonedDateTime -> org.hibernate.type.BasicTypeReference@321c2a7
2025-05-13T22:42:55.378-05:00 DEBUG 92217 --- [           main] org.hibernate.type.BasicTypeRegistry     : Adding type registration java.time.ZonedDateTime -> org.hibernate.type.BasicTypeReference@321c2a7
2025-05-13T22:42:55.378-05:00 DEBUG 92217 --- [           main] org.hibernate.type.BasicTypeRegistry     : Adding type registration ZonedDateTimeWithTimezone -> org.hibernate.type.BasicTypeReference@14b48f39
2025-05-13T22:42:55.378-05:00 DEBUG 92217 --- [           main] org.hibernate.type.BasicTypeRegistry     : Adding type registration ZonedDateTimeWithoutTimezone -> org.hibernate.type.BasicTypeReference@13d1f898
2025-05-13T22:42:55.378-05:00 DEBUG 92217 --- [           main] org.hibernate.type.BasicTypeRegistry     : Adding type registration date -> org.hibernate.type.BasicTypeReference@c87787d
2025-05-13T22:42:55.378-05:00 DEBUG 92217 --- [           main] org.hibernate.type.BasicTypeRegistry     : Adding type registration java.sql.Date -> org.hibernate.type.BasicTypeReference@c87787d
2025-05-13T22:42:55.378-05:00 DEBUG 92217 --- [           main] org.hibernate.type.BasicTypeRegistry     : Adding type registration time -> org.hibernate.type.BasicTypeReference@1bea7b0
2025-05-13T22:42:55.378-05:00 DEBUG 92217 --- [           main] org.hibernate.type.BasicTypeRegistry     : Adding type registration java.sql.Time -> org.hibernate.type.BasicTypeReference@1bea7b0
2025-05-13T22:42:55.378-05:00 DEBUG 92217 --- [           main] org.hibernate.type.BasicTypeRegistry     : Adding type registration timestamp -> org.hibernate.type.BasicTypeReference@31433df9
2025-05-13T22:42:55.378-05:00 DEBUG 92217 --- [           main] org.hibernate.type.BasicTypeRegistry     : Adding type registration java.sql.Timestamp -> org.hibernate.type.BasicTypeReference@31433df9
2025-05-13T22:42:55.378-05:00 DEBUG 92217 --- [           main] org.hibernate.type.BasicTypeRegistry     : Adding type registration java.util.Date -> org.hibernate.type.BasicTypeReference@31433df9
2025-05-13T22:42:55.378-05:00 DEBUG 92217 --- [           main] org.hibernate.type.BasicTypeRegistry     : Adding type registration calendar -> org.hibernate.type.BasicTypeReference@2d4a0671
2025-05-13T22:42:55.378-05:00 DEBUG 92217 --- [           main] org.hibernate.type.BasicTypeRegistry     : Adding type registration java.util.Calendar -> org.hibernate.type.BasicTypeReference@2d4a0671
2025-05-13T22:42:55.378-05:00 DEBUG 92217 --- [           main] org.hibernate.type.BasicTypeRegistry     : Adding type registration java.util.GregorianCalendar -> org.hibernate.type.BasicTypeReference@2d4a0671
2025-05-13T22:42:55.378-05:00 DEBUG 92217 --- [           main] org.hibernate.type.BasicTypeRegistry     : Adding type registration calendar_date -> org.hibernate.type.BasicTypeReference@1ab9c735
2025-05-13T22:42:55.378-05:00 DEBUG 92217 --- [           main] org.hibernate.type.BasicTypeRegistry     : Adding type registration calendar_time -> org.hibernate.type.BasicTypeReference@6e4e60f5
2025-05-13T22:42:55.378-05:00 DEBUG 92217 --- [           main] org.hibernate.type.BasicTypeRegistry     : Adding type registration instant -> org.hibernate.type.BasicTypeReference@464a3430
2025-05-13T22:42:55.379-05:00 DEBUG 92217 --- [           main] org.hibernate.type.BasicTypeRegistry     : Adding type registration java.time.Instant -> org.hibernate.type.BasicTypeReference@464a3430
2025-05-13T22:42:55.379-05:00 DEBUG 92217 --- [           main] org.hibernate.type.BasicTypeRegistry     : Adding type registration uuid -> org.hibernate.type.BasicTypeReference@3bcedb06
2025-05-13T22:42:55.379-05:00 DEBUG 92217 --- [           main] org.hibernate.type.BasicTypeRegistry     : Adding type registration java.util.UUID -> org.hibernate.type.BasicTypeReference@3bcedb06
2025-05-13T22:42:55.379-05:00 DEBUG 92217 --- [           main] org.hibernate.type.BasicTypeRegistry     : Adding type registration pg-uuid -> org.hibernate.type.BasicTypeReference@3bcedb06
2025-05-13T22:42:55.379-05:00 DEBUG 92217 --- [           main] org.hibernate.type.BasicTypeRegistry     : Adding type registration uuid-binary -> org.hibernate.type.BasicTypeReference@6f9a3325
2025-05-13T22:42:55.379-05:00 DEBUG 92217 --- [           main] org.hibernate.type.BasicTypeRegistry     : Adding type registration uuid-char -> org.hibernate.type.BasicTypeReference@72ceafeb
2025-05-13T22:42:55.379-05:00 DEBUG 92217 --- [           main] org.hibernate.type.BasicTypeRegistry     : Adding type registration class -> org.hibernate.type.BasicTypeReference@65b2ee36
2025-05-13T22:42:55.379-05:00 DEBUG 92217 --- [           main] org.hibernate.type.BasicTypeRegistry     : Adding type registration java.lang.Class -> org.hibernate.type.BasicTypeReference@65b2ee36
2025-05-13T22:42:55.379-05:00 DEBUG 92217 --- [           main] org.hibernate.type.BasicTypeRegistry     : Adding type registration currency -> org.hibernate.type.BasicTypeReference@28e91f6d
2025-05-13T22:42:55.379-05:00 DEBUG 92217 --- [           main] org.hibernate.type.BasicTypeRegistry     : Adding type registration Currency -> org.hibernate.type.BasicTypeReference@28e91f6d
2025-05-13T22:42:55.379-05:00 DEBUG 92217 --- [           main] org.hibernate.type.BasicTypeRegistry     : Adding type registration java.util.Currency -> org.hibernate.type.BasicTypeReference@28e91f6d
2025-05-13T22:42:55.379-05:00 DEBUG 92217 --- [           main] org.hibernate.type.BasicTypeRegistry     : Adding type registration locale -> org.hibernate.type.BasicTypeReference@16d4024e
2025-05-13T22:42:55.379-05:00 DEBUG 92217 --- [           main] org.hibernate.type.BasicTypeRegistry     : Adding type registration java.util.Locale -> org.hibernate.type.BasicTypeReference@16d4024e
2025-05-13T22:42:55.379-05:00 DEBUG 92217 --- [           main] org.hibernate.type.BasicTypeRegistry     : Adding type registration serializable -> org.hibernate.type.BasicTypeReference@11e24688
2025-05-13T22:42:55.379-05:00 DEBUG 92217 --- [           main] org.hibernate.type.BasicTypeRegistry     : Adding type registration java.io.Serializable -> org.hibernate.type.BasicTypeReference@11e24688
2025-05-13T22:42:55.379-05:00 DEBUG 92217 --- [           main] org.hibernate.type.BasicTypeRegistry     : Adding type registration timezone -> org.hibernate.type.BasicTypeReference@63d3c9dc
2025-05-13T22:42:55.379-05:00 DEBUG 92217 --- [           main] org.hibernate.type.BasicTypeRegistry     : Adding type registration java.util.TimeZone -> org.hibernate.type.BasicTypeReference@63d3c9dc
2025-05-13T22:42:55.379-05:00 DEBUG 92217 --- [           main] org.hibernate.type.BasicTypeRegistry     : Adding type registration ZoneOffset -> org.hibernate.type.BasicTypeReference@3a1a0bc
2025-05-13T22:42:55.379-05:00 DEBUG 92217 --- [           main] org.hibernate.type.BasicTypeRegistry     : Adding type registration java.time.ZoneOffset -> org.hibernate.type.BasicTypeReference@3a1a0bc
2025-05-13T22:42:55.379-05:00 DEBUG 92217 --- [           main] org.hibernate.type.BasicTypeRegistry     : Adding type registration url -> org.hibernate.type.BasicTypeReference@35d114f4
2025-05-13T22:42:55.379-05:00 DEBUG 92217 --- [           main] org.hibernate.type.BasicTypeRegistry     : Adding type registration java.net.URL -> org.hibernate.type.BasicTypeReference@35d114f4
2025-05-13T22:42:55.379-05:00 DEBUG 92217 --- [           main] org.hibernate.type.BasicTypeRegistry     : Adding type registration row_version -> org.hibernate.type.BasicTypeReference@3684d2c0
2025-05-13T22:42:55.379-05:00 DEBUG 92217 --- [           main] org.hibernate.type.BasicTypeRegistry     : Adding type registration object -> org.hibernate.type.JavaObjectType@5e8bd498
2025-05-13T22:42:55.379-05:00 DEBUG 92217 --- [           main] org.hibernate.type.BasicTypeRegistry     : Adding type registration java.lang.Object -> org.hibernate.type.JavaObjectType@5e8bd498
2025-05-13T22:42:55.379-05:00 DEBUG 92217 --- [           main] org.hibernate.type.BasicTypeRegistry     : Adding type registration null -> org.hibernate.type.NullType@69d58731
2025-05-13T22:42:55.379-05:00 DEBUG 92217 --- [           main] org.hibernate.type.BasicTypeRegistry     : Adding type registration imm_date -> org.hibernate.type.BasicTypeReference@eca0d70
2025-05-13T22:42:55.379-05:00 DEBUG 92217 --- [           main] org.hibernate.type.BasicTypeRegistry     : Adding type registration imm_time -> org.hibernate.type.BasicTypeReference@48505ccd
2025-05-13T22:42:55.379-05:00 DEBUG 92217 --- [           main] org.hibernate.type.BasicTypeRegistry     : Adding type registration imm_timestamp -> org.hibernate.type.BasicTypeReference@1eeb3ae6
2025-05-13T22:42:55.380-05:00 DEBUG 92217 --- [           main] org.hibernate.type.BasicTypeRegistry     : Adding type registration imm_calendar -> org.hibernate.type.BasicTypeReference@1e77dac0
2025-05-13T22:42:55.380-05:00 DEBUG 92217 --- [           main] org.hibernate.type.BasicTypeRegistry     : Adding type registration imm_calendar_date -> org.hibernate.type.BasicTypeReference@4088f5f3
2025-05-13T22:42:55.380-05:00 DEBUG 92217 --- [           main] org.hibernate.type.BasicTypeRegistry     : Adding type registration imm_calendar_time -> org.hibernate.type.BasicTypeReference@af47f1b
2025-05-13T22:42:55.380-05:00 DEBUG 92217 --- [           main] org.hibernate.type.BasicTypeRegistry     : Adding type registration imm_binary -> org.hibernate.type.BasicTypeReference@4d0f58a9
2025-05-13T22:42:55.380-05:00 DEBUG 92217 --- [           main] org.hibernate.type.BasicTypeRegistry     : Adding type registration imm_serializable -> org.hibernate.type.BasicTypeReference@6d0e2a12
2025-05-13T22:42:55.382-05:00 DEBUG 92217 --- [           main] o.h.boot.internal.BootstrapContextImpl   : Injecting JPA temp ClassLoader [org.springframework.instrument.classloading.SimpleThrowawayClassLoader@430bcbd4] into BootstrapContext; was [null]
2025-05-13T22:42:55.382-05:00 DEBUG 92217 --- [           main] o.h.boot.internal.ClassLoaderAccessImpl  : ClassLoaderAccessImpl#injectTempClassLoader(org.springframework.instrument.classloading.SimpleThrowawayClassLoader@430bcbd4) [was null]
2025-05-13T22:42:55.382-05:00 DEBUG 92217 --- [           main] o.h.boot.internal.BootstrapContextImpl   : Injecting ScanEnvironment [org.hibernate.jpa.boot.internal.StandardJpaScanEnvironmentImpl@74f6090c] into BootstrapContext; was [null]
2025-05-13T22:42:55.382-05:00 DEBUG 92217 --- [           main] o.h.boot.internal.BootstrapContextImpl   : Injecting ScanOptions [org.hibernate.boot.archive.scan.internal.StandardScanOptions@6834f33a] into BootstrapContext; was [org.hibernate.boot.archive.scan.internal.StandardScanOptions@716a2c04]
2025-05-13T22:42:55.384-05:00 DEBUG 92217 --- [           main] o.h.b.i.BytecodeProviderInitiator        : HHH000021: Bytecode provider name : bytebuddy
2025-05-13T22:42:55.384-05:00  INFO 92217 --- [           main] o.s.o.j.p.SpringPersistenceUnitInfo      : No LoadTimeWeaver setup: ignoring JPA class transformer
2025-05-13T22:42:55.384-05:00 DEBUG 92217 --- [           main] o.h.boot.internal.BootstrapContextImpl   : Injecting JPA temp ClassLoader [null] into BootstrapContext; was [org.springframework.instrument.classloading.SimpleThrowawayClassLoader@430bcbd4]
2025-05-13T22:42:55.384-05:00 DEBUG 92217 --- [           main] o.h.boot.internal.ClassLoaderAccessImpl  : ClassLoaderAccessImpl#injectTempClassLoader(null) [was org.springframework.instrument.classloading.SimpleThrowawayClassLoader@430bcbd4]
2025-05-13T22:42:55.386-05:00 DEBUG 92217 --- [           main] com.zaxxer.hikari.HikariConfig           : HikariPool-4 - configuration:
2025-05-13T22:42:55.388-05:00 DEBUG 92217 --- [           main] com.zaxxer.hikari.HikariConfig           : allowPoolSuspension.............false
2025-05-13T22:42:55.389-05:00 DEBUG 92217 --- [           main] com.zaxxer.hikari.HikariConfig           : autoCommit......................true
2025-05-13T22:42:55.389-05:00 DEBUG 92217 --- [           main] com.zaxxer.hikari.HikariConfig           : catalog.........................none
2025-05-13T22:42:55.389-05:00 DEBUG 92217 --- [           main] com.zaxxer.hikari.HikariConfig           : connectionInitSql...............none
2025-05-13T22:42:55.389-05:00 DEBUG 92217 --- [           main] com.zaxxer.hikari.HikariConfig           : connectionTestQuery.............none
2025-05-13T22:42:55.389-05:00 DEBUG 92217 --- [           main] com.zaxxer.hikari.HikariConfig           : connectionTimeout...............30000
2025-05-13T22:42:55.389-05:00 DEBUG 92217 --- [           main] com.zaxxer.hikari.HikariConfig           : dataSource......................none
2025-05-13T22:42:55.389-05:00 DEBUG 92217 --- [           main] com.zaxxer.hikari.HikariConfig           : dataSourceClassName.............none
2025-05-13T22:42:55.389-05:00 DEBUG 92217 --- [           main] com.zaxxer.hikari.HikariConfig           : dataSourceJNDI..................none
2025-05-13T22:42:55.389-05:00 DEBUG 92217 --- [           main] com.zaxxer.hikari.HikariConfig           : dataSourceProperties............{password=<masked>}
2025-05-13T22:42:55.390-05:00 DEBUG 92217 --- [           main] com.zaxxer.hikari.HikariConfig           : driverClassName................."com.mysql.cj.jdbc.Driver"
2025-05-13T22:42:55.390-05:00 DEBUG 92217 --- [           main] com.zaxxer.hikari.HikariConfig           : exceptionOverrideClassName......none
2025-05-13T22:42:55.390-05:00 DEBUG 92217 --- [           main] com.zaxxer.hikari.HikariConfig           : healthCheckProperties...........{}
2025-05-13T22:42:55.390-05:00 DEBUG 92217 --- [           main] com.zaxxer.hikari.HikariConfig           : healthCheckRegistry.............none
2025-05-13T22:42:55.390-05:00 DEBUG 92217 --- [           main] com.zaxxer.hikari.HikariConfig           : idleTimeout.....................600000
2025-05-13T22:42:55.390-05:00 DEBUG 92217 --- [           main] com.zaxxer.hikari.HikariConfig           : initializationFailTimeout.......1
2025-05-13T22:42:55.390-05:00 DEBUG 92217 --- [           main] com.zaxxer.hikari.HikariConfig           : isolateInternalQueries..........false
2025-05-13T22:42:55.390-05:00 DEBUG 92217 --- [           main] com.zaxxer.hikari.HikariConfig           : jdbcUrl.........................jdbc:mysql://localhost:3306/schedule_management
2025-05-13T22:42:55.390-05:00 DEBUG 92217 --- [           main] com.zaxxer.hikari.HikariConfig           : keepaliveTime...................0
2025-05-13T22:42:55.390-05:00 DEBUG 92217 --- [           main] com.zaxxer.hikari.HikariConfig           : leakDetectionThreshold..........0
2025-05-13T22:42:55.391-05:00 DEBUG 92217 --- [           main] com.zaxxer.hikari.HikariConfig           : maxLifetime.....................1800000
2025-05-13T22:42:55.391-05:00 DEBUG 92217 --- [           main] com.zaxxer.hikari.HikariConfig           : maximumPoolSize.................10
2025-05-13T22:42:55.391-05:00 DEBUG 92217 --- [           main] com.zaxxer.hikari.HikariConfig           : metricRegistry..................none
2025-05-13T22:42:55.391-05:00 DEBUG 92217 --- [           main] com.zaxxer.hikari.HikariConfig           : metricsTrackerFactory...........none
2025-05-13T22:42:55.391-05:00 DEBUG 92217 --- [           main] com.zaxxer.hikari.HikariConfig           : minimumIdle.....................10
2025-05-13T22:42:55.391-05:00 DEBUG 92217 --- [           main] com.zaxxer.hikari.HikariConfig           : password........................<masked>
2025-05-13T22:42:55.391-05:00 DEBUG 92217 --- [           main] com.zaxxer.hikari.HikariConfig           : poolName........................"HikariPool-4"
2025-05-13T22:42:55.391-05:00 DEBUG 92217 --- [           main] com.zaxxer.hikari.HikariConfig           : readOnly........................false
2025-05-13T22:42:55.391-05:00 DEBUG 92217 --- [           main] com.zaxxer.hikari.HikariConfig           : registerMbeans..................false
2025-05-13T22:42:55.391-05:00 DEBUG 92217 --- [           main] com.zaxxer.hikari.HikariConfig           : scheduledExecutor...............none
2025-05-13T22:42:55.391-05:00 DEBUG 92217 --- [           main] com.zaxxer.hikari.HikariConfig           : schema..........................none
2025-05-13T22:42:55.391-05:00 DEBUG 92217 --- [           main] com.zaxxer.hikari.HikariConfig           : threadFactory...................internal
2025-05-13T22:42:55.391-05:00 DEBUG 92217 --- [           main] com.zaxxer.hikari.HikariConfig           : transactionIsolation............default
2025-05-13T22:42:55.392-05:00 DEBUG 92217 --- [           main] com.zaxxer.hikari.HikariConfig           : username........................"root"
2025-05-13T22:42:55.392-05:00 DEBUG 92217 --- [           main] com.zaxxer.hikari.HikariConfig           : validationTimeout...............5000
2025-05-13T22:42:55.392-05:00  INFO 92217 --- [           main] com.zaxxer.hikari.HikariDataSource       : HikariPool-4 - Starting...
2025-05-13T22:42:55.403-05:00 DEBUG 92217 --- [           main] jdk.event.security                       : X509Certificate: Alg:SHA256withRSA, Serial:02, Subject:CN=MySQL_Server_8.0.30_Auto_Generated_Server_Certificate, Issuer:CN=MySQL_Server_8.0.30_Auto_Generated_CA_Certificate, Key type:RSA, Length:2048, Cert Id:-540129423, Valid from:4/1/25, 7:10 PM, Valid until:3/30/35, 7:10 PM
2025-05-13T22:42:55.404-05:00 DEBUG 92217 --- [           main] jdk.event.security                       : X509Certificate: Alg:SHA256withRSA, Serial:01, Subject:CN=MySQL_Server_8.0.30_Auto_Generated_CA_Certificate, Issuer:CN=MySQL_Server_8.0.30_Auto_Generated_CA_Certificate, Key type:RSA, Length:2048, Cert Id:-1273706521, Valid from:4/1/25, 7:10 PM, Valid until:3/30/35, 7:10 PM
2025-05-13T22:42:55.413-05:00 DEBUG 92217 --- [           main] jdk.event.security                       :  TLSHandshake: localhost:3306, TLSv1.3, TLS_AES_256_GCM_SHA384, -540129423
2025-05-13T22:42:55.418-05:00  INFO 92217 --- [           main] com.zaxxer.hikari.pool.HikariPool        : HikariPool-4 - Added connection com.mysql.cj.jdbc.ConnectionImpl@673a5d75
2025-05-13T22:42:55.418-05:00  INFO 92217 --- [           main] com.zaxxer.hikari.HikariDataSource       : HikariPool-4 - Start completed.
2025-05-13T22:42:55.418-05:00 DEBUG 92217 --- [           main] o.h.e.j.e.i.JdbcEnvironmentInitiator     : Database ->
       name : MySQL
    version : 8.0.30
      major : 8
      minor : 0
2025-05-13T22:42:55.418-05:00 DEBUG 92217 --- [           main] o.h.e.j.e.i.JdbcEnvironmentInitiator     : Driver ->
       name : MySQL Connector/J
    version : mysql-connector-j-8.0.33 (Revision: 7d6b0800528b6b25c68b52dc10d6c1c8429c100c)
      major : 8
      minor : 0
2025-05-13T22:42:55.418-05:00 DEBUG 92217 --- [           main] o.h.e.j.e.i.JdbcEnvironmentInitiator     : JDBC version : 4.2
2025-05-13T22:42:55.419-05:00  WARN 92217 --- [           main] org.hibernate.orm.deprecation            : HHH90000025: MySQL8Dialect does not need to be specified explicitly using 'hibernate.dialect' (remove the property setting and it will be selected by default)
2025-05-13T22:42:55.419-05:00 DEBUG 92217 --- [           main] org.hibernate.orm.dialect                : HHH035001: Using dialect: org.hibernate.dialect.MySQL8Dialect, version: 8.0
2025-05-13T22:42:55.419-05:00  WARN 92217 --- [           main] org.hibernate.orm.deprecation            : HHH90000026: MySQL8Dialect has been deprecated; use org.hibernate.dialect.MySQLDialect instead
2025-05-13T22:42:55.419-05:00 DEBUG 92217 --- [           main] o.h.e.j.env.spi.IdentifierHelperBuilder  : JDBC driver metadata reported database stores quoted identifiers in more than one case
2025-05-13T22:42:55.419-05:00 DEBUG 92217 --- [           main] o.h.e.j.env.spi.IdentifierHelperBuilder  : IdentifierCaseStrategy for both quoted and unquoted identifiers was set to the same strategy [MIXED]; that will likely lead to problems in schema update and validation if using quoted identifiers
2025-05-13T22:42:55.420-05:00 DEBUG 92217 --- [           main] o.h.t.d.sql.spi.DdlTypeRegistry          : addDescriptor(12, org.hibernate.type.descriptor.sql.internal.CapacityDependentDdlType@4790479a) replaced previous registration(org.hibernate.type.descriptor.sql.internal.CapacityDependentDdlType@3b2a3542)
2025-05-13T22:42:55.420-05:00 DEBUG 92217 --- [           main] o.h.t.d.sql.spi.DdlTypeRegistry          : addDescriptor(-9, org.hibernate.type.descriptor.sql.internal.CapacityDependentDdlType@552f37ae) replaced previous registration(org.hibernate.type.descriptor.sql.internal.CapacityDependentDdlType@60cb098b)
2025-05-13T22:42:55.420-05:00 DEBUG 92217 --- [           main] o.h.t.d.sql.spi.DdlTypeRegistry          : addDescriptor(-3, org.hibernate.type.descriptor.sql.internal.CapacityDependentDdlType@25a22e9f) replaced previous registration(org.hibernate.type.descriptor.sql.internal.CapacityDependentDdlType@4f488f4c)
2025-05-13T22:42:55.420-05:00 DEBUG 92217 --- [           main] o.h.t.d.sql.spi.DdlTypeRegistry          : addDescriptor(4003, org.hibernate.type.descriptor.sql.internal.DdlTypeImpl@6376534c) replaced previous registration(org.hibernate.type.descriptor.sql.internal.DdlTypeImpl@5b4999f8)
2025-05-13T22:42:55.420-05:00 DEBUG 92217 --- [           main] o.h.t.d.sql.spi.DdlTypeRegistry          : addDescriptor(4001, org.hibernate.type.descriptor.sql.internal.DdlTypeImpl@6fab92d8) replaced previous registration(org.hibernate.type.descriptor.sql.internal.DdlTypeImpl@6492428e)
2025-05-13T22:42:55.420-05:00 DEBUG 92217 --- [           main] o.h.t.d.sql.spi.DdlTypeRegistry          : addDescriptor(4002, org.hibernate.type.descriptor.sql.internal.DdlTypeImpl@352f9163) replaced previous registration(org.hibernate.type.descriptor.sql.internal.DdlTypeImpl@22be4867)
2025-05-13T22:42:55.420-05:00 DEBUG 92217 --- [           main] o.h.t.d.sql.spi.DdlTypeRegistry          : addDescriptor(2004, org.hibernate.type.descriptor.sql.internal.CapacityDependentDdlType@11b023ba) replaced previous registration(org.hibernate.type.descriptor.sql.internal.DdlTypeImpl@67c09530)
2025-05-13T22:42:55.421-05:00 DEBUG 92217 --- [           main] o.h.t.d.sql.spi.DdlTypeRegistry          : addDescriptor(2005, org.hibernate.type.descriptor.sql.internal.CapacityDependentDdlType@2e2da422) replaced previous registration(org.hibernate.type.descriptor.sql.internal.DdlTypeImpl@7e003cf0)
2025-05-13T22:42:55.421-05:00 DEBUG 92217 --- [           main] o.h.t.d.sql.spi.DdlTypeRegistry          : addDescriptor(2011, org.hibernate.type.descriptor.sql.internal.CapacityDependentDdlType@6e3d6d79) replaced previous registration(org.hibernate.type.descriptor.sql.internal.DdlTypeImpl@db70c9b)
2025-05-13T22:42:55.421-05:00 DEBUG 92217 --- [           main] o.h.t.d.jdbc.spi.JdbcTypeRegistry        : addDescriptor(NCharTypeDescriptor) replaced previous registration(CharTypeDescriptor)
2025-05-13T22:42:55.421-05:00 DEBUG 92217 --- [           main] o.h.t.d.jdbc.spi.JdbcTypeRegistry        : addDescriptor(NVarcharTypeDescriptor) replaced previous registration(VarcharTypeDescriptor)
2025-05-13T22:42:55.421-05:00 DEBUG 92217 --- [           main] o.h.t.d.jdbc.spi.JdbcTypeRegistry        : addDescriptor(LongNVarcharTypeDescriptor) replaced previous registration(LongVarcharTypeDescriptor)
2025-05-13T22:42:55.421-05:00 DEBUG 92217 --- [           main] o.h.t.d.jdbc.spi.JdbcTypeRegistry        : addDescriptor(NClobTypeDescriptor(DEFAULT)) replaced previous registration(ClobTypeDescriptor(DEFAULT))
2025-05-13T22:42:55.421-05:00 DEBUG 92217 --- [           main] o.h.t.d.jdbc.spi.JdbcTypeRegistry        : addDescriptor(2005, ClobTypeDescriptor(STREAM_BINDING)) replaced previous registration(ClobTypeDescriptor(DEFAULT))
2025-05-13T22:42:55.421-05:00 DEBUG 92217 --- [           main] org.hibernate.type.BasicTypeRegistry     : Adding type registration null -> org.hibernate.type.NullType@4e78b5bb
2025-05-13T22:42:55.421-05:00 DEBUG 92217 --- [           main] org.hibernate.type.BasicTypeRegistry     : Type registration key [null] overrode previous entry : `org.hibernate.type.NullType@69d58731`
2025-05-13T22:42:55.421-05:00 DEBUG 92217 --- [           main] org.hibernate.type.BasicTypeRegistry     : Adding type registration Duration -> basicType@58(java.time.Duration,2)
2025-05-13T22:42:55.421-05:00 DEBUG 92217 --- [           main] org.hibernate.type.BasicTypeRegistry     : Adding type registration java.time.Duration -> basicType@58(java.time.Duration,2)
2025-05-13T22:42:55.421-05:00 DEBUG 92217 --- [           main] org.hibernate.type.BasicTypeRegistry     : Adding type registration org.hibernate.type.OffsetDateTimeType -> basicType@59(java.time.OffsetDateTime,3003)
2025-05-13T22:42:55.421-05:00 DEBUG 92217 --- [           main] org.hibernate.type.BasicTypeRegistry     : Adding type registration OffsetDateTime -> basicType@59(java.time.OffsetDateTime,3003)
2025-05-13T22:42:55.422-05:00 DEBUG 92217 --- [           main] org.hibernate.type.BasicTypeRegistry     : Adding type registration java.time.OffsetDateTime -> basicType@59(java.time.OffsetDateTime,3003)
2025-05-13T22:42:55.422-05:00 DEBUG 92217 --- [           main] org.hibernate.type.BasicTypeRegistry     : Adding type registration org.hibernate.type.ZonedDateTimeType -> basicType@60(java.time.ZonedDateTime,3003)
2025-05-13T22:42:55.422-05:00 DEBUG 92217 --- [           main] org.hibernate.type.BasicTypeRegistry     : Adding type registration ZonedDateTime -> basicType@60(java.time.ZonedDateTime,3003)
2025-05-13T22:42:55.422-05:00 DEBUG 92217 --- [           main] org.hibernate.type.BasicTypeRegistry     : Adding type registration java.time.ZonedDateTime -> basicType@60(java.time.ZonedDateTime,3003)
2025-05-13T22:42:55.422-05:00 DEBUG 92217 --- [           main] org.hibernate.type.BasicTypeRegistry     : Adding type registration org.hibernate.type.OffsetTimeType -> basicType@61(java.time.OffsetTime,3007)
2025-05-13T22:42:55.422-05:00 DEBUG 92217 --- [           main] org.hibernate.type.BasicTypeRegistry     : Adding type registration OffsetTime -> basicType@61(java.time.OffsetTime,3007)
2025-05-13T22:42:55.422-05:00 DEBUG 92217 --- [           main] org.hibernate.type.BasicTypeRegistry     : Adding type registration java.time.OffsetTime -> basicType@61(java.time.OffsetTime,3007)
2025-05-13T22:42:55.422-05:00 DEBUG 92217 --- [           main] o.h.type.spi.TypeConfiguration$Scope     : Scoping TypeConfiguration [org.hibernate.type.spi.TypeConfiguration@31e0f738] to MetadataBuildingContext [org.hibernate.boot.internal.MetadataBuildingContextRootImpl@34b312d8]
2025-05-13T22:42:55.422-05:00 DEBUG 92217 --- [           main] o.h.boot.model.relational.Namespace      : Created database namespace [logicalName=Name{catalog=null, schema=null}, physicalName=Name{catalog=null, schema=null}]
2025-05-13T22:42:55.423-05:00 DEBUG 92217 --- [           main] o.h.boot.model.internal.EntityBinder     : Binding entity from annotated class: com.schedule.model.Schedule
2025-05-13T22:42:55.423-05:00 DEBUG 92217 --- [           main] o.h.boot.model.internal.EntityBinder     : Import with entity name Schedule
2025-05-13T22:42:55.423-05:00 DEBUG 92217 --- [           main] o.h.boot.model.internal.EntityBinder     : Bind entity com.schedule.model.Schedule on table user_schedule
2025-05-13T22:42:55.423-05:00 DEBUG 92217 --- [           main] o.h.boot.model.internal.AnnotatedColumn  : Binding column: AnnotatedDiscriminatorColumn(column='DTYPE')
2025-05-13T22:42:55.425-05:00 DEBUG 92217 --- [           main] o.h.boot.model.internal.AnnotatedColumn  : Binding column: AnnotatedColumn()
2025-05-13T22:42:55.425-05:00 DEBUG 92217 --- [           main] o.h.boot.internal.ClassLoaderAccessImpl  : Not known whether passed class name [com.schedule.model.Schedule] is safe
2025-05-13T22:42:55.425-05:00 DEBUG 92217 --- [           main] o.h.boot.internal.ClassLoaderAccessImpl  : No temp ClassLoader provided; using live ClassLoader for loading potentially unsafe class : com.schedule.model.Schedule
2025-05-13T22:42:55.425-05:00 DEBUG 92217 --- [           main] o.h.boot.model.internal.PropertyBinder   : MetadataSourceProcessor property scheduleId with lazy=false
2025-05-13T22:42:55.425-05:00 DEBUG 92217 --- [           main] o.h.b.m.internal.AbstractPropertyHolder  : Attempting to locate auto-apply AttributeConverter for property [com.schedule.model.Schedule:scheduleId]
2025-05-13T22:42:55.425-05:00 DEBUG 92217 --- [           main] o.h.b.model.internal.BasicValueBinder    : building BasicValue for scheduleId
2025-05-13T22:42:55.426-05:00 DEBUG 92217 --- [           main] org.hibernate.mapping.BasicValue         : Skipping column re-registration: user_schedule.schedule_id
2025-05-13T22:42:55.426-05:00 DEBUG 92217 --- [           main] o.h.boot.model.internal.PropertyBinder   : Building property scheduleId
2025-05-13T22:42:55.426-05:00 DEBUG 92217 --- [           main] o.h.boot.model.internal.BinderHelper     : #makeIdGenerator(BasicValue([Column(schedule_id)]), scheduleId, identity, , ...)
2025-05-13T22:42:55.426-05:00 DEBUG 92217 --- [           main] o.h.boot.model.internal.AnnotatedColumn  : Binding column: AnnotatedColumn()
2025-05-13T22:42:55.426-05:00 DEBUG 92217 --- [           main] o.h.boot.model.internal.PropertyBinder   : MetadataSourceProcessor property createdAt with lazy=false
2025-05-13T22:42:55.426-05:00 DEBUG 92217 --- [           main] o.h.b.m.internal.AbstractPropertyHolder  : Attempting to locate auto-apply AttributeConverter for property [com.schedule.model.Schedule:createdAt]
2025-05-13T22:42:55.426-05:00 DEBUG 92217 --- [           main] o.h.b.model.internal.BasicValueBinder    : building BasicValue for createdAt
2025-05-13T22:42:55.427-05:00 DEBUG 92217 --- [           main] org.hibernate.mapping.BasicValue         : Skipping column re-registration: user_schedule.created_at
2025-05-13T22:42:55.427-05:00 DEBUG 92217 --- [           main] o.h.boot.model.internal.PropertyBinder   : Building property createdAt
2025-05-13T22:42:55.427-05:00 DEBUG 92217 --- [           main] o.h.boot.model.internal.AnnotatedColumn  : Binding column: AnnotatedColumn()
2025-05-13T22:42:55.427-05:00 DEBUG 92217 --- [           main] o.h.boot.model.internal.PropertyBinder   : MetadataSourceProcessor property description with lazy=false
2025-05-13T22:42:55.427-05:00 DEBUG 92217 --- [           main] o.h.b.m.internal.AbstractPropertyHolder  : Attempting to locate auto-apply AttributeConverter for property [com.schedule.model.Schedule:description]
2025-05-13T22:42:55.427-05:00 DEBUG 92217 --- [           main] o.h.b.model.internal.BasicValueBinder    : building BasicValue for description
2025-05-13T22:42:55.427-05:00 DEBUG 92217 --- [           main] org.hibernate.mapping.BasicValue         : Skipping column re-registration: user_schedule.description
2025-05-13T22:42:55.427-05:00 DEBUG 92217 --- [           main] o.h.boot.model.internal.PropertyBinder   : Building property description
2025-05-13T22:42:55.428-05:00 DEBUG 92217 --- [           main] o.h.boot.model.internal.AnnotatedColumn  : Binding column: AnnotatedColumn()
2025-05-13T22:42:55.428-05:00 DEBUG 92217 --- [           main] o.h.boot.model.internal.PropertyBinder   : MetadataSourceProcessor property endTime with lazy=false
[...]
2025-05-13T22:42:57.835-05:00 DEBUG 92217 --- [           main] o.s.test.util.ReflectionTestUtils        : Getting field 'requestHandler' from target object [org.springframework.security.web.csrf.CsrfFilter@531b5806] or target class [class org.springframework.security.web.csrf.CsrfFilter]
2025-05-13T22:42:57.836-05:00 DEBUG 92217 --- [           main] o.s.security.web.FilterChainProxy        : Securing POST /create-schedule
2025-05-13T22:42:57.838-05:00 DEBUG 92217 --- [           main] w.c.HttpSessionSecurityContextRepository : Retrieved SecurityContextImpl [Authentication=UsernamePasswordAuthenticationToken [Principal=org.springframework.security.core.userdetails.User [Username=john.doe@testmail.com, Password=[PROTECTED], Enabled=true, AccountNonExpired=true, credentialsNonExpired=true, AccountNonLocked=true, Granted Authorities=[ROLE_ADMIN]], Credentials=[PROTECTED], Authenticated=true, Details=null, Granted Authorities=[ROLE_ADMIN]]]
2025-05-13T22:42:57.841-05:00 DEBUG 92217 --- [           main] o.s.security.web.FilterChainProxy        : Secured POST /create-schedule
2025-05-13T22:42:57.841-05:00 DEBUG 92217 --- [           main] o.s.t.web.servlet.TestDispatcherServlet  : POST "/create-schedule", parameters={masked}
2025-05-13T22:42:57.842-05:00 DEBUG 92217 --- [           main] s.w.s.m.m.a.RequestMappingHandlerMapping : Mapped to com.schedule.controller.ScheduleController#createSchedule(String, String, LocalDateTime, LocalDateTime, Authentication, Model, RedirectAttributes)
2025-05-13T22:42:57.842-05:00 DEBUG 92217 --- [           main] o.j.s.OpenEntityManagerInViewInterceptor : Opening JPA EntityManager in OpenEntityManagerInViewInterceptor
2025-05-13T22:42:57.855-05:00 DEBUG 92217 --- [           main] o.s.web.servlet.view.RedirectView        : View name 'redirect:', model {}
2025-05-13T22:42:57.855-05:00 DEBUG 92217 --- [           main] o.j.s.OpenEntityManagerInViewInterceptor : Closing JPA EntityManager in OpenEntityManagerInViewInterceptor
2025-05-13T22:42:57.855-05:00 DEBUG 92217 --- [           main] o.s.t.web.servlet.TestDispatcherServlet  : Completed 302 FOUND
2025-05-13T22:42:57.857-05:00 DEBUG 92217 --- [           main] org.springframework.test.context.cache   : Spring test ApplicationContext cache statistics: [DefaultContextCache@2d28114b size = 5, maxSize = 32, parentContextCount = 0, hitCount = 284, missCount = 5]
2025-05-13T22:42:57.858-05:00 DEBUG 92217 --- [           main] org.springframework.test.context.cache   : Spring test ApplicationContext cache statistics: [DefaultContextCache@2d28114b size = 5, maxSize = 32, parentContextCount = 0, hitCount = 285, missCount = 5]
2025-05-13T22:42:57.858-05:00 DEBUG 92217 --- [           main] org.springframework.test.context.cache   : Spring test ApplicationContext cache statistics: [DefaultContextCache@2d28114b size = 5, maxSize = 32, parentContextCount = 0, hitCount = 286, missCount = 5]
2025-05-13T22:42:57.858-05:00 DEBUG 92217 --- [           main] org.springframework.test.context.cache   : Spring test ApplicationContext cache statistics: [DefaultContextCache@2d28114b size = 5, maxSize = 32, parentContextCount = 0, hitCount = 287, missCount = 5]
2025-05-13T22:42:57.859-05:00 DEBUG 92217 --- [           main] org.springframework.test.context.cache   : Spring test ApplicationContext cache statistics: [DefaultContextCache@2d28114b size = 5, maxSize = 32, parentContextCount = 0, hitCount = 288, missCount = 5]
2025-05-13T22:42:57.861-05:00 DEBUG 92217 --- [           main] org.springframework.test.context.cache   : Spring test ApplicationContext cache statistics: [DefaultContextCache@2d28114b size = 5, maxSize = 32, parentContextCount = 0, hitCount = 289, missCount = 5]
2025-05-13T22:42:57.861-05:00 DEBUG 92217 --- [           main] org.springframework.test.context.cache   : Spring test ApplicationContext cache statistics: [DefaultContextCache@2d28114b size = 5, maxSize = 32, parentContextCount = 0, hitCount = 290, missCount = 5]
2025-05-13T22:42:57.862-05:00 DEBUG 92217 --- [           main] .c.s.DirtiesContextTestExecutionListener : After test method: class [ScheduleControllerTest], method [testCreateSchedule], class annotated with @DirtiesContext [false] with mode [null], method annotated with @DirtiesContext [false] with mode [null]
2025-05-13T22:42:57.862-05:00 DEBUG 92217 --- [           main] o.s.t.c.w.ServletTestExecutionListener   : Resetting RequestContextHolder for test class com.schedule.controller.ScheduleControllerTest
]]></system-out>
  </testcase>
  <testcase name="testDeleteSchedule" classname="com.schedule.controller.ScheduleControllerTest" time="0.026">
    <system-out><![CDATA[2025-05-13T22:42:57.863-05:00 DEBUG 92217 --- [           main] org.springframework.test.context.cache   : Spring test ApplicationContext cache statistics: [DefaultContextCache@2d28114b size = 5, maxSize = 32, parentContextCount = 0, hitCount = 291, missCount = 5]
2025-05-13T22:42:57.864-05:00 DEBUG 92217 --- [           main] o.s.t.c.w.ServletTestExecutionListener   : Setting up MockHttpServletRequest, MockHttpServletResponse, ServletWebRequest, and RequestContextHolder for test class com.schedule.controller.ScheduleControllerTest
2025-05-13T22:42:57.865-05:00 DEBUG 92217 --- [           main] org.springframework.test.context.cache   : Spring test ApplicationContext cache statistics: [DefaultContextCache@2d28114b size = 5, maxSize = 32, parentContextCount = 0, hitCount = 292, missCount = 5]
2025-05-13T22:42:57.865-05:00 DEBUG 92217 --- [           main] DependencyInjectionTestExecutionListener : Performing dependency injection for test class com.schedule.controller.ScheduleControllerTest
2025-05-13T22:42:57.865-05:00 DEBUG 92217 --- [           main] org.springframework.test.context.cache   : Spring test ApplicationContext cache statistics: [DefaultContextCache@2d28114b size = 5, maxSize = 32, parentContextCount = 0, hitCount = 293, missCount = 5]
2025-05-13T22:42:57.866-05:00 DEBUG 92217 --- [           main] org.springframework.test.context.cache   : Spring test ApplicationContext cache statistics: [DefaultContextCache@2d28114b size = 5, maxSize = 32, parentContextCount = 0, hitCount = 294, missCount = 5]
2025-05-13T22:42:57.868-05:00 DEBUG 92217 --- [           main] sContextBeforeModesTestExecutionListener : Before test method: class [ScheduleControllerTest], method [testDeleteSchedule], class annotated with @DirtiesContext [false] with mode [null], method annotated with @DirtiesContext [false] with mode [null]
2025-05-13T22:42:57.868-05:00 DEBUG 92217 --- [           main] org.springframework.test.context.cache   : Spring test ApplicationContext cache statistics: [DefaultContextCache@2d28114b size = 5, maxSize = 32, parentContextCount = 0, hitCount = 295, missCount = 5]
2025-05-13T22:42:57.868-05:00 DEBUG 92217 --- [           main] org.springframework.test.context.cache   : Spring test ApplicationContext cache statistics: [DefaultContextCache@2d28114b size = 5, maxSize = 32, parentContextCount = 0, hitCount = 296, missCount = 5]
2025-05-13T22:42:57.869-05:00 DEBUG 92217 --- [           main] org.springframework.test.context.cache   : Spring test ApplicationContext cache statistics: [DefaultContextCache@2d28114b size = 5, maxSize = 32, parentContextCount = 0, hitCount = 297, missCount = 5]
2025-05-13T22:42:57.869-05:00 DEBUG 92217 --- [           main] org.springframework.test.context.cache   : Spring test ApplicationContext cache statistics: [DefaultContextCache@2d28114b size = 5, maxSize = 32, parentContextCount = 0, hitCount = 298, missCount = 5]
2025-05-13T22:42:57.875-05:00 DEBUG 92217 --- [           main] org.springframework.test.context.cache   : Spring test ApplicationContext cache statistics: [DefaultContextCache@2d28114b size = 5, maxSize = 32, parentContextCount = 0, hitCount = 299, missCount = 5]
2025-05-13T22:42:57.877-05:00 DEBUG 92217 --- [           main] o.s.test.util.ReflectionTestUtils        : Invoking method 'getFilters' on target object [FilterChainProxy[Filter Chains: [DefaultSecurityFilterChain [RequestMatcher=any request, Filters=[org.springframework.security.web.session.DisableEncodeUrlFilter@18626c8c, org.springframework.security.web.context.request.async.WebAsyncManagerIntegrationFilter@6ee88669, org.springframework.security.web.context.SecurityContextHolderFilter@fd7893a, org.springframework.security.web.header.HeaderWriterFilter@1bf90a59, org.springframework.security.web.csrf.CsrfFilter@531b5806, org.springframework.security.web.authentication.logout.LogoutFilter@46a4eecd, org.springframework.security.web.authentication.UsernamePasswordAuthenticationFilter@79d137fd, org.springframework.security.web.savedrequest.RequestCacheAwareFilter@6853bae, org.springframework.security.web.servletapi.SecurityContextHolderAwareRequestFilter@26714a4a, org.springframework.security.web.authentication.AnonymousAuthenticationFilter@4d1bbad3, org.springframework.security.web.access.ExceptionTranslationFilter@6538bd81, org.springframework.security.web.access.intercept.AuthorizationFilter@455cd186]]]]] or target class [null] with arguments {org.springframework.mock.web.MockHttpServletRequest@439be00}
2025-05-13T22:42:57.877-05:00 DEBUG 92217 --- [           main] o.s.test.util.ReflectionTestUtils        : Invoking method 'getFilters' on target object [FilterChainProxy[Filter Chains: [DefaultSecurityFilterChain [RequestMatcher=any request, Filters=[org.springframework.security.web.session.DisableEncodeUrlFilter@18626c8c, org.springframework.security.web.context.request.async.WebAsyncManagerIntegrationFilter@6ee88669, org.springframework.security.web.context.SecurityContextHolderFilter@fd7893a, org.springframework.security.web.header.HeaderWriterFilter@1bf90a59, org.springframework.security.web.csrf.CsrfFilter@531b5806, org.springframework.security.web.authentication.logout.LogoutFilter@46a4eecd, org.springframework.security.web.authentication.UsernamePasswordAuthenticationFilter@79d137fd, org.springframework.security.web.savedrequest.RequestCacheAwareFilter@6853bae, org.springframework.security.web.servletapi.SecurityContextHolderAwareRequestFilter@26714a4a, org.springframework.security.web.authentication.AnonymousAuthenticationFilter@4d1bbad3, org.springframework.security.web.access.ExceptionTranslationFilter@6538bd81, org.springframework.security.web.access.intercept.AuthorizationFilter@455cd186]]]]] or target class [null] with arguments {org.springframework.mock.web.MockHttpServletRequest@439be00}
2025-05-13T22:42:57.877-05:00 DEBUG 92217 --- [           main] o.s.test.util.ReflectionTestUtils        : Getting field 'securityContextRepository' from target object [org.springframework.security.web.context.SecurityContextHolderFilter@fd7893a] or target class [class org.springframework.security.web.context.SecurityContextHolderFilter]
2025-05-13T22:42:57.878-05:00 DEBUG 92217 --- [           main] w.c.HttpSessionSecurityContextRepository : Created HttpSession as SecurityContext is non-default
2025-05-13T22:42:57.878-05:00 DEBUG 92217 --- [           main] w.c.HttpSessionSecurityContextRepository : Stored SecurityContextImpl [Authentication=UsernamePasswordAuthenticationToken [Principal=org.springframework.security.core.userdetails.User [Username=john.doe@testmail.com, Password=[PROTECTED], Enabled=true, AccountNonExpired=true, credentialsNonExpired=true, AccountNonLocked=true, Granted Authorities=[ROLE_ADMIN]], Credentials=[PROTECTED], Authenticated=true, Details=null, Granted Authorities=[ROLE_ADMIN]]] to HttpSession [org.springframework.mock.web.MockHttpSession@2962a14f]
2025-05-13T22:42:57.879-05:00 DEBUG 92217 --- [           main] o.s.test.util.ReflectionTestUtils        : Invoking method 'getFilters' on target object [FilterChainProxy[Filter Chains: [DefaultSecurityFilterChain [RequestMatcher=any request, Filters=[org.springframework.security.web.session.DisableEncodeUrlFilter@18626c8c, org.springframework.security.web.context.request.async.WebAsyncManagerIntegrationFilter@6ee88669, org.springframework.security.web.context.SecurityContextHolderFilter@fd7893a, org.springframework.security.web.header.HeaderWriterFilter@1bf90a59, org.springframework.security.web.csrf.CsrfFilter@531b5806, org.springframework.security.web.authentication.logout.LogoutFilter@46a4eecd, org.springframework.security.web.authentication.UsernamePasswordAuthenticationFilter@79d137fd, org.springframework.security.web.savedrequest.RequestCacheAwareFilter@6853bae, org.springframework.security.web.servletapi.SecurityContextHolderAwareRequestFilter@26714a4a, org.springframework.security.web.authentication.AnonymousAuthenticationFilter@4d1bbad3, org.springframework.security.web.access.ExceptionTranslationFilter@6538bd81, org.springframework.security.web.access.intercept.AuthorizationFilter@455cd186]]]]] or target class [null] with arguments {org.springframework.mock.web.MockHttpServletRequest@439be00}
2025-05-13T22:42:57.879-05:00 DEBUG 92217 --- [           main] o.s.test.util.ReflectionTestUtils        : Getting field 'tokenRepository' from target object [org.springframework.security.web.csrf.CsrfFilter@531b5806] or target class [class org.springframework.security.web.csrf.CsrfFilter]
2025-05-13T22:42:57.879-05:00 DEBUG 92217 --- [           main] o.s.test.util.ReflectionTestUtils        : Invoking method 'getFilters' on target object [FilterChainProxy[Filter Chains: [DefaultSecurityFilterChain [RequestMatcher=any request, Filters=[org.springframework.security.web.session.DisableEncodeUrlFilter@18626c8c, org.springframework.security.web.context.request.async.WebAsyncManagerIntegrationFilter@6ee88669, org.springframework.security.web.context.SecurityContextHolderFilter@fd7893a, org.springframework.security.web.header.HeaderWriterFilter@1bf90a59, org.springframework.security.web.csrf.CsrfFilter@531b5806, org.springframework.security.web.authentication.logout.LogoutFilter@46a4eecd, org.springframework.security.web.authentication.UsernamePasswordAuthenticationFilter@79d137fd, org.springframework.security.web.savedrequest.RequestCacheAwareFilter@6853bae, org.springframework.security.web.servletapi.SecurityContextHolderAwareRequestFilter@26714a4a, org.springframework.security.web.authentication.AnonymousAuthenticationFilter@4d1bbad3, org.springframework.security.web.access.ExceptionTranslationFilter@6538bd81, org.springframework.security.web.access.intercept.AuthorizationFilter@455cd186]]]]] or target class [null] with arguments {org.springframework.mock.web.MockHttpServletRequest@439be00}
2025-05-13T22:42:57.879-05:00 DEBUG 92217 --- [           main] o.s.test.util.ReflectionTestUtils        : Getting field 'requestHandler' from target object [org.springframework.security.web.csrf.CsrfFilter@531b5806] or target class [class org.springframework.security.web.csrf.CsrfFilter]
2025-05-13T22:42:57.880-05:00 DEBUG 92217 --- [           main] o.s.security.web.FilterChainProxy        : Securing POST /delete-schedule
2025-05-13T22:42:57.882-05:00 DEBUG 92217 --- [           main] w.c.HttpSessionSecurityContextRepository : Retrieved SecurityContextImpl [Authentication=UsernamePasswordAuthenticationToken [Principal=org.springframework.security.core.userdetails.User [Username=john.doe@testmail.com, Password=[PROTECTED], Enabled=true, AccountNonExpired=true, credentialsNonExpired=true, AccountNonLocked=true, Granted Authorities=[ROLE_ADMIN]], Credentials=[PROTECTED], Authenticated=true, Details=null, Granted Authorities=[ROLE_ADMIN]]]
2025-05-13T22:42:57.883-05:00 DEBUG 92217 --- [           main] o.s.security.web.FilterChainProxy        : Secured POST /delete-schedule
2025-05-13T22:42:57.883-05:00 DEBUG 92217 --- [           main] o.s.t.web.servlet.TestDispatcherServlet  : POST "/delete-schedule", parameters={masked}
2025-05-13T22:42:57.883-05:00 DEBUG 92217 --- [           main] s.w.s.m.m.a.RequestMappingHandlerMapping : Mapped to com.schedule.controller.ScheduleController#deleteSchedule(Long, RedirectAttributes)
2025-05-13T22:42:57.883-05:00 DEBUG 92217 --- [           main] o.j.s.OpenEntityManagerInViewInterceptor : Opening JPA EntityManager in OpenEntityManagerInViewInterceptor
2025-05-13T22:42:57.885-05:00 DEBUG 92217 --- [           main] o.s.web.servlet.view.RedirectView        : View name 'redirect:', model {}
2025-05-13T22:42:57.886-05:00 DEBUG 92217 --- [           main] o.j.s.OpenEntityManagerInViewInterceptor : Closing JPA EntityManager in OpenEntityManagerInViewInterceptor
2025-05-13T22:42:57.886-05:00 DEBUG 92217 --- [           main] o.s.t.web.servlet.TestDispatcherServlet  : Completed 302 FOUND
2025-05-13T22:42:57.889-05:00 DEBUG 92217 --- [           main] org.springframework.test.context.cache   : Spring test ApplicationContext cache statistics: [DefaultContextCache@2d28114b size = 5, maxSize = 32, parentContextCount = 0, hitCount = 300, missCount = 5]
2025-05-13T22:42:57.890-05:00 DEBUG 92217 --- [           main] org.springframework.test.context.cache   : Spring test ApplicationContext cache statistics: [DefaultContextCache@2d28114b size = 5, maxSize = 32, parentContextCount = 0, hitCount = 301, missCount = 5]
2025-05-13T22:42:57.890-05:00 DEBUG 92217 --- [           main] org.springframework.test.context.cache   : Spring test ApplicationContext cache statistics: [DefaultContextCache@2d28114b size = 5, maxSize = 32, parentContextCount = 0, hitCount = 302, missCount = 5]
2025-05-13T22:42:57.891-05:00 DEBUG 92217 --- [           main] org.springframework.test.context.cache   : Spring test ApplicationContext cache statistics: [DefaultContextCache@2d28114b size = 5, maxSize = 32, parentContextCount = 0, hitCount = 303, missCount = 5]
2025-05-13T22:42:57.891-05:00 DEBUG 92217 --- [           main] org.springframework.test.context.cache   : Spring test ApplicationContext cache statistics: [DefaultContextCache@2d28114b size = 5, maxSize = 32, parentContextCount = 0, hitCount = 304, missCount = 5]
2025-05-13T22:42:57.893-05:00 DEBUG 92217 --- [           main] org.springframework.test.context.cache   : Spring test ApplicationContext cache statistics: [DefaultContextCache@2d28114b size = 5, maxSize = 32, parentContextCount = 0, hitCount = 305, missCount = 5]
2025-05-13T22:42:57.893-05:00 DEBUG 92217 --- [           main] org.springframework.test.context.cache   : Spring test ApplicationContext cache statistics: [DefaultContextCache@2d28114b size = 5, maxSize = 32, parentContextCount = 0, hitCount = 306, missCount = 5]
2025-05-13T22:42:57.893-05:00 DEBUG 92217 --- [           main] .c.s.DirtiesContextTestExecutionListener : After test method: class [ScheduleControllerTest], method [testDeleteSchedule], class annotated with @DirtiesContext [false] with mode [null], method annotated with @DirtiesContext [false] with mode [null]
2025-05-13T22:42:57.893-05:00 DEBUG 92217 --- [           main] o.s.t.c.w.ServletTestExecutionListener   : Resetting RequestContextHolder for test class com.schedule.controller.ScheduleControllerTest
]]></system-out>
  </testcase>
</testsuite>