<?xml version="1.0" encoding="UTF-8"?>
<testsuite xmlns:xsi="http://www.w3.org/2001/XMLSchema-instance" xsi:noNamespaceSchemaLocation="https://maven.apache.org/surefire/maven-surefire-plugin/xsd/surefire-test-report-3.0.xsd" version="3.0" name="com.schedule.controller.TaskControllerTest" time="16.221" tests="5" errors="0" skipped="0" failures="0">
  <properties>
[...]
</properties>
  <testcase name="getAllTasks" classname="com.schedule.controller.TaskControllerTest" time="1.472">
    <system-out><![CDATA[22:42:26.932 [main] INFO org.springframework.test.context.support.AnnotationConfigContextLoaderUtils -- Could not detect default configuration classes for test class [com.schedule.controller.TaskControllerTest]: TaskControllerTest does not declare any static, non-private, non-final, nested classes annotated with @Configuration.
22:42:27.157 [main] INFO org.springframework.boot.test.context.SpringBootTestContextBootstrapper -- Found @SpringBootConfiguration com.schedule.ScheduleApplication for test class com.schedule.controller.TaskControllerTest

  .   ____          _            __ _ _
 /\\ / ___'_ __ _ _(_)_ __  __ _ \ \ \ \
( ( )\___ | '_ | '_| | '_ \/ _` | \ \ \ \
 \\/  ___)| |_)| | | | | || (_| |  ) ) ) )
  '  |____| .__|_| |_|_| |_\__, | / / / /
 =========|_|==============|___/=/_/_/_/
 :: Spring Boot ::                (v3.1.5)

2025-05-13T22:42:27.662-05:00 DEBUG 92217 --- [kground-preinit] org.jboss.logging                        : Logging Provider: org.jboss.logging.Slf4jLoggerProvider found via system property
2025-05-13T22:42:27.673-05:00 DEBUG 92217 --- [kground-preinit] o.h.v.i.xml.config.ValidationXmlParser   : Trying to load META-INF/validation.xml for XML based Validator configuration.
2025-05-13T22:42:27.674-05:00 DEBUG 92217 --- [kground-preinit] o.h.v.i.xml.config.ResourceLoaderHelper  : Trying to load META-INF/validation.xml via TCCL
2025-05-13T22:42:27.675-05:00 DEBUG 92217 --- [kground-preinit] o.h.v.i.xml.config.ResourceLoaderHelper  : Trying to load META-INF/validation.xml via Hibernate Validator's class loader
2025-05-13T22:42:27.676-05:00 DEBUG 92217 --- [kground-preinit] o.h.v.i.xml.config.ValidationXmlParser   : No META-INF/validation.xml found. Using annotation based configuration only.
2025-05-13T22:42:27.685-05:00 DEBUG 92217 --- [kground-preinit] o.h.v.i.e.resolver.TraversableResolvers  : Found jakarta.persistence.Persistence on classpath containing 'getPersistenceUtil'. Assuming JPA 2 environment. Trying to instantiate JPA aware TraversableResolver
2025-05-13T22:42:27.687-05:00 DEBUG 92217 --- [kground-preinit] o.h.v.i.e.resolver.TraversableResolvers  : Instantiated JPA aware TraversableResolver of type org.hibernate.validator.internal.engine.resolver.JPATraversableResolver.
2025-05-13T22:42:27.732-05:00  INFO 92217 --- [           main] c.s.controller.TaskControllerTest        : Starting TaskControllerTest using Java 17.0.14 with PID 92217 (started by linhdo in /Users/linhdo/IdeaProjects/d424-software-engineering-capstone)
2025-05-13T22:42:27.733-05:00 DEBUG 92217 --- [           main] c.s.controller.TaskControllerTest        : Running with Spring Boot v3.1.5, Spring v6.0.13
2025-05-13T22:42:27.735-05:00 DEBUG 92217 --- [kground-preinit] .h.v.m.ResourceBundleMessageInterpolator : Loaded expression factory via original TCCL
2025-05-13T22:42:27.736-05:00  INFO 92217 --- [           main] c.s.controller.TaskControllerTest        : No active profile set, falling back to 1 default profile: "default"
2025-05-13T22:42:27.737-05:00 DEBUG 92217 --- [           main] o.s.boot.SpringApplication               : Loading source class com.schedule.ScheduleApplication
2025-05-13T22:42:27.775-05:00 DEBUG 92217 --- [           main] o.s.w.c.s.GenericWebApplicationContext   : Refreshing org.springframework.web.context.support.GenericWebApplicationContext@3113a37
2025-05-13T22:42:27.809-05:00 DEBUG 92217 --- [           main] o.s.b.f.s.DefaultListableBeanFactory     : Creating shared instance of singleton bean 'org.springframework.context.annotation.internalConfigurationAnnotationProcessor'
2025-05-13T22:42:27.846-05:00 DEBUG 92217 --- [           main] o.s.b.f.s.DefaultListableBeanFactory     : Creating shared instance of singleton bean 'org.springframework.boot.autoconfigure.internalCachingMetadataReaderFactory'
2025-05-13T22:42:27.913-05:00 DEBUG 92217 --- [kground-preinit] .i.e.ValidatorFactoryConfigurationHelper : HV000252: Using org.hibernate.validator.internal.engine.DefaultPropertyNodeNameProvider as property node name provider.
2025-05-13T22:42:27.920-05:00 DEBUG 92217 --- [kground-preinit] .i.e.ValidatorFactoryConfigurationHelper : HV000234: Using org.hibernate.validator.messageinterpolation.ResourceBundleMessageInterpolator as ValidatorFactory-scoped message interpolator.
2025-05-13T22:42:27.921-05:00 DEBUG 92217 --- [kground-preinit] .i.e.ValidatorFactoryConfigurationHelper : HV000234: Using org.hibernate.validator.internal.engine.resolver.JPATraversableResolver as ValidatorFactory-scoped traversable resolver.
2025-05-13T22:42:27.921-05:00 DEBUG 92217 --- [kground-preinit] .i.e.ValidatorFactoryConfigurationHelper : HV000234: Using org.hibernate.validator.internal.util.ExecutableParameterNameProvider as ValidatorFactory-scoped parameter name provider.
2025-05-13T22:42:27.921-05:00 DEBUG 92217 --- [kground-preinit] .i.e.ValidatorFactoryConfigurationHelper : HV000234: Using org.hibernate.validator.internal.engine.DefaultClockProvider as ValidatorFactory-scoped clock provider.
2025-05-13T22:42:27.922-05:00 DEBUG 92217 --- [kground-preinit] .i.e.ValidatorFactoryConfigurationHelper : HV000234: Using org.hibernate.validator.internal.engine.scripting.DefaultScriptEvaluatorFactory as ValidatorFactory-scoped script evaluator factory.
2025-05-13T22:42:27.922-05:00 DEBUG 92217 --- [           main] o.s.c.a.ClassPathBeanDefinitionScanner   : Identified candidate component class: file [/Users/linhdo/IdeaProjects/d424-software-engineering-capstone/target/classes/com/schedule/controller/AdminController.class]
2025-05-13T22:42:27.924-05:00 DEBUG 92217 --- [           main] o.s.c.a.ClassPathBeanDefinitionScanner   : Identified candidate component class: file [/Users/linhdo/IdeaProjects/d424-software-engineering-capstone/target/classes/com/schedule/controller/AuthController.class]
2025-05-13T22:42:27.925-05:00 DEBUG 92217 --- [           main] o.s.c.a.ClassPathBeanDefinitionScanner   : Identified candidate component class: file [/Users/linhdo/IdeaProjects/d424-software-engineering-capstone/target/classes/com/schedule/controller/DashboardController.class]
2025-05-13T22:42:27.926-05:00 DEBUG 92217 --- [           main] o.s.c.a.ClassPathBeanDefinitionScanner   : Identified candidate component class: file [/Users/linhdo/IdeaProjects/d424-software-engineering-capstone/target/classes/com/schedule/controller/GlobalModelAttributes.class]
2025-05-13T22:42:27.927-05:00 DEBUG 92217 --- [           main] o.s.c.a.ClassPathBeanDefinitionScanner   : Identified candidate component class: file [/Users/linhdo/IdeaProjects/d424-software-engineering-capstone/target/classes/com/schedule/controller/ReportController.class]
2025-05-13T22:42:27.928-05:00 DEBUG 92217 --- [           main] o.s.c.a.ClassPathBeanDefinitionScanner   : Identified candidate component class: file [/Users/linhdo/IdeaProjects/d424-software-engineering-capstone/target/classes/com/schedule/controller/ScheduleController.class]
2025-05-13T22:42:27.930-05:00 DEBUG 92217 --- [           main] o.s.c.a.ClassPathBeanDefinitionScanner   : Identified candidate component class: file [/Users/linhdo/IdeaProjects/d424-software-engineering-capstone/target/classes/com/schedule/controller/TaskController.class]
2025-05-13T22:42:27.931-05:00 DEBUG 92217 --- [           main] o.s.c.a.ClassPathBeanDefinitionScanner   : Identified candidate component class: file [/Users/linhdo/IdeaProjects/d424-software-engineering-capstone/target/classes/com/schedule/controller/UserController.class]
2025-05-13T22:42:27.949-05:00 DEBUG 92217 --- [           main] o.s.c.a.ClassPathBeanDefinitionScanner   : Ignored because not a concrete top-level class: file [/Users/linhdo/IdeaProjects/d424-software-engineering-capstone/target/classes/com/schedule/repository/ScheduleRepository.class]
2025-05-13T22:42:27.950-05:00 DEBUG 92217 --- [           main] o.s.c.a.ClassPathBeanDefinitionScanner   : Ignored because not a concrete top-level class: file [/Users/linhdo/IdeaProjects/d424-software-engineering-capstone/target/classes/com/schedule/repository/TaskRepository.class]
2025-05-13T22:42:27.956-05:00 DEBUG 92217 --- [           main] o.s.c.a.ClassPathBeanDefinitionScanner   : Identified candidate component class: file [/Users/linhdo/IdeaProjects/d424-software-engineering-capstone/target/classes/com/schedule/security/BeanInspector.class]
2025-05-13T22:42:27.960-05:00 DEBUG 92217 --- [           main] o.s.c.a.ClassPathBeanDefinitionScanner   : Identified candidate component class: file [/Users/linhdo/IdeaProjects/d424-software-engineering-capstone/target/classes/com/schedule/security/CustomAuthenticationSuccessHandler.class]
2025-05-13T22:42:27.962-05:00 DEBUG 92217 --- [           main] o.s.c.a.ClassPathBeanDefinitionScanner   : Identified candidate component class: file [/Users/linhdo/IdeaProjects/d424-software-engineering-capstone/target/classes/com/schedule/security/CustomerDetailsService.class]
2025-05-13T22:42:27.964-05:00 DEBUG 92217 --- [           main] o.s.c.a.ClassPathBeanDefinitionScanner   : Identified candidate component class: file [/Users/linhdo/IdeaProjects/d424-software-engineering-capstone/target/classes/com/schedule/security/WebSecurityConfig.class]
2025-05-13T22:42:27.965-05:00 DEBUG 92217 --- [           main] o.s.c.a.ClassPathBeanDefinitionScanner   : Identified candidate component class: file [/Users/linhdo/IdeaProjects/d424-software-engineering-capstone/target/classes/com/schedule/service/EmailService.class]
2025-05-13T22:42:27.966-05:00 DEBUG 92217 --- [           main] o.s.c.a.ClassPathBeanDefinitionScanner   : Identified candidate component class: file [/Users/linhdo/IdeaProjects/d424-software-engineering-capstone/target/classes/com/schedule/service/ScheduleService.class]
2025-05-13T22:42:27.967-05:00 DEBUG 92217 --- [           main] o.s.c.a.ClassPathBeanDefinitionScanner   : Identified candidate component class: file [/Users/linhdo/IdeaProjects/d424-software-engineering-capstone/target/classes/com/schedule/service/TaskService.class]
2025-05-13T22:42:27.968-05:00 DEBUG 92217 --- [           main] o.s.c.a.ClassPathBeanDefinitionScanner   : Identified candidate component class: file [/Users/linhdo/IdeaProjects/d424-software-engineering-capstone/target/classes/com/schedule/service/UserService.class]
2025-05-13T22:42:29.347-05:00  INFO 92217 --- [           main] .s.d.r.c.RepositoryConfigurationDelegate : Bootstrapping Spring Data JPA repositories in DEFAULT mode.
2025-05-13T22:42:29.358-05:00 DEBUG 92217 --- [           main] o.s.b.f.s.DefaultListableBeanFactory     : Creating shared instance of singleton bean 'org.springframework.boot.autoconfigure.AutoConfigurationPackages'
2025-05-13T22:42:29.368-05:00 DEBUG 92217 --- [           main] o.s.b.a.AutoConfigurationPackages        : @EnableAutoConfiguration was declared on a class in the package 'com.schedule'. Automatic @Repository and @Entity scanning is enabled.
2025-05-13T22:42:29.371-05:00 DEBUG 92217 --- [           main] .s.d.r.c.RepositoryConfigurationDelegate : Scanning for JPA repositories in packages com.schedule.
2025-05-13T22:42:29.388-05:00 DEBUG 92217 --- [           main] o.s.d.r.c.RepositoryComponentProvider    : Identified candidate component class: file [/Users/linhdo/IdeaProjects/d424-software-engineering-capstone/target/classes/com/schedule/repository/ScheduleRepository.class]
2025-05-13T22:42:29.388-05:00 DEBUG 92217 --- [           main] o.s.d.r.c.RepositoryComponentProvider    : Identified candidate component class: file [/Users/linhdo/IdeaProjects/d424-software-engineering-capstone/target/classes/com/schedule/repository/TaskRepository.class]
2025-05-13T22:42:29.389-05:00 DEBUG 92217 --- [           main] o.s.d.r.c.RepositoryComponentProvider    : Identified candidate component class: file [/Users/linhdo/IdeaProjects/d424-software-engineering-capstone/target/classes/com/schedule/repository/UserRepository.class]
2025-05-13T22:42:29.446-05:00  INFO 92217 --- [           main] .s.d.r.c.RepositoryConfigurationDelegate : Finished Spring Data repository scanning in 72 ms. Found 3 JPA repository interfaces.
2025-05-13T22:42:29.632-05:00 DEBUG 92217 --- [           main] o.s.b.f.s.DefaultListableBeanFactory     : Creating shared instance of singleton bean 'org.springframework.boot.test.context.ImportsContextCustomizer$ImportsCleanupPostProcessor'
2025-05-13T22:42:29.762-05:00 DEBUG 92217 --- [           main] o.s.b.f.s.DefaultListableBeanFactory     : Creating shared instance of singleton bean 'propertySourcesPlaceholderConfigurer'
2025-05-13T22:42:29.769-05:00 DEBUG 92217 --- [           main] o.s.b.f.s.DefaultListableBeanFactory     : Creating shared instance of singleton bean 'org.springframework.boot.test.mock.mockito.MockitoPostProcessor'
2025-05-13T22:42:29.771-05:00 DEBUG 92217 --- [           main] o.s.b.f.s.DefaultListableBeanFactory     : Creating shared instance of singleton bean 'emBeanDefinitionRegistrarPostProcessor'
2025-05-13T22:42:29.772-05:00 DEBUG 92217 --- [           main] o.s.b.f.s.DefaultListableBeanFactory     : Creating shared instance of singleton bean 'org.springframework.boot.sql.init.dependency.DatabaseInitializationDependencyConfigurer$DependsOnDatabaseInitializationPostProcessor'
2025-05-13T22:42:31.800-05:00 DEBUG 92217 --- [           main] o.s.b.f.s.DefaultListableBeanFactory     : Creating shared instance of singleton bean 'org.springframework.context.event.internalEventListenerProcessor'
2025-05-13T22:42:31.802-05:00 DEBUG 92217 --- [           main] o.s.b.f.s.DefaultListableBeanFactory     : Creating shared instance of singleton bean 'preserveErrorControllerTargetClassPostProcessor'
2025-05-13T22:42:31.803-05:00 DEBUG 92217 --- [           main] o.s.b.f.s.DefaultListableBeanFactory     : Creating shared instance of singleton bean 'conversionServicePostProcessor'
2025-05-13T22:42:31.818-05:00 DEBUG 92217 --- [           main] o.s.b.f.s.DefaultListableBeanFactory     : Creating shared instance of singleton bean 'org.springframework.context.event.internalEventListenerFactory'
2025-05-13T22:42:31.819-05:00 DEBUG 92217 --- [           main] o.s.b.f.s.DefaultListableBeanFactory     : Creating shared instance of singleton bean 'org.springframework.transaction.config.internalTransactionalEventListenerFactory'
2025-05-13T22:42:31.828-05:00 DEBUG 92217 --- [           main] o.s.b.f.s.DefaultListableBeanFactory     : Creating shared instance of singleton bean 'org.springframework.context.annotation.internalAutowiredAnnotationProcessor'
2025-05-13T22:42:31.831-05:00 DEBUG 92217 --- [           main] o.s.b.f.s.DefaultListableBeanFactory     : Creating shared instance of singleton bean 'org.springframework.context.annotation.internalCommonAnnotationProcessor'
2025-05-13T22:42:31.836-05:00 DEBUG 92217 --- [           main] o.s.b.f.s.DefaultListableBeanFactory     : Creating shared instance of singleton bean 'org.springframework.context.annotation.internalPersistenceAnnotationProcessor'
2025-05-13T22:42:31.837-05:00 DEBUG 92217 --- [           main] o.s.b.f.s.DefaultListableBeanFactory     : Creating shared instance of singleton bean 'org.springframework.boot.test.mock.mockito.MockitoPostProcessor$SpyPostProcessor'
2025-05-13T22:42:31.839-05:00 DEBUG 92217 --- [           main] o.s.b.f.s.DefaultListableBeanFactory     : Creating shared instance of singleton bean 'org.springframework.boot.context.properties.ConfigurationPropertiesBindingPostProcessor'
2025-05-13T22:42:31.839-05:00 DEBUG 92217 --- [           main] o.s.b.f.s.DefaultListableBeanFactory     : Creating shared instance of singleton bean 'org.springframework.boot.context.internalConfigurationPropertiesBinder'
2025-05-13T22:42:31.841-05:00 DEBUG 92217 --- [           main] o.s.b.f.s.DefaultListableBeanFactory     : Creating shared instance of singleton bean 'jdbcConnectionDetailsHikariBeanPostProcessor'
2025-05-13T22:42:31.846-05:00 DEBUG 92217 --- [           main] o.s.b.f.s.DefaultListableBeanFactory     : Creating shared instance of singleton bean 'methodValidationPostProcessor'
2025-05-13T22:42:31.856-05:00 DEBUG 92217 --- [           main] o.s.b.f.s.DefaultListableBeanFactory     : Autowiring by type from bean name 'methodValidationPostProcessor' via factory method to bean named 'environment'
2025-05-13T22:42:31.858-05:00 DEBUG 92217 --- [           main] o.s.b.f.s.DefaultListableBeanFactory     : Creating shared instance of singleton bean 'org.springframework.boot.context.properties.EnableConfigurationPropertiesRegistrar.methodValidationExcludeFilter'
2025-05-13T22:42:31.892-05:00 DEBUG 92217 --- [           main] o.s.b.f.s.DefaultListableBeanFactory     : Creating shared instance of singleton bean 'org.springframework.aop.config.internalAutoProxyCreator'
2025-05-13T22:42:31.952-05:00 DEBUG 92217 --- [           main] o.s.b.f.s.DefaultListableBeanFactory     : Creating shared instance of singleton bean 'persistenceExceptionTranslationPostProcessor'
2025-05-13T22:42:31.954-05:00 DEBUG 92217 --- [           main] o.s.b.f.s.DefaultListableBeanFactory     : Autowiring by type from bean name 'persistenceExceptionTranslationPostProcessor' via factory method to bean named 'environment'
2025-05-13T22:42:31.961-05:00 DEBUG 92217 --- [           main] o.s.b.f.s.DefaultListableBeanFactory     : Creating shared instance of singleton bean 'webServerFactoryCustomizerBeanPostProcessor'
2025-05-13T22:42:31.964-05:00 DEBUG 92217 --- [           main] o.s.b.f.s.DefaultListableBeanFactory     : Creating shared instance of singleton bean 'errorPageRegistrarBeanPostProcessor'
2025-05-13T22:42:31.966-05:00 DEBUG 92217 --- [           main] o.s.b.f.s.DefaultListableBeanFactory     : Creating shared instance of singleton bean 'healthEndpointGroupsBeanPostProcessor'
2025-05-13T22:42:31.968-05:00 DEBUG 92217 --- [           main] o.s.b.f.s.DefaultListableBeanFactory     : Creating shared instance of singleton bean 'org.springframework.transaction.config.internalTransactionAdvisor'
2025-05-13T22:42:31.969-05:00 DEBUG 92217 --- [           main] o.s.b.f.s.DefaultListableBeanFactory     : Creating shared instance of singleton bean 'org.springframework.transaction.annotation.ProxyTransactionManagementConfiguration'
2025-05-13T22:42:32.039-05:00 DEBUG 92217 --- [           main] o.s.b.f.s.DefaultListableBeanFactory     : Creating shared instance of singleton bean 'transactionAttributeSource'
2025-05-13T22:42:32.043-05:00 DEBUG 92217 --- [           main] o.s.b.f.s.DefaultListableBeanFactory     : Creating shared instance of singleton bean 'transactionInterceptor'
2025-05-13T22:42:32.045-05:00 DEBUG 92217 --- [           main] o.s.b.f.s.DefaultListableBeanFactory     : Autowiring by type from bean name 'transactionInterceptor' via factory method to bean named 'transactionAttributeSource'
2025-05-13T22:42:32.061-05:00 DEBUG 92217 --- [           main] o.s.b.f.s.DefaultListableBeanFactory     : Autowiring by type from bean name 'org.springframework.transaction.config.internalTransactionAdvisor' via factory method to bean named 'transactionAttributeSource'
2025-05-13T22:42:32.061-05:00 DEBUG 92217 --- [           main] o.s.b.f.s.DefaultListableBeanFactory     : Autowiring by type from bean name 'org.springframework.transaction.config.internalTransactionAdvisor' via factory method to bean named 'transactionInterceptor'
2025-05-13T22:42:32.072-05:00 DEBUG 92217 --- [           main] o.s.b.f.s.DefaultListableBeanFactory     : Creating shared instance of singleton bean 'meterRegistryPostProcessor'
2025-05-13T22:42:32.074-05:00 DEBUG 92217 --- [           main] o.s.b.f.s.DefaultListableBeanFactory     : Autowiring by type from bean name 'meterRegistryPostProcessor' via factory method to bean named 'org.springframework.web.context.support.GenericWebApplicationContext@3113a37'
2025-05-13T22:42:32.077-05:00 DEBUG 92217 --- [           main] o.s.b.f.s.DefaultListableBeanFactory     : Creating shared instance of singleton bean 'metricsRepositoryMethodInvocationListenerBeanPostProcessor'
2025-05-13T22:42:32.081-05:00 DEBUG 92217 --- [           main] o.s.b.f.s.DefaultListableBeanFactory     : Creating shared instance of singleton bean 'observationRegistryPostProcessor'
2025-05-13T22:42:32.085-05:00 DEBUG 92217 --- [           main] o.s.b.f.s.DefaultListableBeanFactory     : Creating shared instance of singleton bean 'projectingArgumentResolverBeanPostProcessor'
2025-05-13T22:42:32.144-05:00 DEBUG 92217 --- [           main] o.s.u.c.s.UiApplicationContextUtils      : Unable to locate ThemeSource with name 'themeSource': using default [org.springframework.ui.context.support.ResourceBundleThemeSource@14df5253]
2025-05-13T22:42:32.146-05:00 DEBUG 92217 --- [           main] o.s.b.f.s.DefaultListableBeanFactory     : Creating shared instance of singleton bean 'dataSourceScriptDatabaseInitializer'
2025-05-13T22:42:32.147-05:00 DEBUG 92217 --- [           main] o.s.b.f.s.DefaultListableBeanFactory     : Creating shared instance of singleton bean 'org.springframework.boot.autoconfigure.sql.init.DataSourceInitializationConfiguration'
2025-05-13T22:42:32.154-05:00 DEBUG 92217 --- [           main] o.s.b.f.s.DefaultListableBeanFactory     : Creating shared instance of singleton bean 'dataSource'
2025-05-13T22:42:32.155-05:00 DEBUG 92217 --- [           main] o.s.b.f.s.DefaultListableBeanFactory     : Creating shared instance of singleton bean 'org.springframework.boot.autoconfigure.jdbc.DataSourceConfiguration$Hikari'
2025-05-13T22:42:32.158-05:00 DEBUG 92217 --- [           main] o.s.b.f.s.DefaultListableBeanFactory     : Creating shared instance of singleton bean 'spring.datasource-org.springframework.boot.autoconfigure.jdbc.DataSourceProperties'
2025-05-13T22:42:32.160-05:00 DEBUG 92217 --- [           main] o.s.b.f.s.DefaultListableBeanFactory     : Creating shared instance of singleton bean 'org.springframework.boot.context.properties.BoundConfigurationProperties'
2025-05-13T22:42:32.217-05:00 DEBUG 92217 --- [           main] o.s.b.f.s.DefaultListableBeanFactory     : Creating shared instance of singleton bean 'jdbcConnectionDetails'
2025-05-13T22:42:32.217-05:00 DEBUG 92217 --- [           main] o.s.b.f.s.DefaultListableBeanFactory     : Creating shared instance of singleton bean 'org.springframework.boot.autoconfigure.jdbc.DataSourceAutoConfiguration$PooledDataSourceConfiguration'
2025-05-13T22:42:32.220-05:00 DEBUG 92217 --- [           main] o.s.b.f.s.DefaultListableBeanFactory     : Autowiring by type from bean name 'jdbcConnectionDetails' via factory method to bean named 'spring.datasource-org.springframework.boot.autoconfigure.jdbc.DataSourceProperties'
2025-05-13T22:42:32.223-05:00 DEBUG 92217 --- [           main] o.s.b.f.s.DefaultListableBeanFactory     : Autowiring by type from bean name 'dataSource' via factory method to bean named 'spring.datasource-org.springframework.boot.autoconfigure.jdbc.DataSourceProperties'
2025-05-13T22:42:32.223-05:00 DEBUG 92217 --- [           main] o.s.b.f.s.DefaultListableBeanFactory     : Autowiring by type from bean name 'dataSource' via factory method to bean named 'jdbcConnectionDetails'
2025-05-13T22:42:32.233-05:00 DEBUG 92217 --- [           main] com.zaxxer.hikari.HikariConfig           : Driver class com.mysql.cj.jdbc.Driver found in Thread context class loader jdk.internal.loader.ClassLoaders$AppClassLoader@42110406
2025-05-13T22:42:32.299-05:00 DEBUG 92217 --- [           main] o.s.b.f.s.DefaultListableBeanFactory     : Creating shared instance of singleton bean 'spring.sql.init-org.springframework.boot.autoconfigure.sql.init.SqlInitializationProperties'
2025-05-13T22:42:32.307-05:00 DEBUG 92217 --- [           main] o.s.b.f.s.DefaultListableBeanFactory     : Autowiring by type from bean name 'dataSourceScriptDatabaseInitializer' via factory method to bean named 'dataSource'
2025-05-13T22:42:32.308-05:00 DEBUG 92217 --- [           main] o.s.b.f.s.DefaultListableBeanFactory     : Autowiring by type from bean name 'dataSourceScriptDatabaseInitializer' via factory method to bean named 'spring.sql.init-org.springframework.boot.autoconfigure.sql.init.SqlInitializationProperties'
2025-05-13T22:42:32.320-05:00 DEBUG 92217 --- [           main] o.s.b.f.s.DefaultListableBeanFactory     : Creating shared instance of singleton bean 'entityManagerFactory'
2025-05-13T22:42:32.321-05:00 DEBUG 92217 --- [           main] o.s.b.f.s.DefaultListableBeanFactory     : Creating shared instance of singleton bean 'org.springframework.boot.autoconfigure.orm.jpa.HibernateJpaConfiguration'
2025-05-13T22:42:32.323-05:00 DEBUG 92217 --- [           main] o.s.b.f.s.DefaultListableBeanFactory     : Creating shared instance of singleton bean 'spring.jpa-org.springframework.boot.autoconfigure.orm.jpa.JpaProperties'
2025-05-13T22:42:32.338-05:00 DEBUG 92217 --- [           main] o.s.b.f.s.DefaultListableBeanFactory     : Creating shared instance of singleton bean 'spring.jpa.hibernate-org.springframework.boot.autoconfigure.orm.jpa.HibernateProperties'
2025-05-13T22:42:32.345-05:00 DEBUG 92217 --- [           main] o.s.b.f.s.DefaultListableBeanFactory     : Autowiring by type from bean name 'org.springframework.boot.autoconfigure.orm.jpa.HibernateJpaConfiguration' via constructor to bean named 'dataSource'
2025-05-13T22:42:32.346-05:00 DEBUG 92217 --- [           main] o.s.b.f.s.DefaultListableBeanFactory     : Autowiring by type from bean name 'org.springframework.boot.autoconfigure.orm.jpa.HibernateJpaConfiguration' via constructor to bean named 'spring.jpa-org.springframework.boot.autoconfigure.orm.jpa.JpaProperties'
2025-05-13T22:42:32.346-05:00 DEBUG 92217 --- [           main] o.s.b.f.s.DefaultListableBeanFactory     : Autowiring by type from bean name 'org.springframework.boot.autoconfigure.orm.jpa.HibernateJpaConfiguration' via constructor to bean named 'org.springframework.beans.factory.support.DefaultListableBeanFactory@42d236fb'
2025-05-13T22:42:32.346-05:00 DEBUG 92217 --- [           main] o.s.b.f.s.DefaultListableBeanFactory     : Autowiring by type from bean name 'org.springframework.boot.autoconfigure.orm.jpa.HibernateJpaConfiguration' via constructor to bean named 'spring.jpa.hibernate-org.springframework.boot.autoconfigure.orm.jpa.HibernateProperties'
2025-05-13T22:42:32.348-05:00 DEBUG 92217 --- [           main] o.s.b.f.s.DefaultListableBeanFactory     : Creating shared instance of singleton bean 'hikariPoolDataSourceMetadataProvider'
2025-05-13T22:42:32.349-05:00 DEBUG 92217 --- [           main] o.s.b.f.s.DefaultListableBeanFactory     : Creating shared instance of singleton bean 'org.springframework.boot.autoconfigure.jdbc.metadata.DataSourcePoolMetadataProvidersConfiguration$HikariPoolDataSourceMetadataProviderConfiguration'
2025-05-13T22:42:32.359-05:00 DEBUG 92217 --- [           main] o.s.b.f.s.DefaultListableBeanFactory     : Creating shared instance of singleton bean 'entityManagerFactoryBuilder'
2025-05-13T22:42:32.362-05:00 DEBUG 92217 --- [           main] o.s.b.f.s.DefaultListableBeanFactory     : Creating shared instance of singleton bean 'jpaVendorAdapter'
2025-05-13T22:42:32.383-05:00 DEBUG 92217 --- [           main] o.s.b.f.s.DefaultListableBeanFactory     : Autowiring by type from bean name 'entityManagerFactoryBuilder' via factory method to bean named 'jpaVendorAdapter'
2025-05-13T22:42:32.392-05:00 DEBUG 92217 --- [           main] o.s.b.f.s.DefaultListableBeanFactory     : Creating shared instance of singleton bean 'persistenceManagedTypes'
2025-05-13T22:42:32.394-05:00 DEBUG 92217 --- [           main] o.s.b.f.s.DefaultListableBeanFactory     : Autowiring by type from bean name 'persistenceManagedTypes' via factory method to bean named 'org.springframework.beans.factory.support.DefaultListableBeanFactory@42d236fb'
2025-05-13T22:42:32.395-05:00 DEBUG 92217 --- [           main] o.s.b.f.s.DefaultListableBeanFactory     : Autowiring by type from bean name 'persistenceManagedTypes' via factory method to bean named 'org.springframework.web.context.support.GenericWebApplicationContext@3113a37'
2025-05-13T22:42:32.419-05:00 DEBUG 92217 --- [           main] o.s.b.f.s.DefaultListableBeanFactory     : Autowiring by type from bean name 'entityManagerFactory' via factory method to bean named 'entityManagerFactoryBuilder'
2025-05-13T22:42:32.419-05:00 DEBUG 92217 --- [           main] o.s.b.f.s.DefaultListableBeanFactory     : Autowiring by type from bean name 'entityManagerFactory' via factory method to bean named 'persistenceManagedTypes'
2025-05-13T22:42:32.476-05:00 DEBUG 92217 --- [           main] j.LocalContainerEntityManagerFactoryBean : Building JPA container EntityManagerFactory for persistence unit 'default'
2025-05-13T22:42:32.503-05:00 DEBUG 92217 --- [           main] o.hibernate.jpa.internal.util.LogHelper  : PersistenceUnitInfo [
	name: default
	persistence provider classname: null
	classloader: jdk.internal.loader.ClassLoaders$AppClassLoader@42110406
	excludeUnlistedClasses: true
	JTA datasource: null
	Non JTA datasource: HikariDataSource (null)
	Transaction type: RESOURCE_LOCAL
	PU root URL: file:/Users/linhdo/IdeaProjects/d424-software-engineering-capstone/target/test-classes/
	Shared Cache Mode: UNSPECIFIED
	Validation Mode: AUTO
	Jar files URLs []
	Managed classes names [
		com.schedule.model.Schedule
		com.schedule.model.Task
		com.schedule.model.User]
	Mapping files names []
	Properties []
2025-05-13T22:42:32.524-05:00 DEBUG 92217 --- [           main] o.h.i.internal.IntegratorServiceImpl     : Adding Integrator [org.hibernate.boot.beanvalidation.BeanValidationIntegrator].
2025-05-13T22:42:32.527-05:00 DEBUG 92217 --- [           main] o.h.i.internal.IntegratorServiceImpl     : Adding Integrator [org.hibernate.cache.internal.CollectionCacheInvalidator].
2025-05-13T22:42:32.597-05:00  INFO 92217 --- [           main] org.hibernate.Version                    : HHH000412: Hibernate ORM core version 6.2.13.Final
2025-05-13T22:42:32.600-05:00 DEBUG 92217 --- [           main] org.hibernate.cfg.Environment            : HHH000206: 'hibernate.properties' not found
2025-05-13T22:42:32.602-05:00  INFO 92217 --- [           main] org.hibernate.cfg.Environment            : HHH000406: Using bytecode reflection optimizer
2025-05-13T22:42:32.647-05:00 DEBUG 92217 --- [           main] org.hibernate.orm.idgen.factory          : Registering IdentifierGenerator strategy [uuid2] -> [org.hibernate.id.UUIDGenerator]
2025-05-13T22:42:32.648-05:00 DEBUG 92217 --- [           main] org.hibernate.orm.idgen.factory          : Registering IdentifierGenerator strategy [guid] -> [org.hibernate.id.GUIDGenerator]
2025-05-13T22:42:32.649-05:00 DEBUG 92217 --- [           main] org.hibernate.orm.idgen.factory          : Registering IdentifierGenerator strategy [uuid] -> [org.hibernate.id.UUIDHexGenerator]
2025-05-13T22:42:32.650-05:00 DEBUG 92217 --- [           main] org.hibernate.orm.idgen.factory          : Registering IdentifierGenerator strategy [uuid.hex] -> [org.hibernate.id.UUIDHexGenerator]
2025-05-13T22:42:32.650-05:00 DEBUG 92217 --- [           main] org.hibernate.orm.idgen.factory          : Registering IdentifierGenerator strategy [assigned] -> [org.hibernate.id.Assigned]
2025-05-13T22:42:32.654-05:00 DEBUG 92217 --- [           main] org.hibernate.orm.idgen.factory          : Registering IdentifierGenerator strategy [identity] -> [org.hibernate.id.IdentityGenerator]
2025-05-13T22:42:32.655-05:00 DEBUG 92217 --- [           main] org.hibernate.orm.idgen.factory          : Registering IdentifierGenerator strategy [select] -> [org.hibernate.id.SelectGenerator]
2025-05-13T22:42:32.657-05:00 DEBUG 92217 --- [           main] org.hibernate.orm.idgen.factory          : Registering IdentifierGenerator strategy [sequence] -> [org.hibernate.id.enhanced.SequenceStyleGenerator]
2025-05-13T22:42:32.658-05:00 DEBUG 92217 --- [           main] org.hibernate.orm.idgen.factory          : Registering IdentifierGenerator strategy [increment] -> [org.hibernate.id.IncrementGenerator]
2025-05-13T22:42:32.658-05:00 DEBUG 92217 --- [           main] org.hibernate.orm.idgen.factory          : Registering IdentifierGenerator strategy [foreign] -> [org.hibernate.id.ForeignGenerator]
2025-05-13T22:42:32.659-05:00 DEBUG 92217 --- [           main] org.hibernate.orm.idgen.factory          : Registering IdentifierGenerator strategy [enhanced-sequence] -> [org.hibernate.id.enhanced.SequenceStyleGenerator]
2025-05-13T22:42:32.660-05:00 DEBUG 92217 --- [           main] org.hibernate.orm.idgen.factory          : Registering IdentifierGenerator strategy [enhanced-table] -> [org.hibernate.id.enhanced.TableGenerator]
2025-05-13T22:42:32.673-05:00 DEBUG 92217 --- [           main] o.h.c.internal.RegionFactoryInitiator    : Cannot default RegionFactory based on registered strategies as `[]` RegionFactory strategies were registered
2025-05-13T22:42:32.674-05:00 DEBUG 92217 --- [           main] o.h.c.internal.RegionFactoryInitiator    : Cache region factory : org.hibernate.cache.internal.NoCachingRegionFactory
2025-05-13T22:42:32.793-05:00 DEBUG 92217 --- [           main] org.hibernate.type.BasicTypeRegistry     : Adding type registration boolean -> org.hibernate.type.BasicTypeReference@1a3c4b3e
2025-05-13T22:42:32.794-05:00 DEBUG 92217 --- [           main] org.hibernate.type.BasicTypeRegistry     : Adding type registration boolean -> org.hibernate.type.BasicTypeReference@1a3c4b3e
2025-05-13T22:42:32.794-05:00 DEBUG 92217 --- [           main] org.hibernate.type.BasicTypeRegistry     : Adding type registration java.lang.Boolean -> org.hibernate.type.BasicTypeReference@1a3c4b3e
2025-05-13T22:42:32.794-05:00 DEBUG 92217 --- [           main] org.hibernate.type.BasicTypeRegistry     : Adding type registration numeric_boolean -> org.hibernate.type.BasicTypeReference@4746fb8c
2025-05-13T22:42:32.794-05:00 DEBUG 92217 --- [           main] org.hibernate.type.BasicTypeRegistry     : Adding type registration org.hibernate.type.NumericBooleanConverter -> org.hibernate.type.BasicTypeReference@4746fb8c
2025-05-13T22:42:32.794-05:00 DEBUG 92217 --- [           main] org.hibernate.type.BasicTypeRegistry     : Adding type registration true_false -> org.hibernate.type.BasicTypeReference@3be46d9c
2025-05-13T22:42:32.794-05:00 DEBUG 92217 --- [           main] org.hibernate.type.BasicTypeRegistry     : Adding type registration org.hibernate.type.TrueFalseConverter -> org.hibernate.type.BasicTypeReference@3be46d9c
2025-05-13T22:42:32.794-05:00 DEBUG 92217 --- [           main] org.hibernate.type.BasicTypeRegistry     : Adding type registration yes_no -> org.hibernate.type.BasicTypeReference@41d877bb
2025-05-13T22:42:32.795-05:00 DEBUG 92217 --- [           main] org.hibernate.type.BasicTypeRegistry     : Adding type registration org.hibernate.type.YesNoConverter -> org.hibernate.type.BasicTypeReference@41d877bb
2025-05-13T22:42:32.795-05:00 DEBUG 92217 --- [           main] org.hibernate.type.BasicTypeRegistry     : Adding type registration byte -> org.hibernate.type.BasicTypeReference@39c5a105
2025-05-13T22:42:32.795-05:00 DEBUG 92217 --- [           main] org.hibernate.type.BasicTypeRegistry     : Adding type registration byte -> org.hibernate.type.BasicTypeReference@39c5a105
2025-05-13T22:42:32.795-05:00 DEBUG 92217 --- [           main] org.hibernate.type.BasicTypeRegistry     : Adding type registration java.lang.Byte -> org.hibernate.type.BasicTypeReference@39c5a105
2025-05-13T22:42:32.795-05:00 DEBUG 92217 --- [           main] org.hibernate.type.BasicTypeRegistry     : Adding type registration binary -> org.hibernate.type.BasicTypeReference@492fa72a
2025-05-13T22:42:32.795-05:00 DEBUG 92217 --- [           main] org.hibernate.type.BasicTypeRegistry     : Adding type registration byte[] -> org.hibernate.type.BasicTypeReference@492fa72a
2025-05-13T22:42:32.795-05:00 DEBUG 92217 --- [           main] org.hibernate.type.BasicTypeRegistry     : Adding type registration [B -> org.hibernate.type.BasicTypeReference@492fa72a
2025-05-13T22:42:32.795-05:00 DEBUG 92217 --- [           main] org.hibernate.type.BasicTypeRegistry     : Adding type registration binary_wrapper -> org.hibernate.type.BasicTypeReference@513fab1e
2025-05-13T22:42:32.795-05:00 DEBUG 92217 --- [           main] org.hibernate.type.BasicTypeRegistry     : Adding type registration wrapper-binary -> org.hibernate.type.BasicTypeReference@513fab1e
2025-05-13T22:42:32.795-05:00 DEBUG 92217 --- [           main] org.hibernate.type.BasicTypeRegistry     : Adding type registration image -> org.hibernate.type.BasicTypeReference@53d87b2d
2025-05-13T22:42:32.796-05:00 DEBUG 92217 --- [           main] org.hibernate.type.BasicTypeRegistry     : Adding type registration blob -> org.hibernate.type.BasicTypeReference@470135da
2025-05-13T22:42:32.796-05:00 DEBUG 92217 --- [           main] org.hibernate.type.BasicTypeRegistry     : Adding type registration java.sql.Blob -> org.hibernate.type.BasicTypeReference@470135da
2025-05-13T22:42:32.796-05:00 DEBUG 92217 --- [           main] org.hibernate.type.BasicTypeRegistry     : Adding type registration materialized_blob -> org.hibernate.type.BasicTypeReference@7323dce7
2025-05-13T22:42:32.796-05:00 DEBUG 92217 --- [           main] org.hibernate.type.BasicTypeRegistry     : Adding type registration materialized_blob_wrapper -> org.hibernate.type.BasicTypeReference@5f68eec6
2025-05-13T22:42:32.796-05:00 DEBUG 92217 --- [           main] org.hibernate.type.BasicTypeRegistry     : Adding type registration short -> org.hibernate.type.BasicTypeReference@4ff9f715
2025-05-13T22:42:32.796-05:00 DEBUG 92217 --- [           main] org.hibernate.type.BasicTypeRegistry     : Adding type registration short -> org.hibernate.type.BasicTypeReference@4ff9f715
2025-05-13T22:42:32.796-05:00 DEBUG 92217 --- [           main] org.hibernate.type.BasicTypeRegistry     : Adding type registration java.lang.Short -> org.hibernate.type.BasicTypeReference@4ff9f715
2025-05-13T22:42:32.796-05:00 DEBUG 92217 --- [           main] org.hibernate.type.BasicTypeRegistry     : Adding type registration integer -> org.hibernate.type.BasicTypeReference@118a4d5
2025-05-13T22:42:32.796-05:00 DEBUG 92217 --- [           main] org.hibernate.type.BasicTypeRegistry     : Adding type registration int -> org.hibernate.type.BasicTypeReference@118a4d5
2025-05-13T22:42:32.797-05:00 DEBUG 92217 --- [           main] org.hibernate.type.BasicTypeRegistry     : Adding type registration java.lang.Integer -> org.hibernate.type.BasicTypeReference@118a4d5
2025-05-13T22:42:32.797-05:00 DEBUG 92217 --- [           main] org.hibernate.type.BasicTypeRegistry     : Adding type registration long -> org.hibernate.type.BasicTypeReference@6cb194f5
2025-05-13T22:42:32.797-05:00 DEBUG 92217 --- [           main] org.hibernate.type.BasicTypeRegistry     : Adding type registration long -> org.hibernate.type.BasicTypeReference@6cb194f5
2025-05-13T22:42:32.797-05:00 DEBUG 92217 --- [           main] org.hibernate.type.BasicTypeRegistry     : Adding type registration java.lang.Long -> org.hibernate.type.BasicTypeReference@6cb194f5
2025-05-13T22:42:32.797-05:00 DEBUG 92217 --- [           main] org.hibernate.type.BasicTypeRegistry     : Adding type registration float -> org.hibernate.type.BasicTypeReference@74b7497b
2025-05-13T22:42:32.797-05:00 DEBUG 92217 --- [           main] org.hibernate.type.BasicTypeRegistry     : Adding type registration float -> org.hibernate.type.BasicTypeReference@74b7497b
2025-05-13T22:42:32.797-05:00 DEBUG 92217 --- [           main] org.hibernate.type.BasicTypeRegistry     : Adding type registration java.lang.Float -> org.hibernate.type.BasicTypeReference@74b7497b
2025-05-13T22:42:32.797-05:00 DEBUG 92217 --- [           main] org.hibernate.type.BasicTypeRegistry     : Adding type registration double -> org.hibernate.type.BasicTypeReference@74f649a7
2025-05-13T22:42:32.797-05:00 DEBUG 92217 --- [           main] org.hibernate.type.BasicTypeRegistry     : Adding type registration double -> org.hibernate.type.BasicTypeReference@74f649a7
2025-05-13T22:42:32.797-05:00 DEBUG 92217 --- [           main] org.hibernate.type.BasicTypeRegistry     : Adding type registration java.lang.Double -> org.hibernate.type.BasicTypeReference@74f649a7
2025-05-13T22:42:32.797-05:00 DEBUG 92217 --- [           main] org.hibernate.type.BasicTypeRegistry     : Adding type registration big_integer -> org.hibernate.type.BasicTypeReference@308c65e0
2025-05-13T22:42:32.798-05:00 DEBUG 92217 --- [           main] org.hibernate.type.BasicTypeRegistry     : Adding type registration java.math.BigInteger -> org.hibernate.type.BasicTypeReference@308c65e0
2025-05-13T22:42:32.798-05:00 DEBUG 92217 --- [           main] org.hibernate.type.BasicTypeRegistry     : Adding type registration big_decimal -> org.hibernate.type.BasicTypeReference@50fa5938
2025-05-13T22:42:32.798-05:00 DEBUG 92217 --- [           main] org.hibernate.type.BasicTypeRegistry     : Adding type registration java.math.BigDecimal -> org.hibernate.type.BasicTypeReference@50fa5938
2025-05-13T22:42:32.798-05:00 DEBUG 92217 --- [           main] org.hibernate.type.BasicTypeRegistry     : Adding type registration character -> org.hibernate.type.BasicTypeReference@1e482ecd
2025-05-13T22:42:32.798-05:00 DEBUG 92217 --- [           main] org.hibernate.type.BasicTypeRegistry     : Adding type registration char -> org.hibernate.type.BasicTypeReference@1e482ecd
2025-05-13T22:42:32.798-05:00 DEBUG 92217 --- [           main] org.hibernate.type.BasicTypeRegistry     : Adding type registration java.lang.Character -> org.hibernate.type.BasicTypeReference@1e482ecd
2025-05-13T22:42:32.798-05:00 DEBUG 92217 --- [           main] org.hibernate.type.BasicTypeRegistry     : Adding type registration character_nchar -> org.hibernate.type.BasicTypeReference@58b5f7d2
2025-05-13T22:42:32.798-05:00 DEBUG 92217 --- [           main] org.hibernate.type.BasicTypeRegistry     : Adding type registration string -> org.hibernate.type.BasicTypeReference@bc52a41
2025-05-13T22:42:32.798-05:00 DEBUG 92217 --- [           main] org.hibernate.type.BasicTypeRegistry     : Adding type registration java.lang.String -> org.hibernate.type.BasicTypeReference@bc52a41
2025-05-13T22:42:32.798-05:00 DEBUG 92217 --- [           main] org.hibernate.type.BasicTypeRegistry     : Adding type registration nstring -> org.hibernate.type.BasicTypeReference@9f48198
2025-05-13T22:42:32.799-05:00 DEBUG 92217 --- [           main] org.hibernate.type.BasicTypeRegistry     : Adding type registration characters -> org.hibernate.type.BasicTypeReference@5615f82d
2025-05-13T22:42:32.799-05:00 DEBUG 92217 --- [           main] org.hibernate.type.BasicTypeRegistry     : Adding type registration char[] -> org.hibernate.type.BasicTypeReference@5615f82d
2025-05-13T22:42:32.799-05:00 DEBUG 92217 --- [           main] org.hibernate.type.BasicTypeRegistry     : Adding type registration [C -> org.hibernate.type.BasicTypeReference@5615f82d
2025-05-13T22:42:32.799-05:00 DEBUG 92217 --- [           main] org.hibernate.type.BasicTypeRegistry     : Adding type registration wrapper-characters -> org.hibernate.type.BasicTypeReference@21698e5a
2025-05-13T22:42:32.799-05:00 DEBUG 92217 --- [           main] org.hibernate.type.BasicTypeRegistry     : Adding type registration text -> org.hibernate.type.BasicTypeReference@3dc2f14
2025-05-13T22:42:32.799-05:00 DEBUG 92217 --- [           main] org.hibernate.type.BasicTypeRegistry     : Adding type registration ntext -> org.hibernate.type.BasicTypeReference@2e8986b6
2025-05-13T22:42:32.800-05:00 DEBUG 92217 --- [           main] org.hibernate.type.BasicTypeRegistry     : Adding type registration clob -> org.hibernate.type.BasicTypeReference@5724c7da
2025-05-13T22:42:32.800-05:00 DEBUG 92217 --- [           main] org.hibernate.type.BasicTypeRegistry     : Adding type registration java.sql.Clob -> org.hibernate.type.BasicTypeReference@5724c7da
2025-05-13T22:42:32.800-05:00 DEBUG 92217 --- [           main] org.hibernate.type.BasicTypeRegistry     : Adding type registration nclob -> org.hibernate.type.BasicTypeReference@3ad2883a
2025-05-13T22:42:32.800-05:00 DEBUG 92217 --- [           main] org.hibernate.type.BasicTypeRegistry     : Adding type registration java.sql.NClob -> org.hibernate.type.BasicTypeReference@3ad2883a
2025-05-13T22:42:32.801-05:00 DEBUG 92217 --- [           main] org.hibernate.type.BasicTypeRegistry     : Adding type registration materialized_clob -> org.hibernate.type.BasicTypeReference@5814b4fb
2025-05-13T22:42:32.801-05:00 DEBUG 92217 --- [           main] org.hibernate.type.BasicTypeRegistry     : Adding type registration materialized_clob_char_array -> org.hibernate.type.BasicTypeReference@3aca2579
2025-05-13T22:42:32.801-05:00 DEBUG 92217 --- [           main] org.hibernate.type.BasicTypeRegistry     : Adding type registration materialized_clob_character_array -> org.hibernate.type.BasicTypeReference@4ba13fed
2025-05-13T22:42:32.801-05:00 DEBUG 92217 --- [           main] org.hibernate.type.BasicTypeRegistry     : Adding type registration materialized_nclob -> org.hibernate.type.BasicTypeReference@651cedfb
2025-05-13T22:42:32.801-05:00 DEBUG 92217 --- [           main] org.hibernate.type.BasicTypeRegistry     : Adding type registration materialized_nclob_character_array -> org.hibernate.type.BasicTypeReference@18d22ecf
2025-05-13T22:42:32.801-05:00 DEBUG 92217 --- [           main] org.hibernate.type.BasicTypeRegistry     : Adding type registration materialized_nclob_char_array -> org.hibernate.type.BasicTypeReference@73d83141
2025-05-13T22:42:32.802-05:00 DEBUG 92217 --- [           main] org.hibernate.type.BasicTypeRegistry     : Adding type registration Duration -> org.hibernate.type.BasicTypeReference@31443680
2025-05-13T22:42:32.802-05:00 DEBUG 92217 --- [           main] org.hibernate.type.BasicTypeRegistry     : Adding type registration java.time.Duration -> org.hibernate.type.BasicTypeReference@31443680
2025-05-13T22:42:32.802-05:00 DEBUG 92217 --- [           main] org.hibernate.type.BasicTypeRegistry     : Adding type registration LocalDateTime -> org.hibernate.type.BasicTypeReference@33356666
2025-05-13T22:42:32.802-05:00 DEBUG 92217 --- [           main] org.hibernate.type.BasicTypeRegistry     : Adding type registration java.time.LocalDateTime -> org.hibernate.type.BasicTypeReference@33356666
2025-05-13T22:42:32.802-05:00 DEBUG 92217 --- [           main] org.hibernate.type.BasicTypeRegistry     : Adding type registration LocalDate -> org.hibernate.type.BasicTypeReference@3a988299
2025-05-13T22:42:32.802-05:00 DEBUG 92217 --- [           main] org.hibernate.type.BasicTypeRegistry     : Adding type registration java.time.LocalDate -> org.hibernate.type.BasicTypeReference@3a988299
2025-05-13T22:42:32.803-05:00 DEBUG 92217 --- [           main] org.hibernate.type.BasicTypeRegistry     : Adding type registration LocalTime -> org.hibernate.type.BasicTypeReference@878feb2
2025-05-13T22:42:32.803-05:00 DEBUG 92217 --- [           main] org.hibernate.type.BasicTypeRegistry     : Adding type registration java.time.LocalTime -> org.hibernate.type.BasicTypeReference@878feb2
2025-05-13T22:42:32.803-05:00 DEBUG 92217 --- [           main] org.hibernate.type.BasicTypeRegistry     : Adding type registration OffsetDateTime -> org.hibernate.type.BasicTypeReference@1818390b
2025-05-13T22:42:32.803-05:00 DEBUG 92217 --- [           main] org.hibernate.type.BasicTypeRegistry     : Adding type registration java.time.OffsetDateTime -> org.hibernate.type.BasicTypeReference@1818390b
2025-05-13T22:42:32.803-05:00 DEBUG 92217 --- [           main] org.hibernate.type.BasicTypeRegistry     : Adding type registration OffsetDateTimeWithTimezone -> org.hibernate.type.BasicTypeReference@67a38
2025-05-13T22:42:32.803-05:00 DEBUG 92217 --- [           main] org.hibernate.type.BasicTypeRegistry     : Adding type registration OffsetDateTimeWithoutTimezone -> org.hibernate.type.BasicTypeReference@7ef4aceb
2025-05-13T22:42:32.804-05:00 DEBUG 92217 --- [           main] org.hibernate.type.BasicTypeRegistry     : Adding type registration OffsetTime -> org.hibernate.type.BasicTypeReference@31b650e9
2025-05-13T22:42:32.804-05:00 DEBUG 92217 --- [           main] org.hibernate.type.BasicTypeRegistry     : Adding type registration java.time.OffsetTime -> org.hibernate.type.BasicTypeReference@31b650e9
2025-05-13T22:42:32.804-05:00 DEBUG 92217 --- [           main] org.hibernate.type.BasicTypeRegistry     : Adding type registration OffsetTimeUtc -> org.hibernate.type.BasicTypeReference@683fe7b5
2025-05-13T22:42:32.804-05:00 DEBUG 92217 --- [           main] org.hibernate.type.BasicTypeRegistry     : Adding type registration OffsetTimeWithTimezone -> org.hibernate.type.BasicTypeReference@5b5b8730
2025-05-13T22:42:32.804-05:00 DEBUG 92217 --- [           main] org.hibernate.type.BasicTypeRegistry     : Adding type registration OffsetTimeWithoutTimezone -> org.hibernate.type.BasicTypeReference@93fb44
2025-05-13T22:42:32.804-05:00 DEBUG 92217 --- [           main] org.hibernate.type.BasicTypeRegistry     : Adding type registration ZonedDateTime -> org.hibernate.type.BasicTypeReference@321c2a7
2025-05-13T22:42:32.805-05:00 DEBUG 92217 --- [           main] org.hibernate.type.BasicTypeRegistry     : Adding type registration java.time.ZonedDateTime -> org.hibernate.type.BasicTypeReference@321c2a7
2025-05-13T22:42:32.805-05:00 DEBUG 92217 --- [           main] org.hibernate.type.BasicTypeRegistry     : Adding type registration ZonedDateTimeWithTimezone -> org.hibernate.type.BasicTypeReference@14b48f39
2025-05-13T22:42:32.805-05:00 DEBUG 92217 --- [           main] org.hibernate.type.BasicTypeRegistry     : Adding type registration ZonedDateTimeWithoutTimezone -> org.hibernate.type.BasicTypeReference@13d1f898
2025-05-13T22:42:32.805-05:00 DEBUG 92217 --- [           main] org.hibernate.type.BasicTypeRegistry     : Adding type registration date -> org.hibernate.type.BasicTypeReference@c87787d
2025-05-13T22:42:32.805-05:00 DEBUG 92217 --- [           main] org.hibernate.type.BasicTypeRegistry     : Adding type registration java.sql.Date -> org.hibernate.type.BasicTypeReference@c87787d
2025-05-13T22:42:32.805-05:00 DEBUG 92217 --- [           main] org.hibernate.type.BasicTypeRegistry     : Adding type registration time -> org.hibernate.type.BasicTypeReference@1bea7b0
2025-05-13T22:42:32.806-05:00 DEBUG 92217 --- [           main] org.hibernate.type.BasicTypeRegistry     : Adding type registration java.sql.Time -> org.hibernate.type.BasicTypeReference@1bea7b0
2025-05-13T22:42:32.806-05:00 DEBUG 92217 --- [           main] org.hibernate.type.BasicTypeRegistry     : Adding type registration timestamp -> org.hibernate.type.BasicTypeReference@31433df9
2025-05-13T22:42:32.806-05:00 DEBUG 92217 --- [           main] org.hibernate.type.BasicTypeRegistry     : Adding type registration java.sql.Timestamp -> org.hibernate.type.BasicTypeReference@31433df9
2025-05-13T22:42:32.806-05:00 DEBUG 92217 --- [           main] org.hibernate.type.BasicTypeRegistry     : Adding type registration java.util.Date -> org.hibernate.type.BasicTypeReference@31433df9
2025-05-13T22:42:32.806-05:00 DEBUG 92217 --- [           main] org.hibernate.type.BasicTypeRegistry     : Adding type registration calendar -> org.hibernate.type.BasicTypeReference@2d4a0671
2025-05-13T22:42:32.806-05:00 DEBUG 92217 --- [           main] org.hibernate.type.BasicTypeRegistry     : Adding type registration java.util.Calendar -> org.hibernate.type.BasicTypeReference@2d4a0671
2025-05-13T22:42:32.806-05:00 DEBUG 92217 --- [           main] org.hibernate.type.BasicTypeRegistry     : Adding type registration java.util.GregorianCalendar -> org.hibernate.type.BasicTypeReference@2d4a0671
2025-05-13T22:42:32.807-05:00 DEBUG 92217 --- [           main] org.hibernate.type.BasicTypeRegistry     : Adding type registration calendar_date -> org.hibernate.type.BasicTypeReference@1ab9c735
2025-05-13T22:42:32.807-05:00 DEBUG 92217 --- [           main] org.hibernate.type.BasicTypeRegistry     : Adding type registration calendar_time -> org.hibernate.type.BasicTypeReference@6e4e60f5
2025-05-13T22:42:32.807-05:00 DEBUG 92217 --- [           main] org.hibernate.type.BasicTypeRegistry     : Adding type registration instant -> org.hibernate.type.BasicTypeReference@464a3430
2025-05-13T22:42:32.807-05:00 DEBUG 92217 --- [           main] org.hibernate.type.BasicTypeRegistry     : Adding type registration java.time.Instant -> org.hibernate.type.BasicTypeReference@464a3430
2025-05-13T22:42:32.807-05:00 DEBUG 92217 --- [           main] org.hibernate.type.BasicTypeRegistry     : Adding type registration uuid -> org.hibernate.type.BasicTypeReference@3bcedb06
2025-05-13T22:42:32.807-05:00 DEBUG 92217 --- [           main] org.hibernate.type.BasicTypeRegistry     : Adding type registration java.util.UUID -> org.hibernate.type.BasicTypeReference@3bcedb06
2025-05-13T22:42:32.808-05:00 DEBUG 92217 --- [           main] org.hibernate.type.BasicTypeRegistry     : Adding type registration pg-uuid -> org.hibernate.type.BasicTypeReference@3bcedb06
2025-05-13T22:42:32.808-05:00 DEBUG 92217 --- [           main] org.hibernate.type.BasicTypeRegistry     : Adding type registration uuid-binary -> org.hibernate.type.BasicTypeReference@6f9a3325
2025-05-13T22:42:32.808-05:00 DEBUG 92217 --- [           main] org.hibernate.type.BasicTypeRegistry     : Adding type registration uuid-char -> org.hibernate.type.BasicTypeReference@72ceafeb
2025-05-13T22:42:32.808-05:00 DEBUG 92217 --- [           main] org.hibernate.type.BasicTypeRegistry     : Adding type registration class -> org.hibernate.type.BasicTypeReference@65b2ee36
2025-05-13T22:42:32.808-05:00 DEBUG 92217 --- [           main] org.hibernate.type.BasicTypeRegistry     : Adding type registration java.lang.Class -> org.hibernate.type.BasicTypeReference@65b2ee36
2025-05-13T22:42:32.809-05:00 DEBUG 92217 --- [           main] org.hibernate.type.BasicTypeRegistry     : Adding type registration currency -> org.hibernate.type.BasicTypeReference@28e91f6d
2025-05-13T22:42:32.809-05:00 DEBUG 92217 --- [           main] org.hibernate.type.BasicTypeRegistry     : Adding type registration Currency -> org.hibernate.type.BasicTypeReference@28e91f6d
2025-05-13T22:42:32.809-05:00 DEBUG 92217 --- [           main] org.hibernate.type.BasicTypeRegistry     : Adding type registration java.util.Currency -> org.hibernate.type.BasicTypeReference@28e91f6d
2025-05-13T22:42:32.809-05:00 DEBUG 92217 --- [           main] org.hibernate.type.BasicTypeRegistry     : Adding type registration locale -> org.hibernate.type.BasicTypeReference@16d4024e
2025-05-13T22:42:32.809-05:00 DEBUG 92217 --- [           main] org.hibernate.type.BasicTypeRegistry     : Adding type registration java.util.Locale -> org.hibernate.type.BasicTypeReference@16d4024e
2025-05-13T22:42:32.810-05:00 DEBUG 92217 --- [           main] org.hibernate.type.BasicTypeRegistry     : Adding type registration serializable -> org.hibernate.type.BasicTypeReference@11e24688
2025-05-13T22:42:32.810-05:00 DEBUG 92217 --- [           main] org.hibernate.type.BasicTypeRegistry     : Adding type registration java.io.Serializable -> org.hibernate.type.BasicTypeReference@11e24688
2025-05-13T22:42:32.810-05:00 DEBUG 92217 --- [           main] org.hibernate.type.BasicTypeRegistry     : Adding type registration timezone -> org.hibernate.type.BasicTypeReference@63d3c9dc
2025-05-13T22:42:32.811-05:00 DEBUG 92217 --- [           main] org.hibernate.type.BasicTypeRegistry     : Adding type registration java.util.TimeZone -> org.hibernate.type.BasicTypeReference@63d3c9dc
2025-05-13T22:42:32.811-05:00 DEBUG 92217 --- [           main] org.hibernate.type.BasicTypeRegistry     : Adding type registration ZoneOffset -> org.hibernate.type.BasicTypeReference@3a1a0bc
2025-05-13T22:42:32.811-05:00 DEBUG 92217 --- [           main] org.hibernate.type.BasicTypeRegistry     : Adding type registration java.time.ZoneOffset -> org.hibernate.type.BasicTypeReference@3a1a0bc
2025-05-13T22:42:32.811-05:00 DEBUG 92217 --- [           main] org.hibernate.type.BasicTypeRegistry     : Adding type registration url -> org.hibernate.type.BasicTypeReference@35d114f4
2025-05-13T22:42:32.811-05:00 DEBUG 92217 --- [           main] org.hibernate.type.BasicTypeRegistry     : Adding type registration java.net.URL -> org.hibernate.type.BasicTypeReference@35d114f4
2025-05-13T22:42:32.811-05:00 DEBUG 92217 --- [           main] org.hibernate.type.BasicTypeRegistry     : Adding type registration row_version -> org.hibernate.type.BasicTypeReference@3684d2c0
2025-05-13T22:42:32.818-05:00 DEBUG 92217 --- [           main] org.hibernate.type.BasicTypeRegistry     : Adding type registration object -> org.hibernate.type.JavaObjectType@5e8bd498
2025-05-13T22:42:32.818-05:00 DEBUG 92217 --- [           main] org.hibernate.type.BasicTypeRegistry     : Adding type registration java.lang.Object -> org.hibernate.type.JavaObjectType@5e8bd498
2025-05-13T22:42:32.820-05:00 DEBUG 92217 --- [           main] org.hibernate.type.BasicTypeRegistry     : Adding type registration null -> org.hibernate.type.NullType@69d58731
2025-05-13T22:42:32.821-05:00 DEBUG 92217 --- [           main] org.hibernate.type.BasicTypeRegistry     : Adding type registration imm_date -> org.hibernate.type.BasicTypeReference@3275a47f
2025-05-13T22:42:32.821-05:00 DEBUG 92217 --- [           main] org.hibernate.type.BasicTypeRegistry     : Adding type registration imm_time -> org.hibernate.type.BasicTypeReference@1b5af65b
2025-05-13T22:42:32.821-05:00 DEBUG 92217 --- [           main] org.hibernate.type.BasicTypeRegistry     : Adding type registration imm_timestamp -> org.hibernate.type.BasicTypeReference@2e0163cb
2025-05-13T22:42:32.821-05:00 DEBUG 92217 --- [           main] org.hibernate.type.BasicTypeRegistry     : Adding type registration imm_calendar -> org.hibernate.type.BasicTypeReference@6b289535
2025-05-13T22:42:32.821-05:00 DEBUG 92217 --- [           main] org.hibernate.type.BasicTypeRegistry     : Adding type registration imm_calendar_date -> org.hibernate.type.BasicTypeReference@74619273
2025-05-13T22:42:32.822-05:00 DEBUG 92217 --- [           main] org.hibernate.type.BasicTypeRegistry     : Adding type registration imm_calendar_time -> org.hibernate.type.BasicTypeReference@38c55a8a
2025-05-13T22:42:32.822-05:00 DEBUG 92217 --- [           main] org.hibernate.type.BasicTypeRegistry     : Adding type registration imm_binary -> org.hibernate.type.BasicTypeReference@1d7f7962
2025-05-13T22:42:32.822-05:00 DEBUG 92217 --- [           main] org.hibernate.type.BasicTypeRegistry     : Adding type registration imm_serializable -> org.hibernate.type.BasicTypeReference@32d1d6c5
2025-05-13T22:42:32.831-05:00 DEBUG 92217 --- [           main] o.h.boot.internal.BootstrapContextImpl   : Injecting JPA temp ClassLoader [org.springframework.instrument.classloading.SimpleThrowawayClassLoader@417446d9] into BootstrapContext; was [null]
2025-05-13T22:42:32.831-05:00 DEBUG 92217 --- [           main] o.h.boot.internal.ClassLoaderAccessImpl  : ClassLoaderAccessImpl#injectTempClassLoader(org.springframework.instrument.classloading.SimpleThrowawayClassLoader@417446d9) [was null]
2025-05-13T22:42:32.832-05:00 DEBUG 92217 --- [           main] o.h.boot.internal.BootstrapContextImpl   : Injecting ScanEnvironment [org.hibernate.jpa.boot.internal.StandardJpaScanEnvironmentImpl@72237be8] into BootstrapContext; was [null]
2025-05-13T22:42:32.832-05:00 DEBUG 92217 --- [           main] o.h.boot.internal.BootstrapContextImpl   : Injecting ScanOptions [org.hibernate.boot.archive.scan.internal.StandardScanOptions@5c5f12e] into BootstrapContext; was [org.hibernate.boot.archive.scan.internal.StandardScanOptions@23f8036d]
2025-05-13T22:42:32.862-05:00 DEBUG 92217 --- [           main] o.h.b.i.BytecodeProviderInitiator        : HHH000021: Bytecode provider name : bytebuddy
2025-05-13T22:42:32.874-05:00  INFO 92217 --- [           main] o.s.o.j.p.SpringPersistenceUnitInfo      : No LoadTimeWeaver setup: ignoring JPA class transformer
2025-05-13T22:42:32.875-05:00 DEBUG 92217 --- [           main] o.h.boot.internal.BootstrapContextImpl   : Injecting JPA temp ClassLoader [null] into BootstrapContext; was [org.springframework.instrument.classloading.SimpleThrowawayClassLoader@417446d9]
2025-05-13T22:42:32.875-05:00 DEBUG 92217 --- [           main] o.h.boot.internal.ClassLoaderAccessImpl  : ClassLoaderAccessImpl#injectTempClassLoader(null) [was org.springframework.instrument.classloading.SimpleThrowawayClassLoader@417446d9]
2025-05-13T22:42:32.925-05:00 DEBUG 92217 --- [           main] com.zaxxer.hikari.HikariConfig           : HikariPool-1 - configuration:
2025-05-13T22:42:32.940-05:00 DEBUG 92217 --- [           main] com.zaxxer.hikari.HikariConfig           : allowPoolSuspension.............false
2025-05-13T22:42:32.941-05:00 DEBUG 92217 --- [           main] com.zaxxer.hikari.HikariConfig           : autoCommit......................true
2025-05-13T22:42:32.942-05:00 DEBUG 92217 --- [           main] com.zaxxer.hikari.HikariConfig           : catalog.........................none
2025-05-13T22:42:32.944-05:00 DEBUG 92217 --- [           main] com.zaxxer.hikari.HikariConfig           : connectionInitSql...............none
2025-05-13T22:42:32.944-05:00 DEBUG 92217 --- [           main] com.zaxxer.hikari.HikariConfig           : connectionTestQuery.............none
2025-05-13T22:42:32.945-05:00 DEBUG 92217 --- [           main] com.zaxxer.hikari.HikariConfig           : connectionTimeout...............30000
2025-05-13T22:42:32.945-05:00 DEBUG 92217 --- [           main] com.zaxxer.hikari.HikariConfig           : dataSource......................none
2025-05-13T22:42:32.945-05:00 DEBUG 92217 --- [           main] com.zaxxer.hikari.HikariConfig           : dataSourceClassName.............none
2025-05-13T22:42:32.946-05:00 DEBUG 92217 --- [           main] com.zaxxer.hikari.HikariConfig           : dataSourceJNDI..................none
2025-05-13T22:42:32.948-05:00 DEBUG 92217 --- [           main] com.zaxxer.hikari.HikariConfig           : dataSourceProperties............{password=<masked>}
2025-05-13T22:42:32.948-05:00 DEBUG 92217 --- [           main] com.zaxxer.hikari.HikariConfig           : driverClassName................."com.mysql.cj.jdbc.Driver"
2025-05-13T22:42:32.948-05:00 DEBUG 92217 --- [           main] com.zaxxer.hikari.HikariConfig           : exceptionOverrideClassName......none
2025-05-13T22:42:32.949-05:00 DEBUG 92217 --- [           main] com.zaxxer.hikari.HikariConfig           : healthCheckProperties...........{}
2025-05-13T22:42:32.949-05:00 DEBUG 92217 --- [           main] com.zaxxer.hikari.HikariConfig           : healthCheckRegistry.............none
2025-05-13T22:42:32.949-05:00 DEBUG 92217 --- [           main] com.zaxxer.hikari.HikariConfig           : idleTimeout.....................600000
2025-05-13T22:42:32.949-05:00 DEBUG 92217 --- [           main] com.zaxxer.hikari.HikariConfig           : initializationFailTimeout.......1
2025-05-13T22:42:32.950-05:00 DEBUG 92217 --- [           main] com.zaxxer.hikari.HikariConfig           : isolateInternalQueries..........false
2025-05-13T22:42:32.950-05:00 DEBUG 92217 --- [           main] com.zaxxer.hikari.HikariConfig           : jdbcUrl.........................jdbc:mysql://localhost:3306/schedule_management
2025-05-13T22:42:32.950-05:00 DEBUG 92217 --- [           main] com.zaxxer.hikari.HikariConfig           : keepaliveTime...................0
2025-05-13T22:42:32.951-05:00 DEBUG 92217 --- [           main] com.zaxxer.hikari.HikariConfig           : leakDetectionThreshold..........0
2025-05-13T22:42:32.951-05:00 DEBUG 92217 --- [           main] com.zaxxer.hikari.HikariConfig           : maxLifetime.....................1800000
2025-05-13T22:42:32.951-05:00 DEBUG 92217 --- [           main] com.zaxxer.hikari.HikariConfig           : maximumPoolSize.................10
2025-05-13T22:42:32.951-05:00 DEBUG 92217 --- [           main] com.zaxxer.hikari.HikariConfig           : metricRegistry..................none
2025-05-13T22:42:32.951-05:00 DEBUG 92217 --- [           main] com.zaxxer.hikari.HikariConfig           : metricsTrackerFactory...........none
2025-05-13T22:42:32.952-05:00 DEBUG 92217 --- [           main] com.zaxxer.hikari.HikariConfig           : minimumIdle.....................10
2025-05-13T22:42:32.952-05:00 DEBUG 92217 --- [           main] com.zaxxer.hikari.HikariConfig           : password........................<masked>
2025-05-13T22:42:32.952-05:00 DEBUG 92217 --- [           main] com.zaxxer.hikari.HikariConfig           : poolName........................"HikariPool-1"
2025-05-13T22:42:32.952-05:00 DEBUG 92217 --- [           main] com.zaxxer.hikari.HikariConfig           : readOnly........................false
2025-05-13T22:42:32.953-05:00 DEBUG 92217 --- [           main] com.zaxxer.hikari.HikariConfig           : registerMbeans..................false
2025-05-13T22:42:32.953-05:00 DEBUG 92217 --- [           main] com.zaxxer.hikari.HikariConfig           : scheduledExecutor...............none
2025-05-13T22:42:32.953-05:00 DEBUG 92217 --- [           main] com.zaxxer.hikari.HikariConfig           : schema..........................none
2025-05-13T22:42:32.954-05:00 DEBUG 92217 --- [           main] com.zaxxer.hikari.HikariConfig           : threadFactory...................internal
2025-05-13T22:42:32.954-05:00 DEBUG 92217 --- [           main] com.zaxxer.hikari.HikariConfig           : transactionIsolation............default
2025-05-13T22:42:32.954-05:00 DEBUG 92217 --- [           main] com.zaxxer.hikari.HikariConfig           : username........................"root"
2025-05-13T22:42:32.957-05:00 DEBUG 92217 --- [           main] com.zaxxer.hikari.HikariConfig           : validationTimeout...............5000
2025-05-13T22:42:32.958-05:00  INFO 92217 --- [           main] com.zaxxer.hikari.HikariDataSource       : HikariPool-1 - Starting...
2025-05-13T22:42:33.624-05:00 DEBUG 92217 --- [           main] jdk.event.security                       : X509Certificate: Alg:SHA256withRSA, Serial:02, Subject:CN=MySQL_Server_8.0.30_Auto_Generated_Server_Certificate, Issuer:CN=MySQL_Server_8.0.30_Auto_Generated_CA_Certificate, Key type:RSA, Length:2048, Cert Id:-540129423, Valid from:4/1/25, 7:10 PM, Valid until:3/30/35, 7:10 PM
2025-05-13T22:42:33.626-05:00 DEBUG 92217 --- [           main] jdk.event.security                       : X509Certificate: Alg:SHA256withRSA, Serial:01, Subject:CN=MySQL_Server_8.0.30_Auto_Generated_CA_Certificate, Issuer:CN=MySQL_Server_8.0.30_Auto_Generated_CA_Certificate, Key type:RSA, Length:2048, Cert Id:-1273706521, Valid from:4/1/25, 7:10 PM, Valid until:3/30/35, 7:10 PM
2025-05-13T22:42:33.650-05:00 DEBUG 92217 --- [           main] jdk.event.security                       :  TLSHandshake: localhost:3306, TLSv1.3, TLS_AES_256_GCM_SHA384, -540129423
2025-05-13T22:42:33.720-05:00  INFO 92217 --- [           main] com.zaxxer.hikari.pool.HikariPool        : HikariPool-1 - Added connection com.mysql.cj.jdbc.ConnectionImpl@654c2f81
2025-05-13T22:42:33.724-05:00  INFO 92217 --- [           main] com.zaxxer.hikari.HikariDataSource       : HikariPool-1 - Start completed.
2025-05-13T22:42:33.736-05:00 DEBUG 92217 --- [           main] o.h.e.j.e.i.JdbcEnvironmentInitiator     : Database ->
       name : MySQL
    version : 8.0.30
      major : 8
      minor : 0
2025-05-13T22:42:33.737-05:00 DEBUG 92217 --- [           main] o.h.e.j.e.i.JdbcEnvironmentInitiator     : Driver ->
       name : MySQL Connector/J
    version : mysql-connector-j-8.0.33 (Revision: 7d6b0800528b6b25c68b52dc10d6c1c8429c100c)
      major : 8
      minor : 0
2025-05-13T22:42:33.737-05:00 DEBUG 92217 --- [           main] o.h.e.j.e.i.JdbcEnvironmentInitiator     : JDBC version : 4.2
2025-05-13T22:42:33.825-05:00  WARN 92217 --- [           main] org.hibernate.orm.deprecation            : HHH90000025: MySQL8Dialect does not need to be specified explicitly using 'hibernate.dialect' (remove the property setting and it will be selected by default)
2025-05-13T22:42:33.827-05:00 DEBUG 92217 --- [           main] org.hibernate.orm.dialect                : HHH035001: Using dialect: org.hibernate.dialect.MySQL8Dialect, version: 8.0
2025-05-13T22:42:33.828-05:00  WARN 92217 --- [           main] org.hibernate.orm.deprecation            : HHH90000026: MySQL8Dialect has been deprecated; use org.hibernate.dialect.MySQLDialect instead
2025-05-13T22:42:33.829-05:00 DEBUG 92217 --- [l-1 housekeeper] com.zaxxer.hikari.pool.HikariPool        : HikariPool-1 - Pool stats (total=1, active=1, idle=0, waiting=0)
2025-05-13T22:42:33.844-05:00 DEBUG 92217 --- [           main] o.h.e.j.env.spi.IdentifierHelperBuilder  : JDBC driver metadata reported database stores quoted identifiers in more than one case
2025-05-13T22:42:33.844-05:00 DEBUG 92217 --- [           main] o.h.e.j.env.spi.IdentifierHelperBuilder  : IdentifierCaseStrategy for both quoted and unquoted identifiers was set to the same strategy [MIXED]; that will likely lead to problems in schema update and validation if using quoted identifiers
2025-05-13T22:42:33.867-05:00 DEBUG 92217 --- [onnection adder] jdk.event.security                       : X509Certificate: Alg:SHA256withRSA, Serial:02, Subject:CN=MySQL_Server_8.0.30_Auto_Generated_Server_Certificate, Issuer:CN=MySQL_Server_8.0.30_Auto_Generated_CA_Certificate, Key type:RSA, Length:2048, Cert Id:-540129423, Valid from:4/1/25, 7:10 PM, Valid until:3/30/35, 7:10 PM
2025-05-13T22:42:33.869-05:00 DEBUG 92217 --- [onnection adder] jdk.event.security                       : X509Certificate: Alg:SHA256withRSA, Serial:01, Subject:CN=MySQL_Server_8.0.30_Auto_Generated_CA_Certificate, Issuer:CN=MySQL_Server_8.0.30_Auto_Generated_CA_Certificate, Key type:RSA, Length:2048, Cert Id:-1273706521, Valid from:4/1/25, 7:10 PM, Valid until:3/30/35, 7:10 PM
2025-05-13T22:42:33.882-05:00 DEBUG 92217 --- [onnection adder] jdk.event.security                       :  TLSHandshake: localhost:3306, TLSv1.3, TLS_AES_256_GCM_SHA384, -540129423
2025-05-13T22:42:33.894-05:00 DEBUG 92217 --- [onnection adder] com.zaxxer.hikari.pool.HikariPool        : HikariPool-1 - Added connection com.mysql.cj.jdbc.ConnectionImpl@145d124a
2025-05-13T22:42:33.907-05:00 DEBUG 92217 --- [           main] o.h.t.d.sql.spi.DdlTypeRegistry          : addDescriptor(12, org.hibernate.type.descriptor.sql.internal.CapacityDependentDdlType@75345e47) replaced previous registration(org.hibernate.type.descriptor.sql.internal.CapacityDependentDdlType@36f40d72)
2025-05-13T22:42:33.907-05:00 DEBUG 92217 --- [           main] o.h.t.d.sql.spi.DdlTypeRegistry          : addDescriptor(-9, org.hibernate.type.descriptor.sql.internal.CapacityDependentDdlType@2c557eee) replaced previous registration(org.hibernate.type.descriptor.sql.internal.CapacityDependentDdlType@7c47b0f8)
2025-05-13T22:42:33.909-05:00 DEBUG 92217 --- [           main] o.h.t.d.sql.spi.DdlTypeRegistry          : addDescriptor(-3, org.hibernate.type.descriptor.sql.internal.CapacityDependentDdlType@2b561f51) replaced previous registration(org.hibernate.type.descriptor.sql.internal.CapacityDependentDdlType@3d5f08d4)
2025-05-13T22:42:33.909-05:00 DEBUG 92217 --- [           main] o.h.t.d.sql.spi.DdlTypeRegistry          : addDescriptor(4003, org.hibernate.type.descriptor.sql.internal.DdlTypeImpl@3afaa39f) replaced previous registration(org.hibernate.type.descriptor.sql.internal.DdlTypeImpl@7b7b1448)
2025-05-13T22:42:33.910-05:00 DEBUG 92217 --- [           main] o.h.t.d.sql.spi.DdlTypeRegistry          : addDescriptor(4001, org.hibernate.type.descriptor.sql.internal.DdlTypeImpl@60cc20e1) replaced previous registration(org.hibernate.type.descriptor.sql.internal.DdlTypeImpl@25109d84)
2025-05-13T22:42:33.910-05:00 DEBUG 92217 --- [           main] o.h.t.d.sql.spi.DdlTypeRegistry          : addDescriptor(4002, org.hibernate.type.descriptor.sql.internal.DdlTypeImpl@4a1934e2) replaced previous registration(org.hibernate.type.descriptor.sql.internal.DdlTypeImpl@6963b0bd)
2025-05-13T22:42:33.911-05:00 DEBUG 92217 --- [           main] o.h.t.d.sql.spi.DdlTypeRegistry          : addDescriptor(2004, org.hibernate.type.descriptor.sql.internal.CapacityDependentDdlType@68a94e58) replaced previous registration(org.hibernate.type.descriptor.sql.internal.DdlTypeImpl@49741274)
2025-05-13T22:42:33.911-05:00 DEBUG 92217 --- [           main] o.h.t.d.sql.spi.DdlTypeRegistry          : addDescriptor(2005, org.hibernate.type.descriptor.sql.internal.CapacityDependentDdlType@4a49919c) replaced previous registration(org.hibernate.type.descriptor.sql.internal.DdlTypeImpl@3e5b2630)
2025-05-13T22:42:33.911-05:00 DEBUG 92217 --- [           main] o.h.t.d.sql.spi.DdlTypeRegistry          : addDescriptor(2011, org.hibernate.type.descriptor.sql.internal.CapacityDependentDdlType@1c22642d) replaced previous registration(org.hibernate.type.descriptor.sql.internal.DdlTypeImpl@75ac326f)
2025-05-13T22:42:33.914-05:00 DEBUG 92217 --- [           main] o.h.t.d.jdbc.spi.JdbcTypeRegistry        : addDescriptor(NCharTypeDescriptor) replaced previous registration(CharTypeDescriptor)
2025-05-13T22:42:33.914-05:00 DEBUG 92217 --- [           main] o.h.t.d.jdbc.spi.JdbcTypeRegistry        : addDescriptor(NVarcharTypeDescriptor) replaced previous registration(VarcharTypeDescriptor)
2025-05-13T22:42:33.915-05:00 DEBUG 92217 --- [           main] o.h.t.d.jdbc.spi.JdbcTypeRegistry        : addDescriptor(LongNVarcharTypeDescriptor) replaced previous registration(LongVarcharTypeDescriptor)
2025-05-13T22:42:33.919-05:00 DEBUG 92217 --- [           main] o.h.t.d.jdbc.spi.JdbcTypeRegistry        : addDescriptor(NClobTypeDescriptor(DEFAULT)) replaced previous registration(ClobTypeDescriptor(DEFAULT))
2025-05-13T22:42:33.919-05:00 DEBUG 92217 --- [           main] o.h.t.d.jdbc.spi.JdbcTypeRegistry        : addDescriptor(2005, ClobTypeDescriptor(STREAM_BINDING)) replaced previous registration(ClobTypeDescriptor(DEFAULT))
2025-05-13T22:42:33.928-05:00 DEBUG 92217 --- [           main] org.hibernate.type.BasicTypeRegistry     : Adding type registration null -> org.hibernate.type.NullType@1e5e3147
2025-05-13T22:42:33.929-05:00 DEBUG 92217 --- [           main] org.hibernate.type.BasicTypeRegistry     : Type registration key [null] overrode previous entry : `org.hibernate.type.NullType@69d58731`
2025-05-13T22:42:33.930-05:00 DEBUG 92217 --- [onnection adder] jdk.event.security                       : X509Certificate: Alg:SHA256withRSA, Serial:02, Subject:CN=MySQL_Server_8.0.30_Auto_Generated_Server_Certificate, Issuer:CN=MySQL_Server_8.0.30_Auto_Generated_CA_Certificate, Key type:RSA, Length:2048, Cert Id:-540129423, Valid from:4/1/25, 7:10 PM, Valid until:3/30/35, 7:10 PM
2025-05-13T22:42:33.931-05:00 DEBUG 92217 --- [onnection adder] jdk.event.security                       : X509Certificate: Alg:SHA256withRSA, Serial:01, Subject:CN=MySQL_Server_8.0.30_Auto_Generated_CA_Certificate, Issuer:CN=MySQL_Server_8.0.30_Auto_Generated_CA_Certificate, Key type:RSA, Length:2048, Cert Id:-1273706521, Valid from:4/1/25, 7:10 PM, Valid until:3/30/35, 7:10 PM
2025-05-13T22:42:33.940-05:00 DEBUG 92217 --- [onnection adder] jdk.event.security                       :  TLSHandshake: localhost:3306, TLSv1.3, TLS_AES_256_GCM_SHA384, -540129423
2025-05-13T22:42:33.940-05:00 DEBUG 92217 --- [           main] org.hibernate.type.BasicTypeRegistry     : Adding type registration Duration -> basicType@1(java.time.Duration,2)
2025-05-13T22:42:33.940-05:00 DEBUG 92217 --- [           main] org.hibernate.type.BasicTypeRegistry     : Adding type registration java.time.Duration -> basicType@1(java.time.Duration,2)
2025-05-13T22:42:33.955-05:00 DEBUG 92217 --- [onnection adder] com.zaxxer.hikari.pool.HikariPool        : HikariPool-1 - Added connection com.mysql.cj.jdbc.ConnectionImpl@2583a40e
2025-05-13T22:42:33.959-05:00 DEBUG 92217 --- [           main] org.hibernate.type.BasicTypeRegistry     : Adding type registration org.hibernate.type.OffsetDateTimeType -> basicType@2(java.time.OffsetDateTime,3003)
2025-05-13T22:42:33.959-05:00 DEBUG 92217 --- [           main] org.hibernate.type.BasicTypeRegistry     : Adding type registration OffsetDateTime -> basicType@2(java.time.OffsetDateTime,3003)
2025-05-13T22:42:33.960-05:00 DEBUG 92217 --- [           main] org.hibernate.type.BasicTypeRegistry     : Adding type registration java.time.OffsetDateTime -> basicType@2(java.time.OffsetDateTime,3003)
2025-05-13T22:42:33.960-05:00 DEBUG 92217 --- [           main] org.hibernate.type.BasicTypeRegistry     : Adding type registration org.hibernate.type.ZonedDateTimeType -> basicType@3(java.time.ZonedDateTime,3003)
2025-05-13T22:42:33.960-05:00 DEBUG 92217 --- [           main] org.hibernate.type.BasicTypeRegistry     : Adding type registration ZonedDateTime -> basicType@3(java.time.ZonedDateTime,3003)
2025-05-13T22:42:33.961-05:00 DEBUG 92217 --- [           main] org.hibernate.type.BasicTypeRegistry     : Adding type registration java.time.ZonedDateTime -> basicType@3(java.time.ZonedDateTime,3003)
2025-05-13T22:42:33.996-05:00 DEBUG 92217 --- [           main] org.hibernate.type.BasicTypeRegistry     : Adding type registration org.hibernate.type.OffsetTimeType -> basicType@4(java.time.OffsetTime,3007)
2025-05-13T22:42:33.996-05:00 DEBUG 92217 --- [onnection adder] jdk.event.security                       : X509Certificate: Alg:SHA256withRSA, Serial:02, Subject:CN=MySQL_Server_8.0.30_Auto_Generated_Server_Certificate, Issuer:CN=MySQL_Server_8.0.30_Auto_Generated_CA_Certificate, Key type:RSA, Length:2048, Cert Id:-540129423, Valid from:4/1/25, 7:10 PM, Valid until:3/30/35, 7:10 PM
2025-05-13T22:42:33.997-05:00 DEBUG 92217 --- [           main] org.hibernate.type.BasicTypeRegistry     : Adding type registration OffsetTime -> basicType@4(java.time.OffsetTime,3007)
2025-05-13T22:42:33.998-05:00 DEBUG 92217 --- [           main] org.hibernate.type.BasicTypeRegistry     : Adding type registration java.time.OffsetTime -> basicType@4(java.time.OffsetTime,3007)
2025-05-13T22:42:33.999-05:00 DEBUG 92217 --- [onnection adder] jdk.event.security                       : X509Certificate: Alg:SHA256withRSA, Serial:01, Subject:CN=MySQL_Server_8.0.30_Auto_Generated_CA_Certificate, Issuer:CN=MySQL_Server_8.0.30_Auto_Generated_CA_Certificate, Key type:RSA, Length:2048, Cert Id:-1273706521, Valid from:4/1/25, 7:10 PM, Valid until:3/30/35, 7:10 PM
2025-05-13T22:42:34.000-05:00 DEBUG 92217 --- [           main] o.h.type.spi.TypeConfiguration$Scope     : Scoping TypeConfiguration [org.hibernate.type.spi.TypeConfiguration@a5d23c9] to MetadataBuildingContext [org.hibernate.boot.internal.MetadataBuildingContextRootImpl@795131d6]
2025-05-13T22:42:34.008-05:00 DEBUG 92217 --- [onnection adder] jdk.event.security                       :  TLSHandshake: localhost:3306, TLSv1.3, TLS_AES_256_GCM_SHA384, -540129423
2025-05-13T22:42:34.018-05:00 DEBUG 92217 --- [onnection adder] com.zaxxer.hikari.pool.HikariPool        : HikariPool-1 - Added connection com.mysql.cj.jdbc.ConnectionImpl@7472ed05
2025-05-13T22:42:34.051-05:00 DEBUG 92217 --- [onnection adder] jdk.event.security                       : X509Certificate: Alg:SHA256withRSA, Serial:02, Subject:CN=MySQL_Server_8.0.30_Auto_Generated_Server_Certificate, Issuer:CN=MySQL_Server_8.0.30_Auto_Generated_CA_Certificate, Key type:RSA, Length:2048, Cert Id:-540129423, Valid from:4/1/25, 7:10 PM, Valid until:3/30/35, 7:10 PM
[...]
2025-05-13T22:42:42.778-05:00 DEBUG 92217 --- [           main] o.s.test.util.ReflectionTestUtils        : Getting field 'requestHandler' from target object [org.springframework.security.web.csrf.CsrfFilter@5ab7e997] or target class [class org.springframework.security.web.csrf.CsrfFilter]
2025-05-13T22:42:42.780-05:00 DEBUG 92217 --- [           main] o.s.security.web.FilterChainProxy        : Securing POST /schedules/7/tasks
2025-05-13T22:42:42.784-05:00 DEBUG 92217 --- [           main] w.c.HttpSessionSecurityContextRepository : Retrieved SecurityContextImpl [Authentication=UsernamePasswordAuthenticationToken [Principal=org.springframework.security.core.userdetails.User [Username=john.doe@testmail.com, Password=[PROTECTED], Enabled=true, AccountNonExpired=true, credentialsNonExpired=true, AccountNonLocked=true, Granted Authorities=[ROLE_ADMIN]], Credentials=[PROTECTED], Authenticated=true, Details=null, Granted Authorities=[ROLE_ADMIN]]]
2025-05-13T22:42:42.791-05:00 DEBUG 92217 --- [           main] o.s.security.web.FilterChainProxy        : Secured POST /schedules/7/tasks
2025-05-13T22:42:42.792-05:00 DEBUG 92217 --- [           main] o.s.t.web.servlet.TestDispatcherServlet  : POST "/schedules/7/tasks", parameters={masked}
2025-05-13T22:42:42.794-05:00 DEBUG 92217 --- [           main] s.w.s.m.m.a.RequestMappingHandlerMapping : Mapped to com.schedule.controller.TaskController#createTask(Long, String, String, String, Long, String, LocalDateTime, RedirectAttributes, Model)
2025-05-13T22:42:42.794-05:00 DEBUG 92217 --- [           main] o.j.s.OpenEntityManagerInViewInterceptor : Opening JPA EntityManager in OpenEntityManagerInViewInterceptor
2025-05-13T22:42:42.816-05:00 DEBUG 92217 --- [           main] o.s.web.servlet.view.RedirectView        : View name 'redirect:', model {}
2025-05-13T22:42:42.817-05:00 DEBUG 92217 --- [           main] o.j.s.OpenEntityManagerInViewInterceptor : Closing JPA EntityManager in OpenEntityManagerInViewInterceptor
2025-05-13T22:42:42.817-05:00 DEBUG 92217 --- [           main] o.s.t.web.servlet.TestDispatcherServlet  : Completed 302 FOUND
2025-05-13T22:42:42.820-05:00 DEBUG 92217 --- [           main] org.springframework.test.context.cache   : Spring test ApplicationContext cache statistics: [DefaultContextCache@2d28114b size = 1, maxSize = 32, parentContextCount = 0, hitCount = 57, missCount = 1]
2025-05-13T22:42:42.820-05:00 DEBUG 92217 --- [           main] org.springframework.test.context.cache   : Spring test ApplicationContext cache statistics: [DefaultContextCache@2d28114b size = 1, maxSize = 32, parentContextCount = 0, hitCount = 58, missCount = 1]
2025-05-13T22:42:42.820-05:00 DEBUG 92217 --- [           main] org.springframework.test.context.cache   : Spring test ApplicationContext cache statistics: [DefaultContextCache@2d28114b size = 1, maxSize = 32, parentContextCount = 0, hitCount = 59, missCount = 1]
2025-05-13T22:42:42.821-05:00 DEBUG 92217 --- [           main] org.springframework.test.context.cache   : Spring test ApplicationContext cache statistics: [DefaultContextCache@2d28114b size = 1, maxSize = 32, parentContextCount = 0, hitCount = 60, missCount = 1]
2025-05-13T22:42:42.821-05:00 DEBUG 92217 --- [           main] org.springframework.test.context.cache   : Spring test ApplicationContext cache statistics: [DefaultContextCache@2d28114b size = 1, maxSize = 32, parentContextCount = 0, hitCount = 61, missCount = 1]
2025-05-13T22:42:42.823-05:00 DEBUG 92217 --- [           main] org.springframework.test.context.cache   : Spring test ApplicationContext cache statistics: [DefaultContextCache@2d28114b size = 1, maxSize = 32, parentContextCount = 0, hitCount = 62, missCount = 1]
2025-05-13T22:42:42.824-05:00 DEBUG 92217 --- [           main] org.springframework.test.context.cache   : Spring test ApplicationContext cache statistics: [DefaultContextCache@2d28114b size = 1, maxSize = 32, parentContextCount = 0, hitCount = 63, missCount = 1]
2025-05-13T22:42:42.824-05:00 DEBUG 92217 --- [           main] .c.s.DirtiesContextTestExecutionListener : After test method: class [TaskControllerTest], method [createTask], class annotated with @DirtiesContext [false] with mode [null], method annotated with @DirtiesContext [false] with mode [null]
2025-05-13T22:42:42.824-05:00 DEBUG 92217 --- [           main] o.s.t.c.w.ServletTestExecutionListener   : Resetting RequestContextHolder for test class com.schedule.controller.TaskControllerTest
]]></system-out>
  </testcase>
  <testcase name="deleteTask" classname="com.schedule.controller.TaskControllerTest" time="0.031">
    <system-out><![CDATA[2025-05-13T22:42:42.826-05:00 DEBUG 92217 --- [           main] org.springframework.test.context.cache   : Spring test ApplicationContext cache statistics: [DefaultContextCache@2d28114b size = 1, maxSize = 32, parentContextCount = 0, hitCount = 64, missCount = 1]
2025-05-13T22:42:42.826-05:00 DEBUG 92217 --- [           main] o.s.t.c.w.ServletTestExecutionListener   : Setting up MockHttpServletRequest, MockHttpServletResponse, ServletWebRequest, and RequestContextHolder for test class com.schedule.controller.TaskControllerTest
2025-05-13T22:42:42.827-05:00 DEBUG 92217 --- [           main] org.springframework.test.context.cache   : Spring test ApplicationContext cache statistics: [DefaultContextCache@2d28114b size = 1, maxSize = 32, parentContextCount = 0, hitCount = 65, missCount = 1]
2025-05-13T22:42:42.828-05:00 DEBUG 92217 --- [           main] DependencyInjectionTestExecutionListener : Performing dependency injection for test class com.schedule.controller.TaskControllerTest
2025-05-13T22:42:42.828-05:00 DEBUG 92217 --- [           main] org.springframework.test.context.cache   : Spring test ApplicationContext cache statistics: [DefaultContextCache@2d28114b size = 1, maxSize = 32, parentContextCount = 0, hitCount = 66, missCount = 1]
2025-05-13T22:42:42.829-05:00 DEBUG 92217 --- [           main] org.springframework.test.context.cache   : Spring test ApplicationContext cache statistics: [DefaultContextCache@2d28114b size = 1, maxSize = 32, parentContextCount = 0, hitCount = 67, missCount = 1]
2025-05-13T22:42:42.832-05:00 DEBUG 92217 --- [           main] sContextBeforeModesTestExecutionListener : Before test method: class [TaskControllerTest], method [deleteTask], class annotated with @DirtiesContext [false] with mode [null], method annotated with @DirtiesContext [false] with mode [null]
2025-05-13T22:42:42.832-05:00 DEBUG 92217 --- [           main] org.springframework.test.context.cache   : Spring test ApplicationContext cache statistics: [DefaultContextCache@2d28114b size = 1, maxSize = 32, parentContextCount = 0, hitCount = 68, missCount = 1]
2025-05-13T22:42:42.832-05:00 DEBUG 92217 --- [           main] org.springframework.test.context.cache   : Spring test ApplicationContext cache statistics: [DefaultContextCache@2d28114b size = 1, maxSize = 32, parentContextCount = 0, hitCount = 69, missCount = 1]
2025-05-13T22:42:42.833-05:00 DEBUG 92217 --- [           main] org.springframework.test.context.cache   : Spring test ApplicationContext cache statistics: [DefaultContextCache@2d28114b size = 1, maxSize = 32, parentContextCount = 0, hitCount = 70, missCount = 1]
2025-05-13T22:42:42.834-05:00 DEBUG 92217 --- [           main] org.springframework.test.context.cache   : Spring test ApplicationContext cache statistics: [DefaultContextCache@2d28114b size = 1, maxSize = 32, parentContextCount = 0, hitCount = 71, missCount = 1]
2025-05-13T22:42:42.836-05:00 DEBUG 92217 --- [           main] org.springframework.test.context.cache   : Spring test ApplicationContext cache statistics: [DefaultContextCache@2d28114b size = 1, maxSize = 32, parentContextCount = 0, hitCount = 72, missCount = 1]
2025-05-13T22:42:42.837-05:00 DEBUG 92217 --- [           main] o.s.test.util.ReflectionTestUtils        : Invoking method 'getFilters' on target object [FilterChainProxy[Filter Chains: [DefaultSecurityFilterChain [RequestMatcher=any request, Filters=[org.springframework.security.web.session.DisableEncodeUrlFilter@4e7e7763, org.springframework.security.web.context.request.async.WebAsyncManagerIntegrationFilter@4ecc4b43, org.springframework.security.web.context.SecurityContextHolderFilter@19487d13, org.springframework.security.web.header.HeaderWriterFilter@44e19b99, org.springframework.security.web.csrf.CsrfFilter@5ab7e997, org.springframework.security.web.authentication.logout.LogoutFilter@396a4dea, org.springframework.security.web.authentication.UsernamePasswordAuthenticationFilter@6a0d47e8, org.springframework.security.web.savedrequest.RequestCacheAwareFilter@47d7e8b5, org.springframework.security.web.servletapi.SecurityContextHolderAwareRequestFilter@27f43664, org.springframework.security.web.authentication.AnonymousAuthenticationFilter@6f8281e6, org.springframework.security.web.access.ExceptionTranslationFilter@49467fc6, org.springframework.security.web.access.intercept.AuthorizationFilter@179cdf4f]]]]] or target class [null] with arguments {org.springframework.mock.web.MockHttpServletRequest@1026770d}
2025-05-13T22:42:42.838-05:00 DEBUG 92217 --- [           main] o.s.test.util.ReflectionTestUtils        : Invoking method 'getFilters' on target object [FilterChainProxy[Filter Chains: [DefaultSecurityFilterChain [RequestMatcher=any request, Filters=[org.springframework.security.web.session.DisableEncodeUrlFilter@4e7e7763, org.springframework.security.web.context.request.async.WebAsyncManagerIntegrationFilter@4ecc4b43, org.springframework.security.web.context.SecurityContextHolderFilter@19487d13, org.springframework.security.web.header.HeaderWriterFilter@44e19b99, org.springframework.security.web.csrf.CsrfFilter@5ab7e997, org.springframework.security.web.authentication.logout.LogoutFilter@396a4dea, org.springframework.security.web.authentication.UsernamePasswordAuthenticationFilter@6a0d47e8, org.springframework.security.web.savedrequest.RequestCacheAwareFilter@47d7e8b5, org.springframework.security.web.servletapi.SecurityContextHolderAwareRequestFilter@27f43664, org.springframework.security.web.authentication.AnonymousAuthenticationFilter@6f8281e6, org.springframework.security.web.access.ExceptionTranslationFilter@49467fc6, org.springframework.security.web.access.intercept.AuthorizationFilter@179cdf4f]]]]] or target class [null] with arguments {org.springframework.mock.web.MockHttpServletRequest@1026770d}
2025-05-13T22:42:42.838-05:00 DEBUG 92217 --- [           main] o.s.test.util.ReflectionTestUtils        : Getting field 'securityContextRepository' from target object [org.springframework.security.web.context.SecurityContextHolderFilter@19487d13] or target class [class org.springframework.security.web.context.SecurityContextHolderFilter]
2025-05-13T22:42:42.838-05:00 DEBUG 92217 --- [           main] w.c.HttpSessionSecurityContextRepository : Created HttpSession as SecurityContext is non-default
2025-05-13T22:42:42.839-05:00 DEBUG 92217 --- [           main] w.c.HttpSessionSecurityContextRepository : Stored SecurityContextImpl [Authentication=UsernamePasswordAuthenticationToken [Principal=org.springframework.security.core.userdetails.User [Username=john.doe@testmail.com, Password=[PROTECTED], Enabled=true, AccountNonExpired=true, credentialsNonExpired=true, AccountNonLocked=true, Granted Authorities=[ROLE_ADMIN]], Credentials=[PROTECTED], Authenticated=true, Details=null, Granted Authorities=[ROLE_ADMIN]]] to HttpSession [org.springframework.mock.web.MockHttpSession@45a824d]
2025-05-13T22:42:42.839-05:00 DEBUG 92217 --- [           main] o.s.test.util.ReflectionTestUtils        : Invoking method 'getFilters' on target object [FilterChainProxy[Filter Chains: [DefaultSecurityFilterChain [RequestMatcher=any request, Filters=[org.springframework.security.web.session.DisableEncodeUrlFilter@4e7e7763, org.springframework.security.web.context.request.async.WebAsyncManagerIntegrationFilter@4ecc4b43, org.springframework.security.web.context.SecurityContextHolderFilter@19487d13, org.springframework.security.web.header.HeaderWriterFilter@44e19b99, org.springframework.security.web.csrf.CsrfFilter@5ab7e997, org.springframework.security.web.authentication.logout.LogoutFilter@396a4dea, org.springframework.security.web.authentication.UsernamePasswordAuthenticationFilter@6a0d47e8, org.springframework.security.web.savedrequest.RequestCacheAwareFilter@47d7e8b5, org.springframework.security.web.servletapi.SecurityContextHolderAwareRequestFilter@27f43664, org.springframework.security.web.authentication.AnonymousAuthenticationFilter@6f8281e6, org.springframework.security.web.access.ExceptionTranslationFilter@49467fc6, org.springframework.security.web.access.intercept.AuthorizationFilter@179cdf4f]]]]] or target class [null] with arguments {org.springframework.mock.web.MockHttpServletRequest@1026770d}
2025-05-13T22:42:42.839-05:00 DEBUG 92217 --- [           main] o.s.test.util.ReflectionTestUtils        : Getting field 'tokenRepository' from target object [org.springframework.security.web.csrf.CsrfFilter@5ab7e997] or target class [class org.springframework.security.web.csrf.CsrfFilter]
2025-05-13T22:42:42.839-05:00 DEBUG 92217 --- [           main] o.s.test.util.ReflectionTestUtils        : Invoking method 'getFilters' on target object [FilterChainProxy[Filter Chains: [DefaultSecurityFilterChain [RequestMatcher=any request, Filters=[org.springframework.security.web.session.DisableEncodeUrlFilter@4e7e7763, org.springframework.security.web.context.request.async.WebAsyncManagerIntegrationFilter@4ecc4b43, org.springframework.security.web.context.SecurityContextHolderFilter@19487d13, org.springframework.security.web.header.HeaderWriterFilter@44e19b99, org.springframework.security.web.csrf.CsrfFilter@5ab7e997, org.springframework.security.web.authentication.logout.LogoutFilter@396a4dea, org.springframework.security.web.authentication.UsernamePasswordAuthenticationFilter@6a0d47e8, org.springframework.security.web.savedrequest.RequestCacheAwareFilter@47d7e8b5, org.springframework.security.web.servletapi.SecurityContextHolderAwareRequestFilter@27f43664, org.springframework.security.web.authentication.AnonymousAuthenticationFilter@6f8281e6, org.springframework.security.web.access.ExceptionTranslationFilter@49467fc6, org.springframework.security.web.access.intercept.AuthorizationFilter@179cdf4f]]]]] or target class [null] with arguments {org.springframework.mock.web.MockHttpServletRequest@1026770d}
2025-05-13T22:42:42.839-05:00 DEBUG 92217 --- [           main] o.s.test.util.ReflectionTestUtils        : Getting field 'requestHandler' from target object [org.springframework.security.web.csrf.CsrfFilter@5ab7e997] or target class [class org.springframework.security.web.csrf.CsrfFilter]
2025-05-13T22:42:42.841-05:00 DEBUG 92217 --- [           main] o.s.security.web.FilterChainProxy        : Securing POST /delete-task
2025-05-13T22:42:42.844-05:00 DEBUG 92217 --- [           main] w.c.HttpSessionSecurityContextRepository : Retrieved SecurityContextImpl [Authentication=UsernamePasswordAuthenticationToken [Principal=org.springframework.security.core.userdetails.User [Username=john.doe@testmail.com, Password=[PROTECTED], Enabled=true, AccountNonExpired=true, credentialsNonExpired=true, AccountNonLocked=true, Granted Authorities=[ROLE_ADMIN]], Credentials=[PROTECTED], Authenticated=true, Details=null, Granted Authorities=[ROLE_ADMIN]]]
2025-05-13T22:42:42.845-05:00 DEBUG 92217 --- [           main] o.s.security.web.FilterChainProxy        : Secured POST /delete-task
2025-05-13T22:42:42.845-05:00 DEBUG 92217 --- [           main] o.s.t.web.servlet.TestDispatcherServlet  : POST "/delete-task", parameters={masked}
2025-05-13T22:42:42.846-05:00 DEBUG 92217 --- [           main] s.w.s.m.m.a.RequestMappingHandlerMapping : Mapped to com.schedule.controller.TaskController#deleteTask(Long, Long, RedirectAttributes)
2025-05-13T22:42:42.846-05:00 DEBUG 92217 --- [           main] o.j.s.OpenEntityManagerInViewInterceptor : Opening JPA EntityManager in OpenEntityManagerInViewInterceptor
2025-05-13T22:42:42.852-05:00 DEBUG 92217 --- [           main] o.s.web.servlet.view.RedirectView        : View name 'redirect:', model {}
2025-05-13T22:42:42.853-05:00 DEBUG 92217 --- [           main] o.j.s.OpenEntityManagerInViewInterceptor : Closing JPA EntityManager in OpenEntityManagerInViewInterceptor
2025-05-13T22:42:42.853-05:00 DEBUG 92217 --- [           main] o.s.t.web.servlet.TestDispatcherServlet  : Completed 302 FOUND
2025-05-13T22:42:42.855-05:00 DEBUG 92217 --- [           main] org.springframework.test.context.cache   : Spring test ApplicationContext cache statistics: [DefaultContextCache@2d28114b size = 1, maxSize = 32, parentContextCount = 0, hitCount = 73, missCount = 1]
2025-05-13T22:42:42.856-05:00 DEBUG 92217 --- [           main] org.springframework.test.context.cache   : Spring test ApplicationContext cache statistics: [DefaultContextCache@2d28114b size = 1, maxSize = 32, parentContextCount = 0, hitCount = 74, missCount = 1]
2025-05-13T22:42:42.856-05:00 DEBUG 92217 --- [           main] org.springframework.test.context.cache   : Spring test ApplicationContext cache statistics: [DefaultContextCache@2d28114b size = 1, maxSize = 32, parentContextCount = 0, hitCount = 75, missCount = 1]
2025-05-13T22:42:42.856-05:00 DEBUG 92217 --- [           main] org.springframework.test.context.cache   : Spring test ApplicationContext cache statistics: [DefaultContextCache@2d28114b size = 1, maxSize = 32, parentContextCount = 0, hitCount = 76, missCount = 1]
2025-05-13T22:42:42.859-05:00 DEBUG 92217 --- [           main] org.springframework.test.context.cache   : Spring test ApplicationContext cache statistics: [DefaultContextCache@2d28114b size = 1, maxSize = 32, parentContextCount = 0, hitCount = 77, missCount = 1]
2025-05-13T22:42:42.861-05:00 DEBUG 92217 --- [           main] org.springframework.test.context.cache   : Spring test ApplicationContext cache statistics: [DefaultContextCache@2d28114b size = 1, maxSize = 32, parentContextCount = 0, hitCount = 78, missCount = 1]
2025-05-13T22:42:42.861-05:00 DEBUG 92217 --- [           main] org.springframework.test.context.cache   : Spring test ApplicationContext cache statistics: [DefaultContextCache@2d28114b size = 1, maxSize = 32, parentContextCount = 0, hitCount = 79, missCount = 1]
2025-05-13T22:42:42.861-05:00 DEBUG 92217 --- [           main] .c.s.DirtiesContextTestExecutionListener : After test method: class [TaskControllerTest], method [deleteTask], class annotated with @DirtiesContext [false] with mode [null], method annotated with @DirtiesContext [false] with mode [null]
2025-05-13T22:42:42.861-05:00 DEBUG 92217 --- [           main] o.s.t.c.w.ServletTestExecutionListener   : Resetting RequestContextHolder for test class com.schedule.controller.TaskControllerTest
]]></system-out>
  </testcase>
</testsuite>